Log file open, 12/13/18 22:39:05
LogWindows: Failed to load 'aqProf.dll' (GetLastError=126)
LogWindows: File 'aqProf.dll' does not exist
LogWindows: Failed to load 'VtuneApi.dll' (GetLastError=126)
LogWindows: File 'VtuneApi.dll' does not exist
LogWindows: Failed to load 'VtuneApi32e.dll' (GetLastError=126)
LogWindows: File 'VtuneApi32e.dll' does not exist
LogInit: Display: Running engine for game: Corporate_America
LogPlatformFile: Not using cached read wrapper
LogInit: Display: RandInit(24267681) SRandInit(24267681).
LogInit: Read version file with build ID '3944462'
LogInit: Overriding engine version to CL 4033788, compatible CL 3944462
LogInit: Registered custom module enumerator with build ID '3944462'
LogTaskGraph: Started task graph with 5 named threads and 23 total threads with 3 sets of task threads.
LogStats: Stats thread started at 0.282817
LogD3D11RHI: Aftermath initialized
LogICUInternationalization: Display: ICU TimeZone Detection - Raw Offset: -5:00, Platform Override: ''
LogPluginManager: Mounting plugin Paper2D
LogPluginManager: Mounting plugin LiveLink
LogPluginManager: Mounting plugin LightPropagationVolume
LogPluginManager: Mounting plugin CLionSourceCodeAccess
LogPluginManager: Mounting plugin CodeLiteSourceCodeAccess
LogPluginManager: Mounting plugin GitSourceControl
LogPluginManager: Mounting plugin KDevelopSourceCodeAccess
LogPluginManager: Mounting plugin NullSourceCodeAccess
LogPluginManager: Mounting plugin PerforceSourceControl
LogPluginManager: Mounting plugin SubversionSourceControl
LogPluginManager: Mounting plugin UObjectPlugin
LogPluginManager: Mounting plugin VisualStudioCodeSourceCodeAccess
LogPluginManager: Mounting plugin VisualStudioSourceCodeAccess
LogPluginManager: Mounting plugin XCodeSourceCodeAccess
LogPluginManager: Mounting plugin AssetManagerEditor
LogPluginManager: Mounting plugin CryptoKeys
LogPluginManager: Mounting plugin DataValidation
LogPluginManager: Mounting plugin FacialAnimation
LogPluginManager: Mounting plugin GameplayTagsEditor
LogPluginManager: Mounting plugin MobileLauncherProfileWizard
LogPluginManager: Mounting plugin PluginBrowser
LogPluginManager: Mounting plugin SpeedTreeImporter
LogPluginManager: Mounting plugin DatasmithContent
LogPluginManager: Mounting plugin AlembicImporter
LogPluginManager: Mounting plugin CharacterAI
LogPluginManager: Mounting plugin HTML5Networking
LogPluginManager: Mounting plugin AndroidMedia
LogPluginManager: Mounting plugin AvfMedia
LogPluginManager: Mounting plugin ImgMedia
LogPluginManager: Mounting plugin LinearTimecode
LogPluginManager: Mounting plugin MediaCompositing
LogPluginManager: Mounting plugin MediaPlayerEditor
LogPluginManager: Mounting plugin WmfMedia
LogPluginManager: Mounting plugin TcpMessaging
LogPluginManager: Mounting plugin UdpMessaging
LogPluginManager: Mounting plugin ActorSequence
LogPluginManager: Mounting plugin LevelSequenceEditor
LogPluginManager: Mounting plugin MatineeToLevelSequence
LogPluginManager: Mounting plugin NetcodeUnitTest
LogPluginManager: Mounting plugin NUTUnrealEngine4
LogPluginManager: Mounting plugin OnlineSubsystemGooglePlay
LogPluginManager: Mounting plugin OnlineSubsystemIOS
LogPluginManager: Mounting plugin OnlineSubsystem
LogPluginManager: Mounting plugin OnlineSubsystemNull
LogPluginManager: Mounting plugin OnlineSubsystemSteam
LogPluginManager: Mounting plugin OnlineSubsystemUtils
LogPluginManager: Mounting plugin AndroidDeviceProfileSelector
LogPluginManager: Mounting plugin AndroidMoviePlayer
LogPluginManager: Mounting plugin AndroidPermission
LogPluginManager: Mounting plugin AppleARKit
LogPluginManager: Mounting plugin AppleMoviePlayer
LogPluginManager: Mounting plugin ArchVisCharacter
LogPluginManager: Mounting plugin AudioCapture
LogPluginManager: Mounting plugin CableComponent
LogPluginManager: Mounting plugin CustomMeshComponent
LogPluginManager: Mounting plugin ExampleDeviceProfileSelector
LogPluginManager: Mounting plugin GoogleCloudMessaging
LogPluginManager: Mounting plugin ImmediatePhysics
LogPluginManager: Mounting plugin IOSDeviceProfileSelector
LogPluginManager: Mounting plugin LinuxDeviceProfileSelector
LogPluginManager: Mounting plugin LocationServicesBPLibrary
LogPluginManager: Mounting plugin MobilePatchingUtils
LogPluginManager: Mounting plugin OculusVR
LogPluginManager: Plugin shader directory ../../../Engine/Plugins/Runtime/Oculus/OculusVR/Shaders found
LogPluginManager: Mapping shader source directory ../../../Engine/Plugins/Runtime/Oculus/OculusVR/Shaders to virtual directory /Plugin/OculusVR
LogPluginManager: Mounting plugin PhysXVehicles
LogPluginManager: Mounting plugin ProceduralMeshComponent
LogPluginManager: Mounting plugin RuntimePhysXCooking
LogPluginManager: Mounting plugin SteamVR
LogPluginManager: Mounting plugin WindowsMoviePlayer
LogStreaming: Display: Took  0.260s to configure plugins.
LogModuleManager: Display: Found up-to-date module file D:/Corporate America/CorporateAmerica/Corporate_America/Binaries/Win64/UE4Editor-Corporate_America.dll (API version 3944462).
LogModuleManager: Display: Found up-to-date module file ../../../Engine/Plugins/2D/Paper2D/Binaries/Win64/UE4Editor-Paper2D.dll (API version 3944462).
LogModuleManager: Display: Found up-to-date module file ../../../Engine/Plugins/2D/Paper2D/Binaries/Win64/UE4Editor-Paper2DEditor.dll (API version 3944462).
LogModuleManager: Display: Found up-to-date module file ../../../Engine/Plugins/2D/Paper2D/Binaries/Win64/UE4Editor-PaperSpriteSheetImporter.dll (API version 3944462).
LogModuleManager: Display: Found up-to-date module file ../../../Engine/Plugins/2D/Paper2D/Binaries/Win64/UE4Editor-PaperTiledImporter.dll (API version 3944462).
LogModuleManager: Display: Found up-to-date module file ../../../Engine/Plugins/2D/Paper2D/Binaries/Win64/UE4Editor-SmartSnapping.dll (API version 3944462).
LogModuleManager: Display: Found up-to-date module file ../../../Engine/Plugins/Animation/LiveLink/Binaries/Win64/UE4Editor-LiveLink.dll (API version 3944462).
LogModuleManager: Display: Found up-to-date module file ../../../Engine/Plugins/Animation/LiveLink/Binaries/Win64/UE4Editor-LiveLinkEditor.dll (API version 3944462).
LogModuleManager: Display: Found up-to-date module file ../../../Engine/Plugins/Blendables/LightPropagationVolume/Binaries/Win64/UE4Editor-LightPropagationVolumeRuntime.dll (API version 3944462).
LogModuleManager: Display: Found up-to-date module file ../../../Engine/Plugins/Blendables/LightPropagationVolume/Binaries/Win64/UE4Editor-LightPropagationVolumeEditor.dll (API version 3944462).
LogModuleManager: Display: Found up-to-date module file ../../../Engine/Plugins/Developer/CLionSourceCodeAccess/Binaries/Win64/UE4Editor-CLionSourceCodeAccess.dll (API version 3944462).
LogModuleManager: Display: Found up-to-date module file ../../../Engine/Plugins/Developer/GitSourceControl/Binaries/Win64/UE4Editor-GitSourceControl.dll (API version 3944462).
LogModuleManager: Display: Found up-to-date module file ../../../Engine/Plugins/Developer/PerforceSourceControl/Binaries/Win64/UE4Editor-PerforceSourceControl.dll (API version 3944462).
LogModuleManager: Display: Found up-to-date module file ../../../Engine/Plugins/Developer/SubversionSourceControl/Binaries/Win64/UE4Editor-SubversionSourceControl.dll (API version 3944462).
LogModuleManager: Display: Found up-to-date module file ../../../Engine/Plugins/Developer/UObjectPlugin/Binaries/Win64/UE4Editor-UObjectPlugin.dll (API version 3944462).
LogModuleManager: Display: Found up-to-date module file ../../../Engine/Plugins/Developer/VisualStudioCodeSourceCodeAccess/Binaries/Win64/UE4Editor-VisualStudioCodeSourceCodeAccess.dll (API version 3944462).
LogModuleManager: Display: Found up-to-date module file ../../../Engine/Plugins/Developer/VisualStudioSourceCodeAccess/Binaries/Win64/UE4Editor-VisualStudioSourceCodeAccess.dll (API version 3944462).
LogModuleManager: Display: Found up-to-date module file ../../../Engine/Plugins/Editor/AssetManagerEditor/Binaries/Win64/UE4Editor-AssetManagerEditor.dll (API version 3944462).
LogModuleManager: Display: Found up-to-date module file ../../../Engine/Plugins/Editor/CryptoKeys/Binaries/Win64/UE4Editor-CryptoKeys.dll (API version 3944462).
LogModuleManager: Display: Found up-to-date module file ../../../Engine/Plugins/Editor/CryptoKeys/Binaries/Win64/UE4Editor-CryptoKeysOpenSSL.dll (API version 3944462).
LogModuleManager: Display: Found up-to-date module file ../../../Engine/Plugins/Editor/DataValidation/Binaries/Win64/UE4Editor-DataValidation.dll (API version 3944462).
LogModuleManager: Display: Found up-to-date module file ../../../Engine/Plugins/Editor/FacialAnimation/Binaries/Win64/UE4Editor-FacialAnimation.dll (API version 3944462).
LogModuleManager: Display: Found up-to-date module file ../../../Engine/Plugins/Editor/FacialAnimation/Binaries/Win64/UE4Editor-FacialAnimationEditor.dll (API version 3944462).
LogModuleManager: Display: Found up-to-date module file ../../../Engine/Plugins/Editor/GameplayTagsEditor/Binaries/Win64/UE4Editor-GameplayTagsEditor.dll (API version 3944462).
LogModuleManager: Display: Found up-to-date module file ../../../Engine/Plugins/Editor/MobileLauncherProfileWizard/Binaries/Win64/UE4Editor-MobileLauncherProfileWizard.dll (API version 3944462).
LogModuleManager: Display: Found up-to-date module file ../../../Engine/Plugins/Editor/PluginBrowser/Binaries/Win64/UE4Editor-PluginBrowser.dll (API version 3944462).
LogModuleManager: Display: Found up-to-date module file ../../../Engine/Plugins/Editor/SpeedTreeImporter/Binaries/Win64/UE4Editor-SpeedTreeImporter.dll (API version 3944462).
LogModuleManager: Display: Found up-to-date module file ../../../Engine/Plugins/Enterprise/DatasmithContent/Binaries/Win64/UE4Editor-DatasmithContent.dll (API version 3944462).
LogModuleManager: Display: Found up-to-date module file ../../../Engine/Plugins/Experimental/AlembicImporter/Binaries/Win64/UE4Editor-AlembicImporter.dll (API version 3944462).
LogModuleManager: Display: Found up-to-date module file ../../../Engine/Plugins/Experimental/AlembicImporter/Binaries/Win64/UE4Editor-AlembicLibrary.dll (API version 3944462).
LogModuleManager: Display: Found up-to-date module file ../../../Engine/Plugins/Experimental/CharacterAI/Binaries/Win64/UE4Editor-CharacterAI.dll (API version 3944462).
LogModuleManager: Display: Found up-to-date module file ../../../Engine/Plugins/Experimental/HTML5Networking/Binaries/Win64/UE4Editor-HTML5Networking.dll (API version 3944462).
LogModuleManager: Display: Found up-to-date module file ../../../Engine/Plugins/Media/AndroidMedia/Binaries/Win64/UE4Editor-AndroidMediaEditor.dll (API version 3944462).
LogModuleManager: Display: Found up-to-date module file ../../../Engine/Plugins/Media/AndroidMedia/Binaries/Win64/UE4Editor-AndroidMediaFactory.dll (API version 3944462).
LogModuleManager: Display: Found up-to-date module file ../../../Engine/Plugins/Media/AvfMedia/Binaries/Win64/UE4Editor-AvfMediaEditor.dll (API version 3944462).
LogModuleManager: Display: Found up-to-date module file ../../../Engine/Plugins/Media/AvfMedia/Binaries/Win64/UE4Editor-AvfMediaFactory.dll (API version 3944462).
LogModuleManager: Display: Found up-to-date module file ../../../Engine/Plugins/Media/AvfMedia/Binaries/Win64/UE4Editor-AvfMediaFactory.dll (API version 3944462).
LogModuleManager: Display: Found up-to-date module file ../../../Engine/Plugins/Media/ImgMedia/Binaries/Win64/UE4Editor-ImgMedia.dll (API version 3944462).
LogModuleManager: Display: Found up-to-date module file ../../../Engine/Plugins/Media/ImgMedia/Binaries/Win64/UE4Editor-ImgMediaEditor.dll (API version 3944462).
LogModuleManager: Display: Found up-to-date module file ../../../Engine/Plugins/Media/ImgMedia/Binaries/Win64/UE4Editor-ImgMediaFactory.dll (API version 3944462).
LogModuleManager: Display: Found up-to-date module file ../../../Engine/Plugins/Media/ImgMedia/Binaries/Win64/UE4Editor-ImgMediaFactory.dll (API version 3944462).
LogModuleManager: Display: Found up-to-date module file ../../../Engine/Plugins/Media/ImgMedia/Binaries/Win64/UE4Editor-OpenExrWrapper.dll (API version 3944462).
LogModuleManager: Display: Found up-to-date module file ../../../Engine/Plugins/Media/LinearTimecode/Binaries/Win64/UE4Editor-LinearTimecode.dll (API version 3944462).
LogModuleManager: Display: Found up-to-date module file ../../../Engine/Plugins/Media/MediaCompositing/Binaries/Win64/UE4Editor-MediaCompositing.dll (API version 3944462).
LogModuleManager: Display: Found up-to-date module file ../../../Engine/Plugins/Media/MediaCompositing/Binaries/Win64/UE4Editor-MediaCompositingEditor.dll (API version 3944462).
LogModuleManager: Display: Found up-to-date module file ../../../Engine/Plugins/Media/MediaPlayerEditor/Binaries/Win64/UE4Editor-MediaPlayerEditor.dll (API version 3944462).
LogModuleManager: Display: Found up-to-date module file ../../../Engine/Plugins/Media/WmfMedia/Binaries/Win64/UE4Editor-WmfMedia.dll (API version 3944462).
LogModuleManager: Display: Found up-to-date module file ../../../Engine/Plugins/Media/WmfMedia/Binaries/Win64/UE4Editor-WmfMediaEditor.dll (API version 3944462).
LogModuleManager: Display: Found up-to-date module file ../../../Engine/Plugins/Media/WmfMedia/Binaries/Win64/UE4Editor-WmfMediaFactory.dll (API version 3944462).
LogModuleManager: Display: Found up-to-date module file ../../../Engine/Plugins/Media/WmfMedia/Binaries/Win64/UE4Editor-WmfMediaFactory.dll (API version 3944462).
LogModuleManager: Display: Found up-to-date module file ../../../Engine/Plugins/Messaging/TcpMessaging/Binaries/Win64/UE4Editor-TcpMessaging.dll (API version 3944462).
LogModuleManager: Display: Found up-to-date module file ../../../Engine/Plugins/Messaging/UdpMessaging/Binaries/Win64/UE4Editor-UdpMessaging.dll (API version 3944462).
LogModuleManager: Display: Found up-to-date module file ../../../Engine/Plugins/MovieScene/ActorSequence/Binaries/Win64/UE4Editor-ActorSequence.dll (API version 3944462).
LogModuleManager: Display: Found up-to-date module file ../../../Engine/Plugins/MovieScene/LevelSequenceEditor/Binaries/Win64/UE4Editor-LevelSequenceEditor.dll (API version 3944462).
LogModuleManager: Display: Found up-to-date module file ../../../Engine/Plugins/MovieScene/MatineeToLevelSequence/Binaries/Win64/UE4Editor-MatineeToLevelSequence.dll (API version 3944462).
LogModuleManager: Display: Found up-to-date module file ../../../Engine/Plugins/NetcodeUnitTest/NetcodeUnitTest/Binaries/Win64/UE4Editor-NetcodeUnitTest.dll (API version 3944462).
LogModuleManager: Display: Found up-to-date module file ../../../Engine/Plugins/NetcodeUnitTest/NUTUnrealEngine4/Binaries/Win64/UE4Editor-NUTUnrealEngine4.dll (API version 3944462).
LogModuleManager: Display: Found up-to-date module file ../../../Engine/Plugins/Online/OnlineSubsystem/Binaries/Win64/UE4Editor-OnlineSubsystem.dll (API version 3944462).
LogModuleManager: Display: Found up-to-date module file ../../../Engine/Plugins/Online/OnlineSubsystemNull/Binaries/Win64/UE4Editor-OnlineSubsystemNull.dll (API version 3944462).
LogModuleManager: Display: Found up-to-date module file ../../../Engine/Plugins/Online/OnlineSubsystemSteam/Binaries/Win64/UE4Editor-OnlineSubsystemSteam.dll (API version 3944462).
LogModuleManager: Display: Found up-to-date module file ../../../Engine/Plugins/Online/OnlineSubsystemUtils/Binaries/Win64/UE4Editor-OnlineSubsystemUtils.dll (API version 3944462).
LogModuleManager: Display: Found up-to-date module file ../../../Engine/Plugins/Online/OnlineSubsystemUtils/Binaries/Win64/UE4Editor-OnlineBlueprintSupport.dll (API version 3944462).
LogModuleManager: Display: Found up-to-date module file ../../../Engine/Plugins/Runtime/AndroidDeviceProfileSelector/Binaries/Win64/UE4Editor-AndroidDeviceProfileSelector.dll (API version 3944462).
LogModuleManager: Display: Found up-to-date module file ../../../Engine/Plugins/Runtime/AndroidPermission/Binaries/Win64/UE4Editor-AndroidPermission.dll (API version 3944462).
LogModuleManager: Display: Found up-to-date module file ../../../Engine/Plugins/Runtime/AppleARKit/Binaries/Win64/UE4Editor-AppleARKit.dll (API version 3944462).
LogModuleManager: Display: Found up-to-date module file ../../../Engine/Plugins/Runtime/ArchVisCharacter/Binaries/Win64/UE4Editor-ArchVisCharacter.dll (API version 3944462).
LogModuleManager: Display: Found up-to-date module file ../../../Engine/Plugins/Runtime/AudioCapture/Binaries/Win64/UE4Editor-AudioCapture.dll (API version 3944462).
LogModuleManager: Display: Found up-to-date module file ../../../Engine/Plugins/Runtime/AudioCapture/Binaries/Win64/UE4Editor-AudioCaptureEditor.dll (API version 3944462).
LogModuleManager: Display: Found up-to-date module file ../../../Engine/Plugins/Runtime/CableComponent/Binaries/Win64/UE4Editor-CableComponent.dll (API version 3944462).
LogModuleManager: Display: Found up-to-date module file ../../../Engine/Plugins/Runtime/CustomMeshComponent/Binaries/Win64/UE4Editor-CustomMeshComponent.dll (API version 3944462).
LogModuleManager: Display: Found up-to-date module file ../../../Engine/Plugins/Runtime/ExampleDeviceProfileSelector/Binaries/Win64/UE4Editor-ExampleDeviceProfileSelector.dll (API version 3944462).
LogModuleManager: Display: Found up-to-date module file ../../../Engine/Plugins/Runtime/ImmediatePhysics/Binaries/Win64/UE4Editor-ImmediatePhysics.dll (API version 3944462).
LogModuleManager: Display: Found up-to-date module file ../../../Engine/Plugins/Runtime/ImmediatePhysics/Binaries/Win64/UE4Editor-ImmediatePhysicsEditor.dll (API version 3944462).
LogModuleManager: Display: Found up-to-date module file ../../../Engine/Plugins/Runtime/LocationServicesBPLibrary/Binaries/Win64/UE4Editor-LocationServicesBPLibrary.dll (API version 3944462).
LogModuleManager: Display: Found up-to-date module file ../../../Engine/Plugins/Runtime/MobilePatchingUtils/Binaries/Win64/UE4Editor-MobilePatchingUtils.dll (API version 3944462).
LogModuleManager: Display: Found up-to-date module file ../../../Engine/Plugins/Runtime/Oculus/OculusVR/Binaries/Win64/UE4Editor-OculusHMD.dll (API version 3944462).
LogModuleManager: Display: Found up-to-date module file ../../../Engine/Plugins/Runtime/Oculus/OculusVR/Binaries/Win64/UE4Editor-OculusInput.dll (API version 3944462).
LogModuleManager: Display: Found up-to-date module file ../../../Engine/Plugins/Runtime/Oculus/OculusVR/Binaries/Win64/UE4Editor-OculusEditor.dll (API version 3944462).
LogModuleManager: Display: Found up-to-date module file ../../../Engine/Plugins/Runtime/PhysXVehicles/Binaries/Win64/UE4Editor-PhysXVehicles.dll (API version 3944462).
LogModuleManager: Display: Found up-to-date module file ../../../Engine/Plugins/Runtime/PhysXVehicles/Binaries/Win64/UE4Editor-PhysXVehiclesEditor.dll (API version 3944462).
LogModuleManager: Display: Found up-to-date module file ../../../Engine/Plugins/Runtime/ProceduralMeshComponent/Binaries/Win64/UE4Editor-ProceduralMeshComponent.dll (API version 3944462).
LogModuleManager: Display: Found up-to-date module file ../../../Engine/Plugins/Runtime/ProceduralMeshComponent/Binaries/Win64/UE4Editor-ProceduralMeshComponentEditor.dll (API version 3944462).
LogModuleManager: Display: Found up-to-date module file ../../../Engine/Plugins/Runtime/RuntimePhysXCooking/Binaries/Win64/UE4Editor-RuntimePhysXCooking.dll (API version 3944462).
LogModuleManager: Display: Found up-to-date module file ../../../Engine/Plugins/Runtime/Steam/SteamVR/Binaries/Win64/UE4Editor-SteamVR.dll (API version 3944462).
LogModuleManager: Display: Found up-to-date module file ../../../Engine/Plugins/Runtime/Steam/SteamVR/Binaries/Win64/UE4Editor-SteamVRController.dll (API version 3944462).
LogModuleManager: Display: Found up-to-date module file ../../../Engine/Plugins/Runtime/WindowsMoviePlayer/Binaries/Win64/UE4Editor-WindowsMoviePlayer.dll (API version 3944462).
LogInit: Using libcurl 7.47.1
LogInit:  - built for x86_64-pc-win32
LogInit:  - supports SSL with OpenSSL/1.0.2g
LogInit:  - supports HTTP deflate (compression) using libz 1.2.8
LogInit:  - other features:
LogInit:      CURL_VERSION_SSL
LogInit:      CURL_VERSION_LIBZ
LogInit:      CURL_VERSION_IPV6
LogInit:      CURL_VERSION_ASYNCHDNS
LogInit:      CURL_VERSION_LARGEFILE
LogInit:      CURL_VERSION_IDN
LogInit:  CurlRequestOptions (configurable via config and command line):
LogInit:  - bVerifyPeer = false  - Libcurl will NOT verify peer certificate
LogInit:  - bUseHttpProxy = false  - Libcurl will NOT use HTTP proxy
LogInit:  - bDontReuseConnections = false  - Libcurl will reuse connections
LogInit:  - CertBundlePath = nullptr  - Libcurl will use whatever was configured at build time.
LogInit:  - MaxHostConnections = 16  - Libcurl will limit the number of connections to a host
LogInit:  - LocalHostAddr = Default
LogInit: WinSock: version 1.1 (2.2), MaxSocks=32767, MaxUdp=65467
LogInit: WinSock: I am DESKTOP-G1UAKUU (192.168.1.154:0)
LogInit: Build: ++UE4+Release-4.19-CL-4033788
LogInit: Engine Version: 4.19.2-4033788+++UE4+Release-4.19
LogInit: Compatible Engine Version: 4.19.0-3944462+++UE4+Release-4.19
LogInit: Net CL: 3944462
LogDevObjectVersion: Number of dev versions registered: 18
LogDevObjectVersion:   Dev-Blueprints (B0D832E4-1F89-4F0D-ACCF-7EB736FD4AA2): 10
LogDevObjectVersion:   Dev-Build (E1C64328-A22C-4D53-A36C-8E866417BD8C): 0
LogDevObjectVersion:   Dev-Core (375EC13C-06E4-48FB-B500-84F0262A717E): 2
LogDevObjectVersion:   Dev-Editor (E4B068ED-F494-42E9-A231-DA0B2E46BB41): 23
LogDevObjectVersion:   Dev-Framework (CFFC743F-43B0-4480-9391-14DF171D2073): 33
LogDevObjectVersion:   Dev-Mobile (B02B49B5-BB20-44E9-A304-32B752E40360): 2
LogDevObjectVersion:   Dev-Networking (A4E4105C-59A1-49B5-A7C5-40C4547EDFEE): 0
LogDevObjectVersion:   Dev-Online (39C831C9-5AE6-47DC-9A44-9C173E1C8E7C): 0
LogDevObjectVersion:   Dev-Physics (78F01B33-EBEA-4F98-B9B4-84EACCB95AA2): 0
LogDevObjectVersion:   Dev-Platform (6631380F-2D4D-43E0-8009-CF276956A95A): 0
LogDevObjectVersion:   Dev-Rendering (12F88B9F-8875-4AFC-A67C-D90C383ABD29): 25
LogDevObjectVersion:   Dev-Sequencer (7B5AE74C-D270-4C10-A958-57980B212A5A): 6
LogDevObjectVersion:   Dev-VR (D7296918-1DD6-4BDD-9DE2-64A83CC13884): 1
LogDevObjectVersion:   Dev-LoadTimes (C2A15278-BFE7-4AFE-6C17-90FF531DF755): 1
LogDevObjectVersion:   Private-Geometry (6EACA3D4-40EC-4CC1-B786-8BED09428FC5): 2
LogDevObjectVersion:   Dev-AnimPhys (29E575DD-E0A3-4627-9D10-D276232CDCEA): 16
LogDevObjectVersion:   Dev-ReflectionCapture (6B266CEC-1EC7-4B8F-A30B-E4D90942FC07): 1
LogDevObjectVersion:   Dev-Automation (0DF73D61-A23F-47EA-B727-89E90C41499A): 1
LogInit: Compiled (64-bit): Apr 27 2018 02:06:57
LogInit: Compiled with Visual C++: 19.00.24215.01
LogInit: Build Configuration: Development
LogInit: Branch Name: ++UE4+Release-4.19
LogInit: Command Line:  
LogInit: Base Directory: C:/Program Files/Epic Games/UE_4.19/Engine/Binaries/Win64/
LogInit: Installed Engine Build: 1
LogStreaming: Display: Took  0.002s to delete old logs.
LogInit: Presizing for max 8388607 objects, including 0 objects not considered by GC, pre-allocating 0 bytes for permanent pool.
LogInit: Object subsystem initialized
[2018.12.14-03.39.10:202][  0]LogInit: Selected Device Profile: [Windows]
[2018.12.14-03.39.10:202][  0]LogInit: Applying CVar settings loaded from the selected device profile: [Windows]
[2018.12.14-03.39.10:222][  0]LogInit: Computer: DESKTOP-G1UAKUU
[2018.12.14-03.39.10:222][  0]LogInit: User: samde
[2018.12.14-03.39.10:222][  0]LogInit: CPU Page size=4096, Cores=4
[2018.12.14-03.39.10:222][  0]LogInit: High frequency timer resolution =2.742191 MHz
[2018.12.14-03.39.10:222][  0]LogMemory: Memory total: Physical=15.9GB (16GB approx)
[2018.12.14-03.39.10:222][  0]LogMemory: Platform Memory Stats for Windows
[2018.12.14-03.39.10:222][  0]LogMemory: Process Physical Memory: 274.91 MB used, 274.91 MB peak
[2018.12.14-03.39.10:222][  0]LogMemory: Process Virtual Memory: 264.84 MB used, 264.84 MB peak
[2018.12.14-03.39.10:222][  0]LogMemory: Physical Memory: 8626.23 MB used,  7624.04 MB free, 16250.27 MB total
[2018.12.14-03.39.10:222][  0]LogMemory: Virtual Memory: 4796.12 MB used,  7624.04 MB free, 134217728.00 MB total
[2018.12.14-03.39.10:246][  0]LogInit: Using OS detected language (en-US).
[2018.12.14-03.39.10:246][  0]LogInit: Using OS detected locale (en-US).
[2018.12.14-03.39.10:250][  0]LogTextLocalizationManager: No specific localization for 'en-US' exists, so the 'en' localization will be used.
[2018.12.14-03.39.10:751][  0]LogStreaming: Display: Took  0.506s to EndInitTextLocalization.
[2018.12.14-03.39.10:753][  0]LogInit: Setting process to per monitor DPI aware
[2018.12.14-03.39.10:905][  0]LogSlate: New Slate User Created.  User Index 0, Is Virtual User: 0
[2018.12.14-03.39.10:905][  0]LogSlate: Slate User Registered.  User Index 0, Is Virtual User: 0
[2018.12.14-03.39.11:230][  0]LogD3D11RHI: D3D11 adapters:
[2018.12.14-03.39.12:148][  0]LogD3D11RHI:    0. 'NVIDIA GeForce GTX 1050 Ti' (Feature Level 11_0)
[2018.12.14-03.39.12:148][  0]LogD3D11RHI:       4018/0/8125 MB DedicatedVideo/DedicatedSystem/SharedSystem, Outputs:1, VendorId:0x10de
[2018.12.14-03.39.12:161][  0]LogD3D11RHI:    1. 'Intel(R) HD Graphics 630' (Feature Level 11_0)
[2018.12.14-03.39.12:161][  0]LogD3D11RHI:       128/0/8125 MB DedicatedVideo/DedicatedSystem/SharedSystem, Outputs:0, VendorId:0x8086
[2018.12.14-03.39.12:163][  0]LogD3D11RHI:    2. 'Microsoft Basic Render Driver' (Feature Level 11_0)
[2018.12.14-03.39.12:163][  0]LogD3D11RHI:       0/0/8125 MB DedicatedVideo/DedicatedSystem/SharedSystem, Outputs:0, VendorId:0x1414
[2018.12.14-03.39.12:163][  0]LogD3D11RHI: Chosen D3D11 Adapter: 0
[2018.12.14-03.39.12:190][  0]LogD3D11RHI: Creating new Direct3DDevice
[2018.12.14-03.39.12:190][  0]LogD3D11RHI:     GPU DeviceId: 0x1c8c (for the marketing name, search the web for "GPU Device Id")
[2018.12.14-03.39.12:190][  0]LogWindows: EnumDisplayDevices:
[2018.12.14-03.39.12:190][  0]LogWindows:    0. 'Intel(R) HD Graphics 630' (P:1 D:1)
[2018.12.14-03.39.12:191][  0]LogWindows:    1. 'Intel(R) HD Graphics 630' (P:0 D:0)
[2018.12.14-03.39.12:191][  0]LogWindows:    2. 'Intel(R) HD Graphics 630' (P:0 D:0)
[2018.12.14-03.39.12:191][  0]LogWindows:    3. 'NVIDIA GeForce GTX 1050 Ti' (P:0 D:0)
[2018.12.14-03.39.12:191][  0]LogWindows: DebugString: GetVideoDriverDetailsInvalid PrimaryIsNotTheChoosenAdapter GetVideoDriverDetailsInvalid PrimaryIsNotTheChoosenAdapter GetVideoDriverDetailsInvalid PrimaryIsNotTheChoosenAdapter GetVideoDriverDetailsInvalid PrimaryIsNotTheChoosenAdapter FoundDriverCount:0 
[2018.12.14-03.39.12:191][  0]LogD3D11RHI:     Adapter Name: NVIDIA GeForce GTX 1050 Ti
[2018.12.14-03.39.12:191][  0]LogD3D11RHI:   Driver Version: Unknown (internal:Unknown, unified:Unknown)
[2018.12.14-03.39.12:191][  0]LogD3D11RHI:      Driver Date: Unknown
[2018.12.14-03.39.12:191][  0]LogRHI: Texture pool is 2812 MB (70% of 4018 MB)
[2018.12.14-03.39.12:343][  0]LogD3D11RHI: [Aftermath] Aftermath enabled and primed
[2018.12.14-03.39.12:343][  0]LogD3D11RHI: [Aftermath] Aftermath enabled and primed
[2018.12.14-03.39.12:343][  0]LogD3D11RHI: Async texture creation enabled
[2018.12.14-03.39.12:472][  0]LogD3D11RHI: GPU Timing Frequency: 1000.000000 (Debug: 2 2)
[2018.12.14-03.39.12:477][  0]LogShaderCompilers: Guid format shader working directory is -9 characters bigger than the processId version (D:/Corporate America/CorporateAmerica/Corporate_America/Intermediate/Shaders/WorkingDirectory/8504/).
[2018.12.14-03.39.12:477][  0]LogShaderCompilers: Cleaned the shader compiler working directory 'C:/Users/samde/AppData/Local/Temp/UnrealShaderWorkingDir/19BA28D0484DB80086D9F7B9C7E6389F/'.
[2018.12.14-03.39.12:883][  0]LogTemp: Display: Loaded TP AllDesktopTargetPlatform
[2018.12.14-03.39.12:899][  0]LogTemp: Display: Loaded TP MacClientTargetPlatform
[2018.12.14-03.39.12:916][  0]LogTemp: Display: Loaded TP MacNoEditorTargetPlatform
[2018.12.14-03.39.12:931][  0]LogTemp: Display: Loaded TP MacServerTargetPlatform
[2018.12.14-03.39.12:948][  0]LogTemp: Display: Loaded TP MacTargetPlatform
[2018.12.14-03.39.12:966][  0]LogTemp: Display: Loaded TP WindowsClientTargetPlatform
[2018.12.14-03.39.12:983][  0]LogTemp: Display: Loaded TP WindowsNoEditorTargetPlatform
[2018.12.14-03.39.12:998][  0]LogTemp: Display: Loaded TP WindowsServerTargetPlatform
[2018.12.14-03.39.13:007][  0]LogTemp: Display: Loaded TP WindowsTargetPlatform
[2018.12.14-03.39.13:020][  0]LogTemp: Display: Loaded TP Android_ASTCTargetPlatform
[2018.12.14-03.39.13:035][  0]LogTemp: Display: Loaded TP Android_ATCTargetPlatform
[2018.12.14-03.39.13:047][  0]LogTemp: Display: Loaded TP Android_DXTTargetPlatform
[2018.12.14-03.39.13:065][  0]LogTemp: Display: Loaded TP Android_ETC1aTargetPlatform
[2018.12.14-03.39.13:078][  0]LogTemp: Display: Loaded TP Android_ETC1TargetPlatform
[2018.12.14-03.39.13:091][  0]LogTemp: Display: Loaded TP Android_ETC2TargetPlatform
[2018.12.14-03.39.13:120][  0]LogTemp: Display: Loaded TP Android_MultiTargetPlatform
[2018.12.14-03.39.13:120][  0]LogTemp: Display: Loaded TP Android_PVRTCTargetPlatform
[2018.12.14-03.39.13:141][  0]LogTemp: Display: Loaded TP AndroidTargetPlatform
[2018.12.14-03.39.13:143][  0]LogTemp: Display: Loaded TP HTML5TargetPlatform
[2018.12.14-03.39.13:181][  0]LogTemp: Display: Loaded TP IOSTargetPlatform
[2018.12.14-03.39.13:195][  0]LogTemp: Display: Loaded TP TVOSTargetPlatform
[2018.12.14-03.39.13:211][  0]LogTemp: Display: Loaded TP LinuxClientTargetPlatform
[2018.12.14-03.39.13:229][  0]LogTemp: Display: Loaded TP LinuxNoEditorTargetPlatform
[2018.12.14-03.39.13:244][  0]LogTemp: Display: Loaded TP LinuxServerTargetPlatform
[2018.12.14-03.39.13:264][  0]LogTemp: Display: Loaded TP LinuxTargetPlatform
[2018.12.14-03.39.13:264][  0]LogTargetPlatformManager: Display: Building Assets For Windows
[2018.12.14-03.39.13:444][  0]LogXGEController: Cleaning working directory: C:/Users/samde/AppData/Local/Temp/UnrealXGEWorkingDir/
[2018.12.14-03.39.13:445][  0]LogXGEController: Cannot use XGE Controller as Incredibuild is not installed on this machine.
[2018.12.14-03.39.13:445][  0]LogShaderCompilers: Cannot use XGE Shader Compiler as Incredibuild is not installed on this machine.
[2018.12.14-03.39.13:445][  0]LogShaderCompilers: Display: Using Local Shader Compiler.
[2018.12.14-03.39.14:459][  0]LogDerivedDataCache: Display: Max Cache Size: 512 MB
[2018.12.14-03.39.14:541][  0]LogDerivedDataCache: Loaded boot cache 0.08s 82MB C:/Users/samde/AppData/Local/UnrealEngine/4.19/DerivedDataCache/Boot.ddc.
[2018.12.14-03.39.14:541][  0]LogDerivedDataCache: Display: Loaded Boot cache: C:/Users/samde/AppData/Local/UnrealEngine/4.19/DerivedDataCache/Boot.ddc
[2018.12.14-03.39.14:541][  0]LogDerivedDataCache: FDerivedDataBackendGraph:  Pak pak cache file D:/Corporate America/CorporateAmerica/Corporate_America/DerivedDataCache/DDC.ddp not found, will not use a pak cache.
[2018.12.14-03.39.14:541][  0]LogDerivedDataCache: Unable to find inner node Pak for hierarchical cache Hierarchy.
[2018.12.14-03.39.14:541][  0]LogDerivedDataCache: FDerivedDataBackendGraph:  CompressedPak pak cache file D:/Corporate America/CorporateAmerica/Corporate_America/DerivedDataCache/Compressed.ddp not found, will not use a pak cache.
[2018.12.14-03.39.14:541][  0]LogDerivedDataCache: Unable to find inner node CompressedPak for hierarchical cache Hierarchy.
[2018.12.14-03.39.14:557][  0]LogDerivedDataCache: Display: Pak cache opened for reading ../../../Engine/DerivedDataCache/Compressed.ddp.
[2018.12.14-03.39.14:569][  0]LogDerivedDataCache: Using Local data cache path C:/Users/samde/AppData/Local/UnrealEngine/Common/DerivedDataCache: Writable
[2018.12.14-03.39.14:569][  0]LogDerivedDataCache: Shared data cache path not found in *engine.ini, will not use an Shared cache.
[2018.12.14-03.39.14:569][  0]LogDerivedDataCache: Unable to find inner node Shared for hierarchical cache Hierarchy.
[2018.12.14-03.39.14:580][  0]LogMaterial: Verifying Global Shaders for PCD3D_SM5
[2018.12.14-03.39.14:581][  0]LogSlate: Using Freetype 2.6.0
[2018.12.14-03.39.14:581][  0]LogSlate: SlateFontCache - WITH_FREETYPE: 1, WITH_HARFBUZZ: 1
[2018.12.14-03.39.14:581][  0]LogSlate: SlateFontCache - WITH_FREETYPE: 1, WITH_HARFBUZZ: 1
[2018.12.14-03.39.14:745][  0]LogAssetRegistry: FAssetRegistry took 0.0298 seconds to start up
[2018.12.14-03.39.15:153][  0]LogInit: Selected Device Profile: [Windows]
[2018.12.14-03.39.15:351][  0]LogSimplygon: Simplygon DLL not present - disabling.
[2018.12.14-03.39.15:356][  0]LogMeshReduction: Using SimplygonSwarm for distributed automatic mesh merging
[2018.12.14-03.39.15:356][  0]LogMeshReduction: Using QuadricMeshReduction for automatic static mesh reduction
[2018.12.14-03.39.15:356][  0]LogMeshReduction: No automatic skeletal mesh reduction module available
[2018.12.14-03.39.15:356][  0]LogMeshReduction: No automatic mesh merging module available
[2018.12.14-03.39.15:356][  0]LogMeshMerging: No automatic mesh merging module available
[2018.12.14-03.39.15:411][  0]LogNetVersion: Corporate_America , NetCL: 3944462, EngineNetVer: 2, GameNetVer: 0 (Checksum: 3226822143)
[2018.12.14-03.39.16:341][  0]LogPackageLocalizationCache: Processed 9 localized package path(s) for 2 prioritized culture(s) in 0.098954 seconds
[2018.12.14-03.39.16:348][  0]LogUObjectArray: 36728 objects as part of root set at end of initial load.
[2018.12.14-03.39.16:348][  0]LogUObjectAllocator: 7314304 out of 0 bytes used by permanent object pool.
[2018.12.14-03.39.16:348][  0]LogUObjectArray: CloseDisregardForGC: 0/0 objects in disregard for GC pool
[2018.12.14-03.39.19:354][  0]LogTcpMessaging: Initializing TcpMessaging bridge
[2018.12.14-03.39.19:391][  0]LogUdpMessaging: Initializing bridge on interface 0.0.0.0:0 to multicast group 230.0.0.1:6666.
[2018.12.14-03.39.19:776][  0]LogUObjectGlobals: Created PersistentFrame Addr=0x00000236d7c5d080, Size=144, Default__UE4ASP_HeroTPP_AnimBlueprint_C Function /Game/Employee/Animation/UE4ASP_HeroTPP_AnimBlueprint.UE4ASP_HeroTPP_AnimBlueprint_C:ExecuteUbergraph_UE4ASP_HeroTPP_AnimBlueprint
[2018.12.14-03.39.19:777][  0]LogUObjectGlobals: Created PersistentFrame Addr=0x00000236d79f3c40, Size=320, Default__Ue4ASP_Character_C Function /Game/AnimStarterPack/Ue4ASP_Character.Ue4ASP_Character_C:ExecuteUbergraph_Ue4ASP_Character
[2018.12.14-03.39.19:843][  0]LogUObjectGlobals: Destroyed PersistentFrame Addr=0x00000236d7c5d080, Size=144
[2018.12.14-03.39.19:843][  0]LogUObjectGlobals: Created PersistentFrame Addr=0x00000236d912fb00, Size=144, Default__UE4ASP_HeroTPP_AnimBlueprint_C Function /Engine/Transient.REINST_UE4ASP_HeroTPP_AnimBlueprint_C_0:ExecuteUbergraph_UE4ASP_HeroTPP_AnimBlueprint
[2018.12.14-03.39.19:844][  0]LogUObjectGlobals: Destroyed PersistentFrame Addr=0x00000236d79f3c40, Size=320
[2018.12.14-03.39.19:844][  0]LogUObjectGlobals: Created PersistentFrame Addr=0x00000236d85d9bc0, Size=320, Default__Ue4ASP_Character_C Function /Engine/Transient.REINST_Ue4ASP_Character_C_1:ExecuteUbergraph_Ue4ASP_Character
[2018.12.14-03.39.19:865][  0]LogUObjectGlobals: Created PersistentFrame Addr=0x00000236d9033600, Size=144, Default__UE4ASP_HeroTPP_AnimBlueprint_C Function /Game/Employee/Animation/UE4ASP_HeroTPP_AnimBlueprint.UE4ASP_HeroTPP_AnimBlueprint_C:ExecuteUbergraph_UE4ASP_HeroTPP_AnimBlueprint
[2018.12.14-03.39.19:866][  0]LogUObjectGlobals: Created PersistentFrame Addr=0x00000236d909dd00, Size=320, Default__Ue4ASP_Character_C Function /Game/AnimStarterPack/Ue4ASP_Character.Ue4ASP_Character_C:ExecuteUbergraph_Ue4ASP_Character
[2018.12.14-03.39.19:914][  0]LogUObjectGlobals: Created PersistentFrame Addr=0x00000236d902ae30, Size=72, Default__FirstPerson_AnimBP_C Function /Game/FirstPerson/Animations/FirstPerson_AnimBP.FirstPerson_AnimBP_C:ExecuteUbergraph_FirstPerson_AnimBP
[2018.12.14-03.39.19:922][  0]LogUObjectGlobals: Destroyed PersistentFrame Addr=0x00000236d902ae30, Size=72
[2018.12.14-03.39.19:922][  0]LogUObjectGlobals: Created PersistentFrame Addr=0x00000236d8db5d50, Size=72, Default__FirstPerson_AnimBP_C Function /Engine/Transient.REINST_FirstPerson_AnimBP_C_1:ExecuteUbergraph_FirstPerson_AnimBP
[2018.12.14-03.39.19:929][  0]LogUObjectGlobals: Created PersistentFrame Addr=0x00000236d8d66700, Size=72, Default__FirstPerson_AnimBP_C Function /Game/FirstPerson/Animations/FirstPerson_AnimBP.FirstPerson_AnimBP_C:ExecuteUbergraph_FirstPerson_AnimBP
[2018.12.14-03.39.20:390][  0]LogStats: FPlatformStackWalk::StackWalkAndDump -  0.370 s
[2018.12.14-03.39.20:390][  0]LogOutputDevice: Error: === Handled ensure: ===
[2018.12.14-03.39.20:390][  0]LogOutputDevice: Error: 
[2018.12.14-03.39.20:390][  0]LogOutputDevice: Error: Ensure condition failed: !AttachmentRules.bWeldSimulatedBodies [File:D:\Build\++UE4+Release-4.19+Compile\Sync\Engine\Source\Runtime\Engine\Private\Components\SceneComponent.cpp] [Line: 1677]
[2018.12.14-03.39.20:390][  0]LogOutputDevice: Error: AttachToComponent when called from a constructor cannot weld simulated bodies. Consider calling SetupAttachment directly instead.
[2018.12.14-03.39.20:390][  0]LogOutputDevice: Error: Stack: 
[2018.12.14-03.39.20:390][  0]LogOutputDevice: Error: [Callstack] 0x000000002350B706 UE4Editor-Core.dll!UnknownFunction []
[2018.12.14-03.39.20:390][  0]LogOutputDevice: Error: [Callstack] 0x000000002326AE3A UE4Editor-Core.dll!UnknownFunction []
[2018.12.14-03.39.20:390][  0]LogOutputDevice: Error: [Callstack] 0x000000002327ECD6 UE4Editor-Core.dll!UnknownFunction []
[2018.12.14-03.39.20:391][  0]LogOutputDevice: Error: [Callstack] 0x00000000F992E07E UE4Editor-Engine.dll!UnknownFunction []
[2018.12.14-03.39.20:391][  0]LogOutputDevice: Error: [Callstack] 0x00000000BD1D7A33 UE4Editor-Corporate_America.dll!AEmployee::AEmployee() [d:\corporate america\corporateamerica\corporate_america\source\corporate_america\employee.cpp:41]
[2018.12.14-03.39.20:391][  0]LogOutputDevice: Error: [Callstack] 0x0000000022B654F8 UE4Editor-CoreUObject.dll!UnknownFunction []
[2018.12.14-03.39.20:391][  0]LogOutputDevice: Error: [Callstack] 0x0000000022B72025 UE4Editor-CoreUObject.dll!UnknownFunction []
[2018.12.14-03.39.20:391][  0]LogOutputDevice: Error: [Callstack] 0x0000000022DC414B UE4Editor-CoreUObject.dll!UnknownFunction []
[2018.12.14-03.39.20:391][  0]LogOutputDevice: Error: [Callstack] 0x0000000022DC40C8 UE4Editor-CoreUObject.dll!UnknownFunction []
[2018.12.14-03.39.20:391][  0]LogOutputDevice: Error: [Callstack] 0x0000000022C72742 UE4Editor-CoreUObject.dll!UnknownFunction []
[2018.12.14-03.39.20:391][  0]LogOutputDevice: Error: [Callstack] 0x0000000022C98E11 UE4Editor-CoreUObject.dll!UnknownFunction []
[2018.12.14-03.39.20:391][  0]LogOutputDevice: Error: [Callstack] 0x0000000022C63151 UE4Editor-CoreUObject.dll!UnknownFunction []
[2018.12.14-03.39.20:391][  0]LogOutputDevice: Error: [Callstack] 0x0000000022C40588 UE4Editor-CoreUObject.dll!UnknownFunction []
[2018.12.14-03.39.20:391][  0]LogOutputDevice: Error: [Callstack] 0x00000000F97E7C66 UE4Editor-Engine.dll!UnknownFunction []
[2018.12.14-03.39.20:391][  0]LogOutputDevice: Error: [Callstack] 0x0000000022CA3FDC UE4Editor-CoreUObject.dll!UnknownFunction []
[2018.12.14-03.39.20:391][  0]LogOutputDevice: Error: [Callstack] 0x0000000022C734F7 UE4Editor-CoreUObject.dll!UnknownFunction []
[2018.12.14-03.39.20:391][  0]LogOutputDevice: Error: [Callstack] 0x0000000022C98E11 UE4Editor-CoreUObject.dll!UnknownFunction []
[2018.12.14-03.39.20:391][  0]LogOutputDevice: Error: [Callstack] 0x0000000022C71C62 UE4Editor-CoreUObject.dll!UnknownFunction []
[2018.12.14-03.39.20:391][  0]LogOutputDevice: Error: [Callstack] 0x0000000022C738CB UE4Editor-CoreUObject.dll!UnknownFunction []
[2018.12.14-03.39.20:391][  0]LogOutputDevice: Error: [Callstack] 0x0000000022C99B14 UE4Editor-CoreUObject.dll!UnknownFunction []
[2018.12.14-03.39.20:391][  0]LogOutputDevice: Error: [Callstack] 0x0000000022DD30D6 UE4Editor-CoreUObject.dll!UnknownFunction []
[2018.12.14-03.39.20:391][  0]LogOutputDevice: Error: [Callstack] 0x0000000022DD2544 UE4Editor-CoreUObject.dll!UnknownFunction []
[2018.12.14-03.39.20:391][  0]LogOutputDevice: Error: [Callstack] 0x0000000022DE9A53 UE4Editor-CoreUObject.dll!UnknownFunction []
[2018.12.14-03.39.20:391][  0]LogOutputDevice: Error: [Callstack] 0x0000000022DF43EF UE4Editor-CoreUObject.dll!UnknownFunction []
[2018.12.14-03.39.20:391][  0]LogOutputDevice: Error: [Callstack] 0x0000000022DF3B13 UE4Editor-CoreUObject.dll!UnknownFunction []
[2018.12.14-03.39.20:391][  0]LogOutputDevice: Error: [Callstack] 0x0000000022DF3740 UE4Editor-CoreUObject.dll!UnknownFunction []
[2018.12.14-03.39.20:391][  0]LogOutputDevice: Error: [Callstack] 0x00000000BD1D5B3F UE4Editor-Corporate_America.dll!ConstructorHelpersInternal::FindOrLoadClass() [c:\program files\epic games\ue_4.19\engine\source\runtime\coreuobject\public\uobject\constructorhelpers.h:86]
[2018.12.14-03.39.20:391][  0]LogOutputDevice: Error: [Callstack] 0x00000000BD1D5418 UE4Editor-Corporate_America.dll!ACorporate_AmericaGameMode::ACorporate_AmericaGameMode() [d:\corporate america\corporateamerica\corporate_america\source\corporate_america\corporate_americagamemode.cpp:12]
[2018.12.14-03.39.20:391][  0]LogOutputDevice: Error: [Callstack] 0x0000000022B654F8 UE4Editor-CoreUObject.dll!UnknownFunction []
[2018.12.14-03.39.20:391][  0]LogOutputDevice: Error: [Callstack] 0x0000000022DF7D30 UE4Editor-CoreUObject.dll!UnknownFunction []
[2018.12.14-03.39.20:391][  0]LogOutputDevice: Error: [Callstack] 0x0000000022DD94A2 UE4Editor-CoreUObject.dll!UnknownFunction []
[2018.12.14-03.39.20:391][  0]LogOutputDevice: Error: [Callstack] 0x0000000022B6A7F7 UE4Editor-CoreUObject.dll!UnknownFunction []
[2018.12.14-03.39.20:391][  0]LogOutputDevice: Error: [Callstack] 0x0000000023114190 UE4Editor-Core.dll!UnknownFunction []
[2018.12.14-03.39.20:391][  0]LogOutputDevice: Error: [Callstack] 0x0000000023325E91 UE4Editor-Core.dll!UnknownFunction []
[2018.12.14-03.39.20:391][  0]LogOutputDevice: Error: [Callstack] 0x0000000023DFFC7A UE4Editor-Projects.dll!UnknownFunction []
[2018.12.14-03.39.20:391][  0]LogOutputDevice: Error: [Callstack] 0x0000000023DFFFC2 UE4Editor-Projects.dll!UnknownFunction []
[2018.12.14-03.39.20:391][  0]LogOutputDevice: Error: [Callstack] 0x00000000B0639731 UE4Editor.exe!UnknownFunction []
[2018.12.14-03.39.20:391][  0]LogOutputDevice: Error: [Callstack] 0x00000000B063DD83 UE4Editor.exe!UnknownFunction []
[2018.12.14-03.39.20:391][  0]LogOutputDevice: Error: [Callstack] 0x00000000B06369FA UE4Editor.exe!UnknownFunction []
[2018.12.14-03.39.20:391][  0]LogOutputDevice: Error: [Callstack] 0x00000000B0636C4A UE4Editor.exe!UnknownFunction []
[2018.12.14-03.39.20:391][  0]LogOutputDevice: Error: [Callstack] 0x00000000B0644177 UE4Editor.exe!UnknownFunction []
[2018.12.14-03.39.20:391][  0]LogOutputDevice: Error: [Callstack] 0x00000000B0645B87 UE4Editor.exe!UnknownFunction []
[2018.12.14-03.39.20:391][  0]LogOutputDevice: Error: [Callstack] 0x0000000039C43034 KERNEL32.DLL!UnknownFunction []
[2018.12.14-03.39.20:391][  0]LogOutputDevice: Error: [Callstack] 0x000000003AA43691 ntdll.dll!UnknownFunction []
[2018.12.14-03.39.20:391][  0]LogOutputDevice: Error: 
[2018.12.14-03.39.20:399][  0]LogStats:                SubmitErrorReport -  0.000 s
[2018.12.14-03.39.20:912][  0]LogStats:                    SendNewReport -  0.513 s
[2018.12.14-03.39.20:912][  0]LogStats:             FDebug::EnsureFailed -  0.891 s
[2018.12.14-03.39.20:913][  0]LogStats: FPlatformStackWalk::StackWalkAndDump -  0.001 s
[2018.12.14-03.39.20:913][  0]LogOutputDevice: Error: === Handled ensure: ===
[2018.12.14-03.39.20:913][  0]LogOutputDevice: Error: 
[2018.12.14-03.39.20:913][  0]LogOutputDevice: Error: Ensure condition failed: AttachmentRules.LocationRule == EAttachmentRule::KeepRelative && AttachmentRules.RotationRule == EAttachmentRule::KeepRelative && AttachmentRules.ScaleRule == EAttachmentRule::KeepRelative [File:D:\Build\++UE4+Release-4.19+Compile\Sync\Engine\Source\Runtime\Engine\Private\Components\SceneComponent.cpp] [Line: 1678]
[2018.12.14-03.39.20:913][  0]LogOutputDevice: Error: AttachToComponent when called from a constructor is only setting up attachment and will always be treated as KeepRelative. Consider calling SetupAttachment directly instead.
[2018.12.14-03.39.20:913][  0]LogOutputDevice: Error: Stack: 
[2018.12.14-03.39.20:913][  0]LogOutputDevice: Error: [Callstack] 0x000000002350B706 UE4Editor-Core.dll!UnknownFunction []
[2018.12.14-03.39.20:913][  0]LogOutputDevice: Error: [Callstack] 0x000000002326AE3A UE4Editor-Core.dll!UnknownFunction []
[2018.12.14-03.39.20:913][  0]LogOutputDevice: Error: [Callstack] 0x000000002327ECD6 UE4Editor-Core.dll!UnknownFunction []
[2018.12.14-03.39.20:913][  0]LogOutputDevice: Error: [Callstack] 0x00000000F992E0F8 UE4Editor-Engine.dll!UnknownFunction []
[2018.12.14-03.39.20:913][  0]LogOutputDevice: Error: [Callstack] 0x00000000BD1D7A33 UE4Editor-Corporate_America.dll!AEmployee::AEmployee() [d:\corporate america\corporateamerica\corporate_america\source\corporate_america\employee.cpp:41]
[2018.12.14-03.39.20:913][  0]LogOutputDevice: Error: [Callstack] 0x0000000022B654F8 UE4Editor-CoreUObject.dll!UnknownFunction []
[2018.12.14-03.39.20:913][  0]LogOutputDevice: Error: [Callstack] 0x0000000022B72025 UE4Editor-CoreUObject.dll!UnknownFunction []
[2018.12.14-03.39.20:913][  0]LogOutputDevice: Error: [Callstack] 0x0000000022DC414B UE4Editor-CoreUObject.dll!UnknownFunction []
[2018.12.14-03.39.20:913][  0]LogOutputDevice: Error: [Callstack] 0x0000000022DC40C8 UE4Editor-CoreUObject.dll!UnknownFunction []
[2018.12.14-03.39.20:913][  0]LogOutputDevice: Error: [Callstack] 0x0000000022C72742 UE4Editor-CoreUObject.dll!UnknownFunction []
[2018.12.14-03.39.20:913][  0]LogOutputDevice: Error: [Callstack] 0x0000000022C98E11 UE4Editor-CoreUObject.dll!UnknownFunction []
[2018.12.14-03.39.20:913][  0]LogOutputDevice: Error: [Callstack] 0x0000000022C63151 UE4Editor-CoreUObject.dll!UnknownFunction []
[2018.12.14-03.39.20:913][  0]LogOutputDevice: Error: [Callstack] 0x0000000022C40588 UE4Editor-CoreUObject.dll!UnknownFunction []
[2018.12.14-03.39.20:913][  0]LogOutputDevice: Error: [Callstack] 0x00000000F97E7C66 UE4Editor-Engine.dll!UnknownFunction []
[2018.12.14-03.39.20:913][  0]LogOutputDevice: Error: [Callstack] 0x0000000022CA3FDC UE4Editor-CoreUObject.dll!UnknownFunction []
[2018.12.14-03.39.20:913][  0]LogOutputDevice: Error: [Callstack] 0x0000000022C734F7 UE4Editor-CoreUObject.dll!UnknownFunction []
[2018.12.14-03.39.20:913][  0]LogOutputDevice: Error: [Callstack] 0x0000000022C98E11 UE4Editor-CoreUObject.dll!UnknownFunction []
[2018.12.14-03.39.20:913][  0]LogOutputDevice: Error: [Callstack] 0x0000000022C71C62 UE4Editor-CoreUObject.dll!UnknownFunction []
[2018.12.14-03.39.20:913][  0]LogOutputDevice: Error: [Callstack] 0x0000000022C738CB UE4Editor-CoreUObject.dll!UnknownFunction []
[2018.12.14-03.39.20:913][  0]LogOutputDevice: Error: [Callstack] 0x0000000022C99B14 UE4Editor-CoreUObject.dll!UnknownFunction []
[2018.12.14-03.39.20:913][  0]LogOutputDevice: Error: [Callstack] 0x0000000022DD30D6 UE4Editor-CoreUObject.dll!UnknownFunction []
[2018.12.14-03.39.20:913][  0]LogOutputDevice: Error: [Callstack] 0x0000000022DD2544 UE4Editor-CoreUObject.dll!UnknownFunction []
[2018.12.14-03.39.20:914][  0]LogOutputDevice: Error: [Callstack] 0x0000000022DE9A53 UE4Editor-CoreUObject.dll!UnknownFunction []
[2018.12.14-03.39.20:914][  0]LogOutputDevice: Error: [Callstack] 0x0000000022DF43EF UE4Editor-CoreUObject.dll!UnknownFunction []
[2018.12.14-03.39.20:914][  0]LogOutputDevice: Error: [Callstack] 0x0000000022DF3B13 UE4Editor-CoreUObject.dll!UnknownFunction []
[2018.12.14-03.39.20:914][  0]LogOutputDevice: Error: [Callstack] 0x0000000022DF3740 UE4Editor-CoreUObject.dll!UnknownFunction []
[2018.12.14-03.39.20:914][  0]LogOutputDevice: Error: [Callstack] 0x00000000BD1D5B3F UE4Editor-Corporate_America.dll!ConstructorHelpersInternal::FindOrLoadClass() [c:\program files\epic games\ue_4.19\engine\source\runtime\coreuobject\public\uobject\constructorhelpers.h:86]
[2018.12.14-03.39.20:914][  0]LogOutputDevice: Error: [Callstack] 0x00000000BD1D5418 UE4Editor-Corporate_America.dll!ACorporate_AmericaGameMode::ACorporate_AmericaGameMode() [d:\corporate america\corporateamerica\corporate_america\source\corporate_america\corporate_americagamemode.cpp:12]
[2018.12.14-03.39.20:914][  0]LogOutputDevice: Error: [Callstack] 0x0000000022B654F8 UE4Editor-CoreUObject.dll!UnknownFunction []
[2018.12.14-03.39.20:914][  0]LogOutputDevice: Error: [Callstack] 0x0000000022DF7D30 UE4Editor-CoreUObject.dll!UnknownFunction []
[2018.12.14-03.39.20:914][  0]LogOutputDevice: Error: [Callstack] 0x0000000022DD94A2 UE4Editor-CoreUObject.dll!UnknownFunction []
[2018.12.14-03.39.20:914][  0]LogOutputDevice: Error: [Callstack] 0x0000000022B6A7F7 UE4Editor-CoreUObject.dll!UnknownFunction []
[2018.12.14-03.39.20:914][  0]LogOutputDevice: Error: [Callstack] 0x0000000023114190 UE4Editor-Core.dll!UnknownFunction []
[2018.12.14-03.39.20:914][  0]LogOutputDevice: Error: [Callstack] 0x0000000023325E91 UE4Editor-Core.dll!UnknownFunction []
[2018.12.14-03.39.20:914][  0]LogOutputDevice: Error: [Callstack] 0x0000000023DFFC7A UE4Editor-Projects.dll!UnknownFunction []
[2018.12.14-03.39.20:914][  0]LogOutputDevice: Error: [Callstack] 0x0000000023DFFFC2 UE4Editor-Projects.dll!UnknownFunction []
[2018.12.14-03.39.20:914][  0]LogOutputDevice: Error: [Callstack] 0x00000000B0639731 UE4Editor.exe!UnknownFunction []
[2018.12.14-03.39.20:914][  0]LogOutputDevice: Error: [Callstack] 0x00000000B063DD83 UE4Editor.exe!UnknownFunction []
[2018.12.14-03.39.20:914][  0]LogOutputDevice: Error: [Callstack] 0x00000000B06369FA UE4Editor.exe!UnknownFunction []
[2018.12.14-03.39.20:914][  0]LogOutputDevice: Error: [Callstack] 0x00000000B0636C4A UE4Editor.exe!UnknownFunction []
[2018.12.14-03.39.20:914][  0]LogOutputDevice: Error: [Callstack] 0x00000000B0644177 UE4Editor.exe!UnknownFunction []
[2018.12.14-03.39.20:914][  0]LogOutputDevice: Error: [Callstack] 0x00000000B0645B87 UE4Editor.exe!UnknownFunction []
[2018.12.14-03.39.20:914][  0]LogOutputDevice: Error: [Callstack] 0x0000000039C43034 KERNEL32.DLL!UnknownFunction []
[2018.12.14-03.39.20:914][  0]LogOutputDevice: Error: [Callstack] 0x000000003AA43691 ntdll.dll!UnknownFunction []
[2018.12.14-03.39.20:914][  0]LogOutputDevice: Error: 
[2018.12.14-03.39.20:920][  0]LogStats:                SubmitErrorReport -  0.000 s
[2018.12.14-03.39.21:243][  0]LogStats:                    SendNewReport -  0.324 s
[2018.12.14-03.39.21:243][  0]LogStats:             FDebug::EnsureFailed -  0.332 s
[2018.12.14-03.39.21:244][  0]LogUObjectGlobals: Created PersistentFrame Addr=0x00000236d960e020, Size=160, Default__BP_Employee_C Function /Game/Employee/Character/BP_Employee.BP_Employee_C:ExecuteUbergraph_BP_Employee
[2018.12.14-03.39.21:253][  0]LogUObjectGlobals: Destroyed PersistentFrame Addr=0x00000236d960e020, Size=160
[2018.12.14-03.39.21:253][  0]LogUObjectGlobals: Created PersistentFrame Addr=0x00000236d960e020, Size=160, Default__BP_Employee_C Function /Engine/Transient.REINST_BP_Employee_C_10:ExecuteUbergraph_BP_Employee
[2018.12.14-03.39.21:258][  0]LogUObjectGlobals: Created PersistentFrame Addr=0x00000236d7c5d8a0, Size=160, Default__BP_Employee_C Function /Game/Employee/Character/BP_Employee.BP_Employee_C:ExecuteUbergraph_BP_Employee
[2018.12.14-03.39.21:355][  0]LogSkeletalMesh: Skeletal Mesh found in DDC [3.830878ms] /Game/AnimStarterPack/UE4_Mannequin/Mesh/SK_Mannequin.SK_Mannequin
[2018.12.14-03.39.21:389][  0]LogSkeletalMesh: Skeletal Mesh found in DDC [1.231497ms] /Game/FirstPerson/Character/Mesh/SK_Mannequin_Arms.SK_Mannequin_Arms
[2018.12.14-03.39.21:400][  0]LogSkeletalMesh: Skeletal Mesh found in DDC [0.622130ms] /Game/FirstPerson/FPWeapon/Mesh/SK_FPGun.SK_FPGun
[2018.12.14-03.39.21:441][  0]LogUObjectGlobals: Created PersistentFrame Addr=0x00000236d95c81c0, Size=64, Default__ThirdPerson_AnimBP_C Function /Game/Mannequin/Animations/ThirdPerson_AnimBP.ThirdPerson_AnimBP_C:ExecuteUbergraph_ThirdPerson_AnimBP
[2018.12.14-03.39.21:454][  0]LogUObjectGlobals: Destroyed PersistentFrame Addr=0x00000236d95c81c0, Size=64
[2018.12.14-03.39.21:454][  0]LogUObjectGlobals: Created PersistentFrame Addr=0x00000236dc58b380, Size=64, Default__ThirdPerson_AnimBP_C Function /Engine/Transient.REINST_ThirdPerson_AnimBP_C_2:ExecuteUbergraph_ThirdPerson_AnimBP
[2018.12.14-03.39.21:463][  0]LogUObjectGlobals: Created PersistentFrame Addr=0x00000236dbd355d0, Size=72, Default__ThirdPerson_AnimBP_C Function /Game/Mannequin/Animations/ThirdPerson_AnimBP.ThirdPerson_AnimBP_C:ExecuteUbergraph_ThirdPerson_AnimBP
[2018.12.14-03.39.21:555][  0]LogSkeletalMesh: Skeletal Mesh found in DDC [2.534105ms] /Game/Mannequin/Character/Mesh/SK_Mannequin.SK_Mannequin
[2018.12.14-03.39.21:808][  0]SourceControl: Source control is disabled
[2018.12.14-03.39.21:808][  0]SourceControl: Source control is disabled
[2018.12.14-03.39.21:841][  0]SourceControl: Source control is disabled
[2018.12.14-03.39.22:068][  0]SourceControl: Source control is disabled
[2018.12.14-03.39.23:222][  0]LogOnline: Display: STEAM: Loading Steam SDK 1.39
[2018.12.14-03.39.23:257][  0]LogAndroidPermission: UAndroidPermissionCallbackProxy::GetInstance
[2018.12.14-03.39.23:595][  0]LogOcInput: OculusInput pre-init called
[2018.12.14-03.39.24:217][  0]LogEngine: Initializing Engine...
[2018.12.14-03.39.24:218][  0]LogHMD: Failed to initialize OpenVR with code 110
[2018.12.14-03.39.24:221][  0]LogStats: UGameplayTagsManager::ConstructGameplayTagTree: Construct from data asset -  0.000 s
[2018.12.14-03.39.24:221][  0]LogStats: UGameplayTagsManager::ConstructGameplayTagTree: GameplayTagTreeChangedEvent.Broadcast -  0.000 s
[2018.12.14-03.39.24:537][  0]LogAIModule: Creating AISystem for world Untitled
[2018.12.14-03.39.24:549][  0]LogInit: XAudio2 using 'Speakers / Headphones (Realtek Audio)' : 2 channels at 48 kHz using 32 bits per sample (channel mask 0x3)
[2018.12.14-03.39.24:640][  0]LogInit: FAudioDevice initialized.
[2018.12.14-03.39.24:746][  0]LogDerivedDataCache: Saved boot cache 0.11s 82MB C:/Users/samde/AppData/Local/UnrealEngine/4.19/DerivedDataCache/Boot.ddc.
[2018.12.14-03.39.24:760][  0]LogInit: Texture streaming: Enabled
[2018.12.14-03.39.24:788][  0]LogEngineSessionManager: EngineSessionManager initialized
[2018.12.14-03.39.24:788][  0]LogEngineSessionManager: EngineSessionManager sent abnormal shutdown report. Type=Crashed, SessionId={5A9A9014-4BE7-1576-EFCB-3BAE83E7E572}
[2018.12.14-03.39.24:829][  0]LogInit: Transaction tracking system initialized
[2018.12.14-03.39.24:878][  0]BlueprintLog: New page: Editor Load
[2018.12.14-03.39.25:382][  0]LocalizationService: Localization service is disabled
[2018.12.14-03.39.25:824][  0]LogLinker: Warning: Can't find file '/Game/VehicleCPP/VehicleOverview'
[2018.12.14-03.39.25:824][  0]LogLinker: Warning: Can't find file '/Game/VehicleCPP/VehicleOverview'
[2018.12.14-03.39.25:824][  0]LogUObjectGlobals: Warning: Failed to find object 'Class /Game/VehicleCPP/VehicleOverview.VehicleOverview_C'
[2018.12.14-03.39.25:864][  0]LogConsoleResponse: Display: 
[2018.12.14-03.39.26:093][  0]LogCook: Display: Max memory allowance for cook 16384mb min free memory 0mb
[2018.12.14-03.39.26:093][  0]LogCook: Display: Mobile HDR setting 1
[2018.12.14-03.39.26:093][  0]LogGameplayTags: Display: UGameplayTagsManager::DoneAddingNativeTags. DelegateIsBound: 0
[2018.12.14-03.39.26:093][  0]LogStats: UGameplayTagsManager::ConstructGameplayTagTree: Construct from data asset -  0.000 s
[2018.12.14-03.39.26:093][  0]LogStats: UGameplayTagsManager::ConstructGameplayTagTree: GameplayTagTreeChangedEvent.Broadcast -  0.000 s
[2018.12.14-03.39.27:012][  0]LogFileCache: Scanning file cache for directory 'D:/Corporate America/CorporateAmerica/Corporate_America/Content/' took 0.02s
[2018.12.14-03.39.27:012][  0]SourceControl: Source control is disabled
[2018.12.14-03.39.27:196][  0]LogSlate: Took 0.000272 seconds to synchronously load lazily loaded font '../../../Engine/Content/Slate/Fonts/Roboto-Regular.ttf' (155K)
[2018.12.14-03.39.29:287][  0]LogSlate: Window 'Restore Packages' being destroyed
[2018.12.14-03.39.29:287][  0]LogWindowsTextInputMethodSystem: Display: IME system now deactivated.
[2018.12.14-03.39.29:289][  0]LogWindowsTextInputMethodSystem: Display: IME system now deactivated.
[2018.12.14-03.39.29:300][  0]Cmd: MAP LOAD FILE="D:/Corporate America/CorporateAmerica/Corporate_America/Content/Levels/Test_Level00.umap" TEMPLATE=0 SHOWPROGRESS=1 FEATURELEVEL=3
[2018.12.14-03.39.29:300][  0]LightingResults: New page: Lighting Build
[2018.12.14-03.39.29:308][  0]MapCheck: New page: Map Check
[2018.12.14-03.39.29:308][  0]LightingResults: New page: Lighting Build
[2018.12.14-03.39.29:330][  0]LogUObjectGlobals: Destroyed PersistentFrame Addr=0x00000236d912fb00, Size=144
[2018.12.14-03.39.29:331][  0]LogUObjectGlobals: Destroyed PersistentFrame Addr=0x00000236d85d9bc0, Size=320
[2018.12.14-03.39.29:332][  0]LogUObjectGlobals: Destroyed PersistentFrame Addr=0x00000236d8db5d50, Size=72
[2018.12.14-03.39.29:332][  0]LogUObjectGlobals: Destroyed PersistentFrame Addr=0x00000236d960e020, Size=160
[2018.12.14-03.39.29:333][  0]LogUObjectGlobals: Destroyed PersistentFrame Addr=0x00000236dc58b380, Size=64
[2018.12.14-03.39.29:714][  0]LogAIModule: Creating AISystem for world Test_Level00
[2018.12.14-03.39.29:731][  0]LogEditorServer: Finished looking for orphan Actors (0.001 secs)
[2018.12.14-03.39.29:758][  0]Cmd: MAP CHECKDEP NOCLEARLOG
[2018.12.14-03.39.29:927][  0]MapCheck: Map check complete: 0 Error(s), 0 Warning(s), took 169.507ms to complete.
[2018.12.14-03.39.29:927][  0]LogFileHelpers: Loading map 'Test_Level00' took 0.628
[2018.12.14-03.39.29:994][  0]LogStats: Warning: MetaData mismatch. Did you assign a stat to two groups? New //STATGROUP_Threads//SplashScreenThread///Thread_21a0_0///####STATCAT_Advanced#### old //STATGROUP_Threads//SplashScreenThread///Thread_4a94_0///####STATCAT_Advanced####
[2018.12.14-03.39.29:994][  0]LogCollectionManager: Loaded 0 collections in 0.003345 seconds
[2018.12.14-03.39.30:039][  0]LogFileCache: Scanning file cache for directory 'D:/Corporate America/CorporateAmerica/Corporate_America/Saved/Collections/' took 0.01s
[2018.12.14-03.39.30:040][  0]LogFileCache: Scanning file cache for directory 'D:/Corporate America/CorporateAmerica/Corporate_America/Content/Developers/samde/Collections/' took 0.01s
[2018.12.14-03.39.30:040][  0]LogFileCache: Scanning file cache for directory 'D:/Corporate America/CorporateAmerica/Corporate_America/Content/Collections/' took 0.01s
[2018.12.14-03.39.30:040][  0]LogCollectionManager: Rebuilt the GUID cache for 0 collections in 0.000000 seconds
[2018.12.14-03.39.30:053][  0]LogContentBrowser: Native class hierarchy populated in 0.0135 seconds. Added 2464 classes and 566 folders.
[2018.12.14-03.39.30:069][  0]LogContentBrowser: Native class hierarchy updated for 'WidgetCarousel' in 0.0019 seconds. Added 0 classes and 0 folders.
[2018.12.14-03.39.30:562][  0]LogContentBrowser: Native class hierarchy updated for 'AddContentDialog' in 0.0118 seconds. Added 0 classes and 0 folders.
[2018.12.14-03.39.30:719][  0]LogSlate: Took 0.000240 seconds to synchronously load lazily loaded font '../../../Engine/Content/Editor/Slate/Fonts/FontAwesome.ttf' (139K)
[2018.12.14-03.39.30:719][  0]LogSlate: Took 0.000255 seconds to synchronously load lazily loaded font '../../../Engine/Content/Slate/Fonts/Roboto-Bold.ttf' (160K)
[2018.12.14-03.39.30:738][  0]LogSlate: Took 0.000216 seconds to synchronously load lazily loaded font '../../../Engine/Content/Slate/Fonts/DroidSansMono.ttf' (77K)
[2018.12.14-03.39.30:850][  0]LogSlate: Took 0.000228 seconds to synchronously load lazily loaded font '../../../Engine/Content/Slate/Fonts/Roboto-Light.ttf' (167K)
[2018.12.14-03.39.31:012][  0]LogRenderer: Reallocating scene render targets to support 1216x372 Format 10 NumSamples 1 (Frame:1).
[2018.12.14-03.39.31:169][  0]LogContentBrowser: Native class hierarchy updated for 'HierarchicalLODOutliner' in 0.0021 seconds. Added 0 classes and 0 folders.
[2018.12.14-03.39.31:170][  0]LogLoad: (Engine Initialization) Total time: 27.35 seconds
[2018.12.14-03.39.31:170][  0]LogLoad: (Engine Initialization) Total Blueprint compile time: 0.00 seconds
[2018.12.14-03.39.31:208][  0]LogContentStreaming: Texture pool size now 3000 MB
[2018.12.14-03.39.31:287][  2]LogAssetRegistry: Asset discovery search completed in 16.5645 seconds
[2018.12.14-03.39.31:290][  2]LogCollectionManager: Rebuilt the object cache for 0 collections in 0.000001 seconds (found 0 objects)
[2018.12.14-03.39.31:290][  2]LogCollectionManager: Fixed up redirectors for 0 collections in 0.000384 seconds (updated 0 objects)
[2018.12.14-03.39.33:406][110]LogSlate: FSceneViewport::OnFocusLost() reason 0
[2018.12.14-03.39.35:106][204]Candidate modules for hot reload:
[2018.12.14-03.39.35:106][204]  Corporate_America
[2018.12.14-03.39.35:107][204]Launching UnrealBuildTool... [C:/Program Files/Epic Games/UE_4.19/Engine/Binaries/DotNET/UnrealBuildTool.exe Corporate_America -ModuleWithSuffix=Corporate_America,170 Win64 Development -editorrecompile -canskiplink "D:/Corporate America/CorporateAmerica/Corporate_America/Corporate_America.uproject" ]
[2018.12.14-03.39.35:118][204]Warning: Starting HotReload took  0.0s.
[2018.12.14-03.39.38:390][374]CompilerResultsLog: New page: Compilation - Dec 13, 2018, 5:39:38 PM
[2018.12.14-03.39.38:391][374]CompilerResultsLog: Using 'git status' to determine working set for adaptive non-unity build.
[2018.12.14-03.39.38:392][374]CompilerResultsLog: Compiling game modules for hot reload
[2018.12.14-03.39.38:392][374]CompilerResultsLog: Target is up to date
[2018.12.14-03.39.38:393][374]CompilerResultsLog: Total build time: 2.81 seconds (NoActionsToExecute executor: 0.00 seconds)
[2018.12.14-03.39.38:393][374]LogMainFrame: MainFrame: Module compiling took 3.292 seconds
[2018.12.14-03.39.38:428][374]LogContentBrowser: Native class hierarchy populated in 0.0160 seconds. Added 2464 classes and 566 folders.
[2018.12.14-03.39.38:432][374]Display: HotReload took  3.3s.
[2018.12.14-03.39.39:882][452]LogTemp: Repeating last play command: New Editor Window (PIE)
[2018.12.14-03.39.39:905][452]LogPlayLevel: PlayLevel: No blueprints needed recompiling
[2018.12.14-03.39.39:906][452]LogOnline: Display: OSS: FOnlineSubsystemNull::Shutdown()
[2018.12.14-03.39.39:906][452]LogOnline: Display: OSS: FOnlineAsyncTaskManager::Stop() ActiveTask:0000000000000000 Tasks[0/0]
[2018.12.14-03.39.39:919][452]LogOnline: Display: OSS: FOnlineAsyncTaskManager::Exit() started
[2018.12.14-03.39.39:920][452]LogOnline: Display: OSS: FOnlineAsyncTaskManager::Exit() finished
[2018.12.14-03.39.39:920][452]PIE: New page: PIE session: Test_Level00 (Dec 13, 2018, 5:39:39 PM)
[2018.12.14-03.39.39:920][452]LogPlayLevel: Creating play world package: /Game/Levels/UEDPIE_1_Test_Level00
[2018.12.14-03.39.39:924][452]LogPlayLevel: PIE: StaticDuplicateObject took: (0.004025s)
[2018.12.14-03.39.39:925][452]LogAIModule: Creating AISystem for world Test_Level00
[2018.12.14-03.39.39:926][452]LogPlayLevel: PIE: World Init took: (0.001273s)
[2018.12.14-03.39.39:926][452]LogPlayLevel: PIE: Created PIE world by copying editor world from /Game/Levels/Test_Level00.Test_Level00 to /Game/Levels/UEDPIE_1_Test_Level00.Test_Level00 (0.006202s)
[2018.12.14-03.39.39:942][452]LogInit: XAudio2 using 'Speakers / Headphones (Realtek Audio)' : 2 channels at 48 kHz using 32 bits per sample (channel mask 0x3)
[2018.12.14-03.39.40:030][452]LogInit: FAudioDevice initialized.
[2018.12.14-03.39.40:145][452]LogLoad: Game class is 'NewGameModeTest_C'
[2018.12.14-03.39.40:148][452]LogWorld: Bringing World /Game/Levels/UEDPIE_1_Test_Level00.Test_Level00 up for play (max tick rate 60) at 2018.12.13-22.39.40
[2018.12.14-03.39.40:148][452]LogWorld: Bringing up level for play took: 0.001933
[2018.12.14-03.39.40:212][452]LogContentBrowser: Native class hierarchy updated for 'MovieSceneCapture' in 0.0017 seconds. Added 11 classes and 0 folders.
[2018.12.14-03.39.40:214][452]LogActor: Warning: SmartPhoneBP_C /Game/Levels/UEDPIE_1_Test_Level00.Test_Level00:PersistentLevel.Active Weapon_SmartPhoneBP_C_CAT_0 has natively added scene component(s), but none of them were set as the actor's RootComponent - picking one arbitrarily
[2018.12.14-03.39.40:216][452]LogTemp: Display: ParseSettings for GameNetDriver
[2018.12.14-03.39.40:216][452]LogTemp: Display: ParseSettings for IpNetDriver_0
[2018.12.14-03.39.40:216][452]LogTemp: Display: ParseSettings for GameNetDriver
[2018.12.14-03.39.40:217][452]LogInit: WinSock: Socket queue 131072 / 131072
[2018.12.14-03.39.40:217][452]PacketHandlerLog: Loaded PacketHandler component: Engine.EngineHandlerComponentFactory (StatelessConnectHandlerComponent)
[2018.12.14-03.39.40:218][452]LogNet: GameNetDriver IpNetDriver_0 IpNetDriver listening on port 17777
[2018.12.14-03.39.40:222][452]PIE: Play in editor start time for /Game/Levels/UEDPIE_1_Test_Level00 0.627
[2018.12.14-03.39.40:226][452]PIE: New page: PIE session: Test_Level00 (Dec 13, 2018, 5:39:40 PM)
[2018.12.14-03.39.40:233][452]LogSlate: FSceneViewport::OnFocusLost() reason 2
[2018.12.14-03.39.40:328][452]LogNet: Browse: 127.0.0.1:17777//Game/FirstPersonCPP/Maps/FirstPersonExampleMap
[2018.12.14-03.39.40:328][452]LogTemp: Display: ParseSettings for GameNetDriver
[2018.12.14-03.39.40:328][452]LogTemp: Display: ParseSettings for IpNetDriver_1
[2018.12.14-03.39.40:329][452]LogTemp: Display: ParseSettings for PendingNetDriver
[2018.12.14-03.39.40:329][452]LogInit: WinSock: Socket queue 32768 / 32768
[2018.12.14-03.39.40:330][452]PacketHandlerLog: Loaded PacketHandler component: Engine.EngineHandlerComponentFactory (StatelessConnectHandlerComponent)
[2018.12.14-03.39.40:330][452]LogNet: Game client on port 17777, rate 10000
[2018.12.14-03.39.40:335][452]PIE: Play in editor start time for /Game/FirstPersonCPP/Maps/FirstPersonExampleMap 0.739
[2018.12.14-03.39.40:348][452]LogNet: NotifyAcceptingConnection accepted from: 127.0.0.1:49724
[2018.12.14-03.39.40:349][452]LogHandshake: SendConnectChallenge. Timestamp: 0.016669, Cookie: 172127248253157166182159085214017189000250091142088053200186
[2018.12.14-03.39.40:359][452]LogHandshake: SendChallengeResponse. Timestamp: 0.016669, Cookie: 172127248253157166182159085214017189000250091142088053200186
[2018.12.14-03.39.40:387][452]LogRenderer: Reallocating scene render targets to support 1216x576 Format 10 NumSamples 1 (Frame:1).
[2018.12.14-03.39.40:601][453]LogNet: NotifyAcceptingConnection accepted from: 127.0.0.1:49724
[2018.12.14-03.39.40:601][453]LogHandshake: SendChallengeAck. InCookie: 172127248253157166182159085214017189000250091142088053200186
[2018.12.14-03.39.40:601][453]LogNet: Server accepting post-challenge connection from: 127.0.0.1:49724
[2018.12.14-03.39.40:602][453]PacketHandlerLog: Loaded PacketHandler component: Engine.EngineHandlerComponentFactory (StatelessConnectHandlerComponent)
[2018.12.14-03.39.40:602][453]LogNet: NotifyAcceptedConnection: Name: Test_Level00, TimeStamp: 12/13/18 22:39:40, [UNetConnection] RemoteAddr: 127.0.0.1:49724, Name: IpConnection_1, Driver: GameNetDriver IpNetDriver_0, IsServer: YES, PC: NULL, Owner: NULL, UniqueId: INVALID
[2018.12.14-03.39.40:605][453]LogNet: AddClientConnection: Added client connection: [UNetConnection] RemoteAddr: 127.0.0.1:49724, Name: IpConnection_1, Driver: GameNetDriver IpNetDriver_0, IsServer: YES, PC: NULL, Owner: NULL, UniqueId: INVALID
[2018.12.14-03.39.40:606][453]LogNetVersion: Corporate_America 1.0.0.0, NetCL: 3944462, EngineNetVer: 2, GameNetVer: 0 (Checksum: 3211145606)
[2018.12.14-03.39.40:607][453]LogNet: UPendingNetGame::SendInitialJoin: Sending hello. [UNetConnection] RemoteAddr: 127.0.0.1:17777, Name: IpConnection_0, Driver: PendingNetDriver IpNetDriver_1, IsServer: NO, PC: NULL, Owner: NULL, UniqueId: INVALID
[2018.12.14-03.39.40:665][454]LogNet: NotifyAcceptingChannel Control 0 server World /Game/Levels/UEDPIE_1_Test_Level00.Test_Level00: Accepted
[2018.12.14-03.39.40:665][454]LogNet: Remote platform little endian=1
[2018.12.14-03.39.40:665][454]LogNet: This platform little endian=1
[2018.12.14-03.39.40:697][455]LogNet: Login request: /Game/FirstPersonCPP/Maps/FirstPersonExampleMap?Name=DESKTOP-G1UAKUU-089764834FF933DE626B6C8E90860ADC userId: DESKTOP-G1UAKUU-089764834FF933DE626B6C8E90860ADC
[2018.12.14-03.39.40:698][455]LogNet: Welcomed by server (Level: /Game/Levels/UEDPIE_1_Test_Level00, Game: /Game/Levels/NewGameModeTest.NewGameModeTest_C)
[2018.12.14-03.39.40:707][455]LogLoad: LoadMap: 127.0.0.1:17777//Game/Levels/UEDPIE_1_Test_Level00?game=/Game/Levels/NewGameModeTest.NewGameModeTest_C
[2018.12.14-03.39.40:738][455]LogAIModule: Creating AISystem for world Test_Level00
[2018.12.14-03.39.40:739][455]LogTemp: Display: ParseSettings for GameNetDriver
[2018.12.14-03.39.40:756][455]LogWorld: Bringing World /Game/Levels/UEDPIE_2_Test_Level00.Test_Level00 up for play (max tick rate 60) at 2018.12.13-22.39.40
[2018.12.14-03.39.40:757][455]LogWorld: Bringing up level for play took: 0.012992
[2018.12.14-03.39.40:758][455]LogLoad: Took 0.051380 seconds to LoadMap(/Game/Levels/UEDPIE_1_Test_Level00)
[2018.12.14-03.39.40:772][456]LogNet: Client netspeed is 10000
[2018.12.14-03.39.40:773][456]LogNet: Join request: /Game/FirstPersonCPP/Maps/FirstPersonExampleMap?Name=DESKTOP-G1UAKUU-089764834FF933DE626B6C8E90860ADC?SplitscreenCount=1
[2018.12.14-03.39.40:774][456]LogOnline: Warning: OSS: No game present to join for session (GameSession)
[2018.12.14-03.39.40:778][456]LogActor: Warning: SmartPhoneBP_C /Game/Levels/UEDPIE_1_Test_Level00.Test_Level00:PersistentLevel.Active Weapon_SmartPhoneBP_C_CAT_1 has natively added scene component(s), but none of them were set as the actor's RootComponent - picking one arbitrarily
[2018.12.14-03.39.40:780][456]LogNet: Join succeeded: DESKTOP-G1UAKUU-0897
[2018.12.14-03.39.40:845][457]LogNetPackageMap: Warning: FNetGUIDCache::SupportsObject: StaticMeshComponent /Game/Levels/UEDPIE_1_Test_Level00.Test_Level00:PersistentLevel.BP_Employee_C_1.StaticMeshComponent_3 NOT Supported.
[2018.12.14-03.39.40:845][457]LogNetPackageMap: Warning: FNetGUIDCache::SupportsObject: DrawFrustumComponent /Game/Levels/UEDPIE_1_Test_Level00.Test_Level00:PersistentLevel.BP_Employee_C_1.DrawFrustumComponent_3 NOT Supported.
[2018.12.14-03.39.40:847][457]LogNetPackageMap: Warning: FNetGUIDCache::SupportsObject: StaticMeshComponent /Game/Levels/UEDPIE_1_Test_Level00.Test_Level00:PersistentLevel.BP_Employee_C_0.StaticMeshComponent_1 NOT Supported.
[2018.12.14-03.39.40:849][457]LogNetPackageMap: Warning: FNetGUIDCache::SupportsObject: DrawFrustumComponent /Game/Levels/UEDPIE_1_Test_Level00.Test_Level00:PersistentLevel.BP_Employee_C_0.DrawFrustumComponent_1 NOT Supported.
[2018.12.14-03.39.40:933][458]LogOnline: Warning: OSS: No game present to join for session (GameSession)
[2018.12.14-03.39.41:940][458]LogWindows: Error: === Critical error: ===
[2018.12.14-03.39.41:940][458]LogWindows: Error: 
[2018.12.14-03.39.41:941][458]LogWindows: Error: Unhandled Exception: EXCEPTION_ACCESS_VIOLATION reading address 0x00000000
[2018.12.14-03.39.41:941][458]LogWindows: Error: 
[2018.12.14-03.39.41:941][458]LogWindows: Error: [Callstack] 0x00000000BD1D7BF2 UE4Editor-Corporate_America.dll!AEmployee::BeginPlay() [d:\corporate america\corporateamerica\corporate_america\source\corporate_america\employee.cpp:49]
[2018.12.14-03.39.41:941][458]LogWindows: Error: [Callstack] 0x00000000F93F72FB UE4Editor-Engine.dll!UnknownFunction []
[2018.12.14-03.39.41:941][458]LogWindows: Error: [Callstack] 0x00000000FA6AAE33 UE4Editor-Engine.dll!UnknownFunction []
[2018.12.14-03.39.41:941][458]LogWindows: Error: [Callstack] 0x00000000F9B7CB8C UE4Editor-Engine.dll!UnknownFunction []
[2018.12.14-03.39.41:941][458]LogWindows: Error: [Callstack] 0x0000000022B7E094 UE4Editor-CoreUObject.dll!UnknownFunction []
[2018.12.14-03.39.41:941][458]LogWindows: Error: [Callstack] 0x0000000022D69D73 UE4Editor-CoreUObject.dll!UnknownFunction []
[2018.12.14-03.39.41:941][458]LogWindows: Error: [Callstack] 0x00000000F942CCFB UE4Editor-Engine.dll!UnknownFunction []
[2018.12.14-03.39.41:941][458]LogWindows: Error: [Callstack] 0x00000000FA1D703F UE4Editor-Engine.dll!UnknownFunction []
[2018.12.14-03.39.41:941][458]LogWindows: Error: [Callstack] 0x00000000F99EDB95 UE4Editor-Engine.dll!UnknownFunction []
[2018.12.14-03.39.41:941][458]LogWindows: Error: [Callstack] 0x00000000F9A16F7B UE4Editor-Engine.dll!UnknownFunction []
[2018.12.14-03.39.41:941][458]LogWindows: Error: [Callstack] 0x00000000F9A1A118 UE4Editor-Engine.dll!UnknownFunction []
[2018.12.14-03.39.41:941][458]LogWindows: Error: [Callstack] 0x00000000F9A27BBB UE4Editor-Engine.dll!UnknownFunction []
[2018.12.14-03.39.41:941][458]LogWindows: Error: [Callstack] 0x00000000F9A2CB0C UE4Editor-Engine.dll!UnknownFunction []
[2018.12.14-03.39.41:941][458]LogWindows: Error: [Callstack] 0x00000000F9A2B1BC UE4Editor-Engine.dll!UnknownFunction []
[2018.12.14-03.39.41:941][458]LogWindows: Error: [Callstack] 0x00000000F9A2C7A6 UE4Editor-Engine.dll!UnknownFunction []
[2018.12.14-03.39.41:941][458]LogWindows: Error: [Callstack] 0x00000000F9F32BBD UE4Editor-Engine.dll!UnknownFunction []
[2018.12.14-03.39.41:941][458]LogWindows: Error: [Callstack] 0x00000000F9F33C37 UE4Editor-Engine.dll!UnknownFunction []
[2018.12.14-03.39.41:941][458]LogWindows: Error: [Callstack] 0x00000000D66BF00B UE4Editor-OnlineSubsystemUtils.dll!UnknownFunction []
[2018.12.14-03.39.41:941][458]LogWindows: Error: [Callstack] 0x00000000F9F0AD4F UE4Editor-Engine.dll!UnknownFunction []
[2018.12.14-03.39.41:941][458]LogWindows: Error: [Callstack] 0x00000000F9323068 UE4Editor-Engine.dll!UnknownFunction []
[2018.12.14-03.39.41:941][458]LogWindows: Error: [Callstack] 0x00000000F9D9648D UE4Editor-Engine.dll!UnknownFunction []
[2018.12.14-03.39.41:941][458]LogWindows: Error: [Callstack] 0x00000000C3DDD781 UE4Editor-UnrealEd.dll!UnknownFunction []
[2018.12.14-03.39.41:941][458]LogWindows: Error: [Callstack] 0x00000000C4679626 UE4Editor-UnrealEd.dll!UnknownFunction []
[2018.12.14-03.39.41:941][458]LogWindows: Error: [Callstack] 0x00000000B0625EAC UE4Editor.exe!UnknownFunction []
[2018.12.14-03.39.41:941][458]LogWindows: Error: [Callstack] 0x00000000B0636BD0 UE4Editor.exe!UnknownFunction []
[2018.12.14-03.39.41:942][458]LogWindows: Error: [Callstack] 0x00000000B0636C4A UE4Editor.exe!UnknownFunction []
[2018.12.14-03.39.41:942][458]LogWindows: Error: [Callstack] 0x00000000B0644177 UE4Editor.exe!UnknownFunction []
[2018.12.14-03.39.41:942][458]LogWindows: Error: [Callstack] 0x00000000B0645B87 UE4Editor.exe!UnknownFunction []
[2018.12.14-03.39.41:942][458]LogWindows: Error: [Callstack] 0x0000000039C43034 KERNEL32.DLL!UnknownFunction []
[2018.12.14-03.39.41:942][458]LogWindows: Error: [Callstack] 0x000000003AA43691 ntdll.dll!UnknownFunction []
[2018.12.14-03.39.41:942][458]LogWindows: Error: [Callstack] 0x000000003AA43691 ntdll.dll!UnknownFunction []
[2018.12.14-03.39.41:942][458]LogWindows: Error: 
[2018.12.14-03.39.41:953][458]LogExit: Executing StaticShutdownAfterError
[2018.12.14-03.39.41:958][458]LogWindows: FPlatformMisc::RequestExit(1)
[2018.12.14-03.39.41:958][458]Log file closed, 12/13/18 22:39:41
