Log file open, 12/13/18 22:43:15
LogWindows: Failed to load 'aqProf.dll' (GetLastError=126)
LogWindows: File 'aqProf.dll' does not exist
LogWindows: Failed to load 'VtuneApi.dll' (GetLastError=126)
LogWindows: File 'VtuneApi.dll' does not exist
LogWindows: Failed to load 'VtuneApi32e.dll' (GetLastError=126)
LogWindows: File 'VtuneApi32e.dll' does not exist
LogInit: Display: Running engine for game: Corporate_America
LogPlatformFile: Not using cached read wrapper
LogInit: Display: RandInit(708531310) SRandInit(708531310).
LogInit: Read version file with build ID '3944462'
LogInit: Overriding engine version to CL 4033788, compatible CL 3944462
LogInit: Registered custom module enumerator with build ID '3944462'
LogTaskGraph: Started task graph with 5 named threads and 23 total threads with 3 sets of task threads.
LogStats: Stats thread started at 0.309613
LogD3D11RHI: Aftermath initialized
LogICUInternationalization: Display: ICU TimeZone Detection - Raw Offset: -5:00, Platform Override: ''
LogPluginManager: Mounting plugin Paper2D
LogPluginManager: Mounting plugin LiveLink
LogPluginManager: Mounting plugin LightPropagationVolume
LogPluginManager: Mounting plugin CLionSourceCodeAccess
LogPluginManager: Mounting plugin CodeLiteSourceCodeAccess
LogPluginManager: Mounting plugin GitSourceControl
LogPluginManager: Mounting plugin KDevelopSourceCodeAccess
LogPluginManager: Mounting plugin NullSourceCodeAccess
LogPluginManager: Mounting plugin PerforceSourceControl
LogPluginManager: Mounting plugin SubversionSourceControl
LogPluginManager: Mounting plugin UObjectPlugin
LogPluginManager: Mounting plugin VisualStudioCodeSourceCodeAccess
LogPluginManager: Mounting plugin VisualStudioSourceCodeAccess
LogPluginManager: Mounting plugin XCodeSourceCodeAccess
LogPluginManager: Mounting plugin AssetManagerEditor
LogPluginManager: Mounting plugin CryptoKeys
LogPluginManager: Mounting plugin DataValidation
LogPluginManager: Mounting plugin FacialAnimation
LogPluginManager: Mounting plugin GameplayTagsEditor
LogPluginManager: Mounting plugin MobileLauncherProfileWizard
LogPluginManager: Mounting plugin PluginBrowser
LogPluginManager: Mounting plugin SpeedTreeImporter
LogPluginManager: Mounting plugin DatasmithContent
LogPluginManager: Mounting plugin AlembicImporter
LogPluginManager: Mounting plugin CharacterAI
LogPluginManager: Mounting plugin HTML5Networking
LogPluginManager: Mounting plugin AndroidMedia
LogPluginManager: Mounting plugin AvfMedia
LogPluginManager: Mounting plugin ImgMedia
LogPluginManager: Mounting plugin LinearTimecode
LogPluginManager: Mounting plugin MediaCompositing
LogPluginManager: Mounting plugin MediaPlayerEditor
LogPluginManager: Mounting plugin WmfMedia
LogPluginManager: Mounting plugin TcpMessaging
LogPluginManager: Mounting plugin UdpMessaging
LogPluginManager: Mounting plugin ActorSequence
LogPluginManager: Mounting plugin LevelSequenceEditor
LogPluginManager: Mounting plugin MatineeToLevelSequence
LogPluginManager: Mounting plugin NetcodeUnitTest
LogPluginManager: Mounting plugin NUTUnrealEngine4
LogPluginManager: Mounting plugin OnlineSubsystemGooglePlay
LogPluginManager: Mounting plugin OnlineSubsystemIOS
LogPluginManager: Mounting plugin OnlineSubsystem
LogPluginManager: Mounting plugin OnlineSubsystemNull
LogPluginManager: Mounting plugin OnlineSubsystemSteam
LogPluginManager: Mounting plugin OnlineSubsystemUtils
LogPluginManager: Mounting plugin AndroidDeviceProfileSelector
LogPluginManager: Mounting plugin AndroidMoviePlayer
LogPluginManager: Mounting plugin AndroidPermission
LogPluginManager: Mounting plugin AppleARKit
LogPluginManager: Mounting plugin AppleMoviePlayer
LogPluginManager: Mounting plugin ArchVisCharacter
LogPluginManager: Mounting plugin AudioCapture
LogPluginManager: Mounting plugin CableComponent
LogPluginManager: Mounting plugin CustomMeshComponent
LogPluginManager: Mounting plugin ExampleDeviceProfileSelector
LogPluginManager: Mounting plugin GoogleCloudMessaging
LogPluginManager: Mounting plugin ImmediatePhysics
LogPluginManager: Mounting plugin IOSDeviceProfileSelector
LogPluginManager: Mounting plugin LinuxDeviceProfileSelector
LogPluginManager: Mounting plugin LocationServicesBPLibrary
LogPluginManager: Mounting plugin MobilePatchingUtils
LogPluginManager: Mounting plugin OculusVR
LogPluginManager: Plugin shader directory ../../../Engine/Plugins/Runtime/Oculus/OculusVR/Shaders found
LogPluginManager: Mapping shader source directory ../../../Engine/Plugins/Runtime/Oculus/OculusVR/Shaders to virtual directory /Plugin/OculusVR
LogPluginManager: Mounting plugin PhysXVehicles
LogPluginManager: Mounting plugin ProceduralMeshComponent
LogPluginManager: Mounting plugin RuntimePhysXCooking
LogPluginManager: Mounting plugin SteamVR
LogPluginManager: Mounting plugin WindowsMoviePlayer
LogStreaming: Display: Took  0.190s to configure plugins.
LogModuleManager: Display: Found up-to-date module file D:/Corporate America/CorporateAmerica/Corporate_America/Binaries/Win64/UE4Editor-Corporate_America.dll (API version 3944462).
LogModuleManager: Display: Found up-to-date module file ../../../Engine/Plugins/2D/Paper2D/Binaries/Win64/UE4Editor-Paper2D.dll (API version 3944462).
LogModuleManager: Display: Found up-to-date module file ../../../Engine/Plugins/2D/Paper2D/Binaries/Win64/UE4Editor-Paper2DEditor.dll (API version 3944462).
LogModuleManager: Display: Found up-to-date module file ../../../Engine/Plugins/2D/Paper2D/Binaries/Win64/UE4Editor-PaperSpriteSheetImporter.dll (API version 3944462).
LogModuleManager: Display: Found up-to-date module file ../../../Engine/Plugins/2D/Paper2D/Binaries/Win64/UE4Editor-PaperTiledImporter.dll (API version 3944462).
LogModuleManager: Display: Found up-to-date module file ../../../Engine/Plugins/2D/Paper2D/Binaries/Win64/UE4Editor-SmartSnapping.dll (API version 3944462).
LogModuleManager: Display: Found up-to-date module file ../../../Engine/Plugins/Animation/LiveLink/Binaries/Win64/UE4Editor-LiveLink.dll (API version 3944462).
LogModuleManager: Display: Found up-to-date module file ../../../Engine/Plugins/Animation/LiveLink/Binaries/Win64/UE4Editor-LiveLinkEditor.dll (API version 3944462).
LogModuleManager: Display: Found up-to-date module file ../../../Engine/Plugins/Blendables/LightPropagationVolume/Binaries/Win64/UE4Editor-LightPropagationVolumeRuntime.dll (API version 3944462).
LogModuleManager: Display: Found up-to-date module file ../../../Engine/Plugins/Blendables/LightPropagationVolume/Binaries/Win64/UE4Editor-LightPropagationVolumeEditor.dll (API version 3944462).
LogModuleManager: Display: Found up-to-date module file ../../../Engine/Plugins/Developer/CLionSourceCodeAccess/Binaries/Win64/UE4Editor-CLionSourceCodeAccess.dll (API version 3944462).
LogModuleManager: Display: Found up-to-date module file ../../../Engine/Plugins/Developer/GitSourceControl/Binaries/Win64/UE4Editor-GitSourceControl.dll (API version 3944462).
LogModuleManager: Display: Found up-to-date module file ../../../Engine/Plugins/Developer/PerforceSourceControl/Binaries/Win64/UE4Editor-PerforceSourceControl.dll (API version 3944462).
LogModuleManager: Display: Found up-to-date module file ../../../Engine/Plugins/Developer/SubversionSourceControl/Binaries/Win64/UE4Editor-SubversionSourceControl.dll (API version 3944462).
LogModuleManager: Display: Found up-to-date module file ../../../Engine/Plugins/Developer/UObjectPlugin/Binaries/Win64/UE4Editor-UObjectPlugin.dll (API version 3944462).
LogModuleManager: Display: Found up-to-date module file ../../../Engine/Plugins/Developer/VisualStudioCodeSourceCodeAccess/Binaries/Win64/UE4Editor-VisualStudioCodeSourceCodeAccess.dll (API version 3944462).
LogModuleManager: Display: Found up-to-date module file ../../../Engine/Plugins/Developer/VisualStudioSourceCodeAccess/Binaries/Win64/UE4Editor-VisualStudioSourceCodeAccess.dll (API version 3944462).
LogModuleManager: Display: Found up-to-date module file ../../../Engine/Plugins/Editor/AssetManagerEditor/Binaries/Win64/UE4Editor-AssetManagerEditor.dll (API version 3944462).
LogModuleManager: Display: Found up-to-date module file ../../../Engine/Plugins/Editor/CryptoKeys/Binaries/Win64/UE4Editor-CryptoKeys.dll (API version 3944462).
LogModuleManager: Display: Found up-to-date module file ../../../Engine/Plugins/Editor/CryptoKeys/Binaries/Win64/UE4Editor-CryptoKeysOpenSSL.dll (API version 3944462).
LogModuleManager: Display: Found up-to-date module file ../../../Engine/Plugins/Editor/DataValidation/Binaries/Win64/UE4Editor-DataValidation.dll (API version 3944462).
LogModuleManager: Display: Found up-to-date module file ../../../Engine/Plugins/Editor/FacialAnimation/Binaries/Win64/UE4Editor-FacialAnimation.dll (API version 3944462).
LogModuleManager: Display: Found up-to-date module file ../../../Engine/Plugins/Editor/FacialAnimation/Binaries/Win64/UE4Editor-FacialAnimationEditor.dll (API version 3944462).
LogModuleManager: Display: Found up-to-date module file ../../../Engine/Plugins/Editor/GameplayTagsEditor/Binaries/Win64/UE4Editor-GameplayTagsEditor.dll (API version 3944462).
LogModuleManager: Display: Found up-to-date module file ../../../Engine/Plugins/Editor/MobileLauncherProfileWizard/Binaries/Win64/UE4Editor-MobileLauncherProfileWizard.dll (API version 3944462).
LogModuleManager: Display: Found up-to-date module file ../../../Engine/Plugins/Editor/PluginBrowser/Binaries/Win64/UE4Editor-PluginBrowser.dll (API version 3944462).
LogModuleManager: Display: Found up-to-date module file ../../../Engine/Plugins/Editor/SpeedTreeImporter/Binaries/Win64/UE4Editor-SpeedTreeImporter.dll (API version 3944462).
LogModuleManager: Display: Found up-to-date module file ../../../Engine/Plugins/Enterprise/DatasmithContent/Binaries/Win64/UE4Editor-DatasmithContent.dll (API version 3944462).
LogModuleManager: Display: Found up-to-date module file ../../../Engine/Plugins/Experimental/AlembicImporter/Binaries/Win64/UE4Editor-AlembicImporter.dll (API version 3944462).
LogModuleManager: Display: Found up-to-date module file ../../../Engine/Plugins/Experimental/AlembicImporter/Binaries/Win64/UE4Editor-AlembicLibrary.dll (API version 3944462).
LogModuleManager: Display: Found up-to-date module file ../../../Engine/Plugins/Experimental/CharacterAI/Binaries/Win64/UE4Editor-CharacterAI.dll (API version 3944462).
LogModuleManager: Display: Found up-to-date module file ../../../Engine/Plugins/Experimental/HTML5Networking/Binaries/Win64/UE4Editor-HTML5Networking.dll (API version 3944462).
LogModuleManager: Display: Found up-to-date module file ../../../Engine/Plugins/Media/AndroidMedia/Binaries/Win64/UE4Editor-AndroidMediaEditor.dll (API version 3944462).
LogModuleManager: Display: Found up-to-date module file ../../../Engine/Plugins/Media/AndroidMedia/Binaries/Win64/UE4Editor-AndroidMediaFactory.dll (API version 3944462).
LogModuleManager: Display: Found up-to-date module file ../../../Engine/Plugins/Media/AvfMedia/Binaries/Win64/UE4Editor-AvfMediaEditor.dll (API version 3944462).
LogModuleManager: Display: Found up-to-date module file ../../../Engine/Plugins/Media/AvfMedia/Binaries/Win64/UE4Editor-AvfMediaFactory.dll (API version 3944462).
LogModuleManager: Display: Found up-to-date module file ../../../Engine/Plugins/Media/AvfMedia/Binaries/Win64/UE4Editor-AvfMediaFactory.dll (API version 3944462).
LogModuleManager: Display: Found up-to-date module file ../../../Engine/Plugins/Media/ImgMedia/Binaries/Win64/UE4Editor-ImgMedia.dll (API version 3944462).
LogModuleManager: Display: Found up-to-date module file ../../../Engine/Plugins/Media/ImgMedia/Binaries/Win64/UE4Editor-ImgMediaEditor.dll (API version 3944462).
LogModuleManager: Display: Found up-to-date module file ../../../Engine/Plugins/Media/ImgMedia/Binaries/Win64/UE4Editor-ImgMediaFactory.dll (API version 3944462).
LogModuleManager: Display: Found up-to-date module file ../../../Engine/Plugins/Media/ImgMedia/Binaries/Win64/UE4Editor-ImgMediaFactory.dll (API version 3944462).
LogModuleManager: Display: Found up-to-date module file ../../../Engine/Plugins/Media/ImgMedia/Binaries/Win64/UE4Editor-OpenExrWrapper.dll (API version 3944462).
LogModuleManager: Display: Found up-to-date module file ../../../Engine/Plugins/Media/LinearTimecode/Binaries/Win64/UE4Editor-LinearTimecode.dll (API version 3944462).
LogModuleManager: Display: Found up-to-date module file ../../../Engine/Plugins/Media/MediaCompositing/Binaries/Win64/UE4Editor-MediaCompositing.dll (API version 3944462).
LogModuleManager: Display: Found up-to-date module file ../../../Engine/Plugins/Media/MediaCompositing/Binaries/Win64/UE4Editor-MediaCompositingEditor.dll (API version 3944462).
LogModuleManager: Display: Found up-to-date module file ../../../Engine/Plugins/Media/MediaPlayerEditor/Binaries/Win64/UE4Editor-MediaPlayerEditor.dll (API version 3944462).
LogModuleManager: Display: Found up-to-date module file ../../../Engine/Plugins/Media/WmfMedia/Binaries/Win64/UE4Editor-WmfMedia.dll (API version 3944462).
LogModuleManager: Display: Found up-to-date module file ../../../Engine/Plugins/Media/WmfMedia/Binaries/Win64/UE4Editor-WmfMediaEditor.dll (API version 3944462).
LogModuleManager: Display: Found up-to-date module file ../../../Engine/Plugins/Media/WmfMedia/Binaries/Win64/UE4Editor-WmfMediaFactory.dll (API version 3944462).
LogModuleManager: Display: Found up-to-date module file ../../../Engine/Plugins/Media/WmfMedia/Binaries/Win64/UE4Editor-WmfMediaFactory.dll (API version 3944462).
LogModuleManager: Display: Found up-to-date module file ../../../Engine/Plugins/Messaging/TcpMessaging/Binaries/Win64/UE4Editor-TcpMessaging.dll (API version 3944462).
LogModuleManager: Display: Found up-to-date module file ../../../Engine/Plugins/Messaging/UdpMessaging/Binaries/Win64/UE4Editor-UdpMessaging.dll (API version 3944462).
LogModuleManager: Display: Found up-to-date module file ../../../Engine/Plugins/MovieScene/ActorSequence/Binaries/Win64/UE4Editor-ActorSequence.dll (API version 3944462).
LogModuleManager: Display: Found up-to-date module file ../../../Engine/Plugins/MovieScene/LevelSequenceEditor/Binaries/Win64/UE4Editor-LevelSequenceEditor.dll (API version 3944462).
LogModuleManager: Display: Found up-to-date module file ../../../Engine/Plugins/MovieScene/MatineeToLevelSequence/Binaries/Win64/UE4Editor-MatineeToLevelSequence.dll (API version 3944462).
LogModuleManager: Display: Found up-to-date module file ../../../Engine/Plugins/NetcodeUnitTest/NetcodeUnitTest/Binaries/Win64/UE4Editor-NetcodeUnitTest.dll (API version 3944462).
LogModuleManager: Display: Found up-to-date module file ../../../Engine/Plugins/NetcodeUnitTest/NUTUnrealEngine4/Binaries/Win64/UE4Editor-NUTUnrealEngine4.dll (API version 3944462).
LogModuleManager: Display: Found up-to-date module file ../../../Engine/Plugins/Online/OnlineSubsystem/Binaries/Win64/UE4Editor-OnlineSubsystem.dll (API version 3944462).
LogModuleManager: Display: Found up-to-date module file ../../../Engine/Plugins/Online/OnlineSubsystemNull/Binaries/Win64/UE4Editor-OnlineSubsystemNull.dll (API version 3944462).
LogModuleManager: Display: Found up-to-date module file ../../../Engine/Plugins/Online/OnlineSubsystemSteam/Binaries/Win64/UE4Editor-OnlineSubsystemSteam.dll (API version 3944462).
LogModuleManager: Display: Found up-to-date module file ../../../Engine/Plugins/Online/OnlineSubsystemUtils/Binaries/Win64/UE4Editor-OnlineSubsystemUtils.dll (API version 3944462).
LogModuleManager: Display: Found up-to-date module file ../../../Engine/Plugins/Online/OnlineSubsystemUtils/Binaries/Win64/UE4Editor-OnlineBlueprintSupport.dll (API version 3944462).
LogModuleManager: Display: Found up-to-date module file ../../../Engine/Plugins/Runtime/AndroidDeviceProfileSelector/Binaries/Win64/UE4Editor-AndroidDeviceProfileSelector.dll (API version 3944462).
LogModuleManager: Display: Found up-to-date module file ../../../Engine/Plugins/Runtime/AndroidPermission/Binaries/Win64/UE4Editor-AndroidPermission.dll (API version 3944462).
LogModuleManager: Display: Found up-to-date module file ../../../Engine/Plugins/Runtime/AppleARKit/Binaries/Win64/UE4Editor-AppleARKit.dll (API version 3944462).
LogModuleManager: Display: Found up-to-date module file ../../../Engine/Plugins/Runtime/ArchVisCharacter/Binaries/Win64/UE4Editor-ArchVisCharacter.dll (API version 3944462).
LogModuleManager: Display: Found up-to-date module file ../../../Engine/Plugins/Runtime/AudioCapture/Binaries/Win64/UE4Editor-AudioCapture.dll (API version 3944462).
LogModuleManager: Display: Found up-to-date module file ../../../Engine/Plugins/Runtime/AudioCapture/Binaries/Win64/UE4Editor-AudioCaptureEditor.dll (API version 3944462).
LogModuleManager: Display: Found up-to-date module file ../../../Engine/Plugins/Runtime/CableComponent/Binaries/Win64/UE4Editor-CableComponent.dll (API version 3944462).
LogModuleManager: Display: Found up-to-date module file ../../../Engine/Plugins/Runtime/CustomMeshComponent/Binaries/Win64/UE4Editor-CustomMeshComponent.dll (API version 3944462).
LogModuleManager: Display: Found up-to-date module file ../../../Engine/Plugins/Runtime/ExampleDeviceProfileSelector/Binaries/Win64/UE4Editor-ExampleDeviceProfileSelector.dll (API version 3944462).
LogModuleManager: Display: Found up-to-date module file ../../../Engine/Plugins/Runtime/ImmediatePhysics/Binaries/Win64/UE4Editor-ImmediatePhysics.dll (API version 3944462).
LogModuleManager: Display: Found up-to-date module file ../../../Engine/Plugins/Runtime/ImmediatePhysics/Binaries/Win64/UE4Editor-ImmediatePhysicsEditor.dll (API version 3944462).
LogModuleManager: Display: Found up-to-date module file ../../../Engine/Plugins/Runtime/LocationServicesBPLibrary/Binaries/Win64/UE4Editor-LocationServicesBPLibrary.dll (API version 3944462).
LogModuleManager: Display: Found up-to-date module file ../../../Engine/Plugins/Runtime/MobilePatchingUtils/Binaries/Win64/UE4Editor-MobilePatchingUtils.dll (API version 3944462).
LogModuleManager: Display: Found up-to-date module file ../../../Engine/Plugins/Runtime/Oculus/OculusVR/Binaries/Win64/UE4Editor-OculusHMD.dll (API version 3944462).
LogModuleManager: Display: Found up-to-date module file ../../../Engine/Plugins/Runtime/Oculus/OculusVR/Binaries/Win64/UE4Editor-OculusInput.dll (API version 3944462).
LogModuleManager: Display: Found up-to-date module file ../../../Engine/Plugins/Runtime/Oculus/OculusVR/Binaries/Win64/UE4Editor-OculusEditor.dll (API version 3944462).
LogModuleManager: Display: Found up-to-date module file ../../../Engine/Plugins/Runtime/PhysXVehicles/Binaries/Win64/UE4Editor-PhysXVehicles.dll (API version 3944462).
LogModuleManager: Display: Found up-to-date module file ../../../Engine/Plugins/Runtime/PhysXVehicles/Binaries/Win64/UE4Editor-PhysXVehiclesEditor.dll (API version 3944462).
LogModuleManager: Display: Found up-to-date module file ../../../Engine/Plugins/Runtime/ProceduralMeshComponent/Binaries/Win64/UE4Editor-ProceduralMeshComponent.dll (API version 3944462).
LogModuleManager: Display: Found up-to-date module file ../../../Engine/Plugins/Runtime/ProceduralMeshComponent/Binaries/Win64/UE4Editor-ProceduralMeshComponentEditor.dll (API version 3944462).
LogModuleManager: Display: Found up-to-date module file ../../../Engine/Plugins/Runtime/RuntimePhysXCooking/Binaries/Win64/UE4Editor-RuntimePhysXCooking.dll (API version 3944462).
LogModuleManager: Display: Found up-to-date module file ../../../Engine/Plugins/Runtime/Steam/SteamVR/Binaries/Win64/UE4Editor-SteamVR.dll (API version 3944462).
LogModuleManager: Display: Found up-to-date module file ../../../Engine/Plugins/Runtime/Steam/SteamVR/Binaries/Win64/UE4Editor-SteamVRController.dll (API version 3944462).
LogModuleManager: Display: Found up-to-date module file ../../../Engine/Plugins/Runtime/WindowsMoviePlayer/Binaries/Win64/UE4Editor-WindowsMoviePlayer.dll (API version 3944462).
LogInit: Using libcurl 7.47.1
LogInit:  - built for x86_64-pc-win32
LogInit:  - supports SSL with OpenSSL/1.0.2g
LogInit:  - supports HTTP deflate (compression) using libz 1.2.8
LogInit:  - other features:
LogInit:      CURL_VERSION_SSL
LogInit:      CURL_VERSION_LIBZ
LogInit:      CURL_VERSION_IPV6
LogInit:      CURL_VERSION_ASYNCHDNS
LogInit:      CURL_VERSION_LARGEFILE
LogInit:      CURL_VERSION_IDN
LogInit:  CurlRequestOptions (configurable via config and command line):
LogInit:  - bVerifyPeer = false  - Libcurl will NOT verify peer certificate
LogInit:  - bUseHttpProxy = false  - Libcurl will NOT use HTTP proxy
LogInit:  - bDontReuseConnections = false  - Libcurl will reuse connections
LogInit:  - CertBundlePath = nullptr  - Libcurl will use whatever was configured at build time.
LogInit:  - MaxHostConnections = 16  - Libcurl will limit the number of connections to a host
LogInit:  - LocalHostAddr = Default
LogInit: WinSock: version 1.1 (2.2), MaxSocks=32767, MaxUdp=65467
LogInit: WinSock: I am DESKTOP-G1UAKUU (192.168.1.154:0)
LogInit: Build: ++UE4+Release-4.19-CL-4033788
LogInit: Engine Version: 4.19.2-4033788+++UE4+Release-4.19
LogInit: Compatible Engine Version: 4.19.0-3944462+++UE4+Release-4.19
LogInit: Net CL: 3944462
LogDevObjectVersion: Number of dev versions registered: 18
LogDevObjectVersion:   Dev-Blueprints (B0D832E4-1F89-4F0D-ACCF-7EB736FD4AA2): 10
LogDevObjectVersion:   Dev-Build (E1C64328-A22C-4D53-A36C-8E866417BD8C): 0
LogDevObjectVersion:   Dev-Core (375EC13C-06E4-48FB-B500-84F0262A717E): 2
LogDevObjectVersion:   Dev-Editor (E4B068ED-F494-42E9-A231-DA0B2E46BB41): 23
LogDevObjectVersion:   Dev-Framework (CFFC743F-43B0-4480-9391-14DF171D2073): 33
LogDevObjectVersion:   Dev-Mobile (B02B49B5-BB20-44E9-A304-32B752E40360): 2
LogDevObjectVersion:   Dev-Networking (A4E4105C-59A1-49B5-A7C5-40C4547EDFEE): 0
LogDevObjectVersion:   Dev-Online (39C831C9-5AE6-47DC-9A44-9C173E1C8E7C): 0
LogDevObjectVersion:   Dev-Physics (78F01B33-EBEA-4F98-B9B4-84EACCB95AA2): 0
LogDevObjectVersion:   Dev-Platform (6631380F-2D4D-43E0-8009-CF276956A95A): 0
LogDevObjectVersion:   Dev-Rendering (12F88B9F-8875-4AFC-A67C-D90C383ABD29): 25
LogDevObjectVersion:   Dev-Sequencer (7B5AE74C-D270-4C10-A958-57980B212A5A): 6
LogDevObjectVersion:   Dev-VR (D7296918-1DD6-4BDD-9DE2-64A83CC13884): 1
LogDevObjectVersion:   Dev-LoadTimes (C2A15278-BFE7-4AFE-6C17-90FF531DF755): 1
LogDevObjectVersion:   Private-Geometry (6EACA3D4-40EC-4CC1-B786-8BED09428FC5): 2
LogDevObjectVersion:   Dev-AnimPhys (29E575DD-E0A3-4627-9D10-D276232CDCEA): 16
LogDevObjectVersion:   Dev-ReflectionCapture (6B266CEC-1EC7-4B8F-A30B-E4D90942FC07): 1
LogDevObjectVersion:   Dev-Automation (0DF73D61-A23F-47EA-B727-89E90C41499A): 1
LogInit: Compiled (64-bit): Apr 27 2018 02:06:57
LogInit: Compiled with Visual C++: 19.00.24215.01
LogInit: Build Configuration: Development
LogInit: Branch Name: ++UE4+Release-4.19
LogInit: Command Line:  
LogInit: Base Directory: C:/Program Files/Epic Games/UE_4.19/Engine/Binaries/Win64/
LogInit: Installed Engine Build: 1
LogStreaming: Display: Took  0.003s to delete old logs.
LogInit: Presizing for max 8388607 objects, including 0 objects not considered by GC, pre-allocating 0 bytes for permanent pool.
LogInit: Object subsystem initialized
[2018.12.14-03.43.19:761][  0]LogInit: Selected Device Profile: [Windows]
[2018.12.14-03.43.19:761][  0]LogInit: Applying CVar settings loaded from the selected device profile: [Windows]
[2018.12.14-03.43.19:780][  0]LogInit: Computer: DESKTOP-G1UAKUU
[2018.12.14-03.43.19:780][  0]LogInit: User: samde
[2018.12.14-03.43.19:780][  0]LogInit: CPU Page size=4096, Cores=4
[2018.12.14-03.43.19:780][  0]LogInit: High frequency timer resolution =2.742191 MHz
[2018.12.14-03.43.19:780][  0]LogMemory: Memory total: Physical=15.9GB (16GB approx)
[2018.12.14-03.43.19:780][  0]LogMemory: Platform Memory Stats for Windows
[2018.12.14-03.43.19:780][  0]LogMemory: Process Physical Memory: 274.97 MB used, 274.97 MB peak
[2018.12.14-03.43.19:780][  0]LogMemory: Process Virtual Memory: 264.93 MB used, 264.93 MB peak
[2018.12.14-03.43.19:780][  0]LogMemory: Physical Memory: 8627.68 MB used,  7622.59 MB free, 16250.27 MB total
[2018.12.14-03.43.19:780][  0]LogMemory: Virtual Memory: 4796.12 MB used,  7622.59 MB free, 134217728.00 MB total
[2018.12.14-03.43.19:805][  0]LogInit: Using OS detected language (en-US).
[2018.12.14-03.43.19:805][  0]LogInit: Using OS detected locale (en-US).
[2018.12.14-03.43.19:808][  0]LogTextLocalizationManager: No specific localization for 'en-US' exists, so the 'en' localization will be used.
[2018.12.14-03.43.20:331][  0]LogStreaming: Display: Took  0.526s to EndInitTextLocalization.
[2018.12.14-03.43.20:331][  0]LogInit: Setting process to per monitor DPI aware
[2018.12.14-03.43.20:470][  0]LogSlate: New Slate User Created.  User Index 0, Is Virtual User: 0
[2018.12.14-03.43.20:470][  0]LogSlate: Slate User Registered.  User Index 0, Is Virtual User: 0
[2018.12.14-03.43.20:773][  0]LogD3D11RHI: D3D11 adapters:
[2018.12.14-03.43.21:937][  0]LogD3D11RHI:    0. 'NVIDIA GeForce GTX 1050 Ti' (Feature Level 11_0)
[2018.12.14-03.43.21:937][  0]LogD3D11RHI:       4018/0/8125 MB DedicatedVideo/DedicatedSystem/SharedSystem, Outputs:1, VendorId:0x10de
[2018.12.14-03.43.21:980][  0]LogD3D11RHI:    1. 'Intel(R) HD Graphics 630' (Feature Level 11_0)
[2018.12.14-03.43.21:980][  0]LogD3D11RHI:       128/0/8125 MB DedicatedVideo/DedicatedSystem/SharedSystem, Outputs:0, VendorId:0x8086
[2018.12.14-03.43.21:985][  0]LogD3D11RHI:    2. 'Microsoft Basic Render Driver' (Feature Level 11_0)
[2018.12.14-03.43.21:985][  0]LogD3D11RHI:       0/0/8125 MB DedicatedVideo/DedicatedSystem/SharedSystem, Outputs:0, VendorId:0x1414
[2018.12.14-03.43.21:985][  0]LogD3D11RHI: Chosen D3D11 Adapter: 0
[2018.12.14-03.43.22:018][  0]LogD3D11RHI: Creating new Direct3DDevice
[2018.12.14-03.43.22:018][  0]LogD3D11RHI:     GPU DeviceId: 0x1c8c (for the marketing name, search the web for "GPU Device Id")
[2018.12.14-03.43.22:018][  0]LogWindows: EnumDisplayDevices:
[2018.12.14-03.43.22:019][  0]LogWindows:    0. 'Intel(R) HD Graphics 630' (P:1 D:1)
[2018.12.14-03.43.22:020][  0]LogWindows:    1. 'Intel(R) HD Graphics 630' (P:0 D:0)
[2018.12.14-03.43.22:021][  0]LogWindows:    2. 'Intel(R) HD Graphics 630' (P:0 D:0)
[2018.12.14-03.43.22:022][  0]LogWindows:    3. 'NVIDIA GeForce GTX 1050 Ti' (P:0 D:0)
[2018.12.14-03.43.22:022][  0]LogWindows: DebugString: GetVideoDriverDetailsInvalid PrimaryIsNotTheChoosenAdapter GetVideoDriverDetailsInvalid PrimaryIsNotTheChoosenAdapter GetVideoDriverDetailsInvalid PrimaryIsNotTheChoosenAdapter GetVideoDriverDetailsInvalid PrimaryIsNotTheChoosenAdapter FoundDriverCount:0 
[2018.12.14-03.43.22:022][  0]LogD3D11RHI:     Adapter Name: NVIDIA GeForce GTX 1050 Ti
[2018.12.14-03.43.22:022][  0]LogD3D11RHI:   Driver Version: Unknown (internal:Unknown, unified:Unknown)
[2018.12.14-03.43.22:022][  0]LogD3D11RHI:      Driver Date: Unknown
[2018.12.14-03.43.22:022][  0]LogRHI: Texture pool is 2812 MB (70% of 4018 MB)
[2018.12.14-03.43.22:239][  0]LogD3D11RHI: [Aftermath] Aftermath enabled and primed
[2018.12.14-03.43.22:239][  0]LogD3D11RHI: [Aftermath] Aftermath enabled and primed
[2018.12.14-03.43.22:239][  0]LogD3D11RHI: Async texture creation enabled
[2018.12.14-03.43.22:315][  0]LogD3D11RHI: GPU Timing Frequency: 1000.000000 (Debug: 2 2)
[2018.12.14-03.43.22:315][  0]LogShaderCompilers: Guid format shader working directory is -9 characters bigger than the processId version (D:/Corporate America/CorporateAmerica/Corporate_America/Intermediate/Shaders/WorkingDirectory/1416/).
[2018.12.14-03.43.22:315][  0]LogShaderCompilers: Cleaned the shader compiler working directory 'C:/Users/samde/AppData/Local/Temp/UnrealShaderWorkingDir/7220EA814F094246E694EE84437BFFEF/'.
[2018.12.14-03.43.22:555][  0]LogTemp: Display: Loaded TP AllDesktopTargetPlatform
[2018.12.14-03.43.22:573][  0]LogTemp: Display: Loaded TP MacClientTargetPlatform
[2018.12.14-03.43.22:590][  0]LogTemp: Display: Loaded TP MacNoEditorTargetPlatform
[2018.12.14-03.43.22:607][  0]LogTemp: Display: Loaded TP MacServerTargetPlatform
[2018.12.14-03.43.22:626][  0]LogTemp: Display: Loaded TP MacTargetPlatform
[2018.12.14-03.43.22:644][  0]LogTemp: Display: Loaded TP WindowsClientTargetPlatform
[2018.12.14-03.43.22:661][  0]LogTemp: Display: Loaded TP WindowsNoEditorTargetPlatform
[2018.12.14-03.43.22:677][  0]LogTemp: Display: Loaded TP WindowsServerTargetPlatform
[2018.12.14-03.43.22:688][  0]LogTemp: Display: Loaded TP WindowsTargetPlatform
[2018.12.14-03.43.22:701][  0]LogTemp: Display: Loaded TP Android_ASTCTargetPlatform
[2018.12.14-03.43.22:714][  0]LogTemp: Display: Loaded TP Android_ATCTargetPlatform
[2018.12.14-03.43.22:728][  0]LogTemp: Display: Loaded TP Android_DXTTargetPlatform
[2018.12.14-03.43.22:746][  0]LogTemp: Display: Loaded TP Android_ETC1aTargetPlatform
[2018.12.14-03.43.22:763][  0]LogTemp: Display: Loaded TP Android_ETC1TargetPlatform
[2018.12.14-03.43.22:779][  0]LogTemp: Display: Loaded TP Android_ETC2TargetPlatform
[2018.12.14-03.43.22:809][  0]LogTemp: Display: Loaded TP Android_MultiTargetPlatform
[2018.12.14-03.43.22:809][  0]LogTemp: Display: Loaded TP Android_PVRTCTargetPlatform
[2018.12.14-03.43.22:828][  0]LogTemp: Display: Loaded TP AndroidTargetPlatform
[2018.12.14-03.43.22:830][  0]LogTemp: Display: Loaded TP HTML5TargetPlatform
[2018.12.14-03.43.22:878][  0]LogTemp: Display: Loaded TP IOSTargetPlatform
[2018.12.14-03.43.22:893][  0]LogTemp: Display: Loaded TP TVOSTargetPlatform
[2018.12.14-03.43.22:909][  0]LogTemp: Display: Loaded TP LinuxClientTargetPlatform
[2018.12.14-03.43.22:922][  0]LogTemp: Display: Loaded TP LinuxNoEditorTargetPlatform
[2018.12.14-03.43.22:937][  0]LogTemp: Display: Loaded TP LinuxServerTargetPlatform
[2018.12.14-03.43.22:952][  0]LogTemp: Display: Loaded TP LinuxTargetPlatform
[2018.12.14-03.43.22:952][  0]LogTargetPlatformManager: Display: Building Assets For Windows
[2018.12.14-03.43.23:119][  0]LogXGEController: Cleaning working directory: C:/Users/samde/AppData/Local/Temp/UnrealXGEWorkingDir/
[2018.12.14-03.43.23:119][  0]LogXGEController: Cannot use XGE Controller as Incredibuild is not installed on this machine.
[2018.12.14-03.43.23:119][  0]LogShaderCompilers: Cannot use XGE Shader Compiler as Incredibuild is not installed on this machine.
[2018.12.14-03.43.23:119][  0]LogShaderCompilers: Display: Using Local Shader Compiler.
[2018.12.14-03.43.24:099][  0]LogDerivedDataCache: Display: Max Cache Size: 512 MB
[2018.12.14-03.43.24:190][  0]LogDerivedDataCache: Loaded boot cache 0.09s 82MB C:/Users/samde/AppData/Local/UnrealEngine/4.19/DerivedDataCache/Boot.ddc.
[2018.12.14-03.43.24:190][  0]LogDerivedDataCache: Display: Loaded Boot cache: C:/Users/samde/AppData/Local/UnrealEngine/4.19/DerivedDataCache/Boot.ddc
[2018.12.14-03.43.24:191][  0]LogDerivedDataCache: FDerivedDataBackendGraph:  Pak pak cache file D:/Corporate America/CorporateAmerica/Corporate_America/DerivedDataCache/DDC.ddp not found, will not use a pak cache.
[2018.12.14-03.43.24:191][  0]LogDerivedDataCache: Unable to find inner node Pak for hierarchical cache Hierarchy.
[2018.12.14-03.43.24:191][  0]LogDerivedDataCache: FDerivedDataBackendGraph:  CompressedPak pak cache file D:/Corporate America/CorporateAmerica/Corporate_America/DerivedDataCache/Compressed.ddp not found, will not use a pak cache.
[2018.12.14-03.43.24:191][  0]LogDerivedDataCache: Unable to find inner node CompressedPak for hierarchical cache Hierarchy.
[2018.12.14-03.43.24:207][  0]LogDerivedDataCache: Display: Pak cache opened for reading ../../../Engine/DerivedDataCache/Compressed.ddp.
[2018.12.14-03.43.24:220][  0]LogDerivedDataCache: Using Local data cache path C:/Users/samde/AppData/Local/UnrealEngine/Common/DerivedDataCache: Writable
[2018.12.14-03.43.24:220][  0]LogDerivedDataCache: Shared data cache path not found in *engine.ini, will not use an Shared cache.
[2018.12.14-03.43.24:220][  0]LogDerivedDataCache: Unable to find inner node Shared for hierarchical cache Hierarchy.
[2018.12.14-03.43.24:233][  0]LogMaterial: Verifying Global Shaders for PCD3D_SM5
[2018.12.14-03.43.24:233][  0]LogSlate: Using Freetype 2.6.0
[2018.12.14-03.43.24:234][  0]LogSlate: SlateFontCache - WITH_FREETYPE: 1, WITH_HARFBUZZ: 1
[2018.12.14-03.43.24:234][  0]LogSlate: SlateFontCache - WITH_FREETYPE: 1, WITH_HARFBUZZ: 1
[2018.12.14-03.43.24:385][  0]LogAssetRegistry: FAssetRegistry took 0.0269 seconds to start up
[2018.12.14-03.43.24:776][  0]LogInit: Selected Device Profile: [Windows]
[2018.12.14-03.43.25:335][  0]LogSimplygon: Simplygon DLL not present - disabling.
[2018.12.14-03.43.25:373][  0]LogMeshReduction: Using SimplygonSwarm for distributed automatic mesh merging
[2018.12.14-03.43.25:373][  0]LogMeshReduction: Using QuadricMeshReduction for automatic static mesh reduction
[2018.12.14-03.43.25:373][  0]LogMeshReduction: No automatic skeletal mesh reduction module available
[2018.12.14-03.43.25:373][  0]LogMeshReduction: No automatic mesh merging module available
[2018.12.14-03.43.25:373][  0]LogMeshMerging: No automatic mesh merging module available
[2018.12.14-03.43.25:568][  0]LogNetVersion: Corporate_America , NetCL: 3944462, EngineNetVer: 2, GameNetVer: 0 (Checksum: 3226822143)
[2018.12.14-03.43.26:110][  0]LogPackageLocalizationCache: Processed 9 localized package path(s) for 2 prioritized culture(s) in 0.107373 seconds
[2018.12.14-03.43.26:114][  0]LogUObjectArray: 36728 objects as part of root set at end of initial load.
[2018.12.14-03.43.26:114][  0]LogUObjectAllocator: 7314304 out of 0 bytes used by permanent object pool.
[2018.12.14-03.43.26:114][  0]LogUObjectArray: CloseDisregardForGC: 0/0 objects in disregard for GC pool
[2018.12.14-03.43.28:933][  0]LogTcpMessaging: Initializing TcpMessaging bridge
[2018.12.14-03.43.28:981][  0]LogUdpMessaging: Initializing bridge on interface 0.0.0.0:0 to multicast group 230.0.0.1:6666.
[2018.12.14-03.43.29:373][  0]LogUObjectGlobals: Created PersistentFrame Addr=0x000002df3c6b9080, Size=144, Default__UE4ASP_HeroTPP_AnimBlueprint_C Function /Game/Employee/Animation/UE4ASP_HeroTPP_AnimBlueprint.UE4ASP_HeroTPP_AnimBlueprint_C:ExecuteUbergraph_UE4ASP_HeroTPP_AnimBlueprint
[2018.12.14-03.43.29:375][  0]LogUObjectGlobals: Created PersistentFrame Addr=0x000002df3c3a3c40, Size=320, Default__Ue4ASP_Character_C Function /Game/AnimStarterPack/Ue4ASP_Character.Ue4ASP_Character_C:ExecuteUbergraph_Ue4ASP_Character
[2018.12.14-03.43.29:434][  0]LogUObjectGlobals: Destroyed PersistentFrame Addr=0x000002df3c6b9080, Size=144
[2018.12.14-03.43.29:434][  0]LogUObjectGlobals: Created PersistentFrame Addr=0x000002df3db83b00, Size=144, Default__UE4ASP_HeroTPP_AnimBlueprint_C Function /Engine/Transient.REINST_UE4ASP_HeroTPP_AnimBlueprint_C_0:ExecuteUbergraph_UE4ASP_HeroTPP_AnimBlueprint
[2018.12.14-03.43.29:435][  0]LogUObjectGlobals: Destroyed PersistentFrame Addr=0x000002df3c3a3c40, Size=320
[2018.12.14-03.43.29:435][  0]LogUObjectGlobals: Created PersistentFrame Addr=0x000002df3cf95bc0, Size=320, Default__Ue4ASP_Character_C Function /Engine/Transient.REINST_Ue4ASP_Character_C_1:ExecuteUbergraph_Ue4ASP_Character
[2018.12.14-03.43.29:454][  0]LogUObjectGlobals: Created PersistentFrame Addr=0x000002df3da6f600, Size=144, Default__UE4ASP_HeroTPP_AnimBlueprint_C Function /Game/Employee/Animation/UE4ASP_HeroTPP_AnimBlueprint.UE4ASP_HeroTPP_AnimBlueprint_C:ExecuteUbergraph_UE4ASP_HeroTPP_AnimBlueprint
[2018.12.14-03.43.29:456][  0]LogUObjectGlobals: Created PersistentFrame Addr=0x000002df3dae9d00, Size=320, Default__Ue4ASP_Character_C Function /Game/AnimStarterPack/Ue4ASP_Character.Ue4ASP_Character_C:ExecuteUbergraph_Ue4ASP_Character
[2018.12.14-03.43.29:504][  0]LogUObjectGlobals: Created PersistentFrame Addr=0x000002df3cf6ba60, Size=72, Default__FirstPerson_AnimBP_C Function /Game/FirstPerson/Animations/FirstPerson_AnimBP.FirstPerson_AnimBP_C:ExecuteUbergraph_FirstPerson_AnimBP
[2018.12.14-03.43.29:511][  0]LogUObjectGlobals: Destroyed PersistentFrame Addr=0x000002df3cf6ba60, Size=72
[2018.12.14-03.43.29:512][  0]LogUObjectGlobals: Created PersistentFrame Addr=0x000002df3d9c2340, Size=72, Default__FirstPerson_AnimBP_C Function /Engine/Transient.REINST_FirstPerson_AnimBP_C_1:ExecuteUbergraph_FirstPerson_AnimBP
[2018.12.14-03.43.29:519][  0]LogUObjectGlobals: Created PersistentFrame Addr=0x000002df3d772c00, Size=72, Default__FirstPerson_AnimBP_C Function /Game/FirstPerson/Animations/FirstPerson_AnimBP.FirstPerson_AnimBP_C:ExecuteUbergraph_FirstPerson_AnimBP
[2018.12.14-03.43.29:972][  0]LogStats: FPlatformStackWalk::StackWalkAndDump -  0.362 s
[2018.12.14-03.43.29:972][  0]LogOutputDevice: Error: === Handled ensure: ===
[2018.12.14-03.43.29:973][  0]LogOutputDevice: Error: 
[2018.12.14-03.43.29:973][  0]LogOutputDevice: Error: Ensure condition failed: !AttachmentRules.bWeldSimulatedBodies [File:D:\Build\++UE4+Release-4.19+Compile\Sync\Engine\Source\Runtime\Engine\Private\Components\SceneComponent.cpp] [Line: 1677]
[2018.12.14-03.43.29:973][  0]LogOutputDevice: Error: AttachToComponent when called from a constructor cannot weld simulated bodies. Consider calling SetupAttachment directly instead.
[2018.12.14-03.43.29:973][  0]LogOutputDevice: Error: Stack: 
[2018.12.14-03.43.29:973][  0]LogOutputDevice: Error: [Callstack] 0x000000002350B706 UE4Editor-Core.dll!UnknownFunction []
[2018.12.14-03.43.29:973][  0]LogOutputDevice: Error: [Callstack] 0x000000002326AE3A UE4Editor-Core.dll!UnknownFunction []
[2018.12.14-03.43.29:973][  0]LogOutputDevice: Error: [Callstack] 0x000000002327ECD6 UE4Editor-Core.dll!UnknownFunction []
[2018.12.14-03.43.29:973][  0]LogOutputDevice: Error: [Callstack] 0x00000000F992E07E UE4Editor-Engine.dll!UnknownFunction []
[2018.12.14-03.43.29:973][  0]LogOutputDevice: Error: [Callstack] 0x00000000BCFB7A33 UE4Editor-Corporate_America.dll!AEmployee::AEmployee() [d:\corporate america\corporateamerica\corporate_america\source\corporate_america\employee.cpp:41]
[2018.12.14-03.43.29:973][  0]LogOutputDevice: Error: [Callstack] 0x0000000022B654F8 UE4Editor-CoreUObject.dll!UnknownFunction []
[2018.12.14-03.43.29:973][  0]LogOutputDevice: Error: [Callstack] 0x0000000022B72025 UE4Editor-CoreUObject.dll!UnknownFunction []
[2018.12.14-03.43.29:973][  0]LogOutputDevice: Error: [Callstack] 0x0000000022DC414B UE4Editor-CoreUObject.dll!UnknownFunction []
[2018.12.14-03.43.29:973][  0]LogOutputDevice: Error: [Callstack] 0x0000000022DC40C8 UE4Editor-CoreUObject.dll!UnknownFunction []
[2018.12.14-03.43.29:973][  0]LogOutputDevice: Error: [Callstack] 0x0000000022C72742 UE4Editor-CoreUObject.dll!UnknownFunction []
[2018.12.14-03.43.29:973][  0]LogOutputDevice: Error: [Callstack] 0x0000000022C98E11 UE4Editor-CoreUObject.dll!UnknownFunction []
[2018.12.14-03.43.29:973][  0]LogOutputDevice: Error: [Callstack] 0x0000000022C63151 UE4Editor-CoreUObject.dll!UnknownFunction []
[2018.12.14-03.43.29:973][  0]LogOutputDevice: Error: [Callstack] 0x0000000022C40588 UE4Editor-CoreUObject.dll!UnknownFunction []
[2018.12.14-03.43.29:973][  0]LogOutputDevice: Error: [Callstack] 0x00000000F97E7C66 UE4Editor-Engine.dll!UnknownFunction []
[2018.12.14-03.43.29:973][  0]LogOutputDevice: Error: [Callstack] 0x0000000022CA3FDC UE4Editor-CoreUObject.dll!UnknownFunction []
[2018.12.14-03.43.29:973][  0]LogOutputDevice: Error: [Callstack] 0x0000000022C734F7 UE4Editor-CoreUObject.dll!UnknownFunction []
[2018.12.14-03.43.29:973][  0]LogOutputDevice: Error: [Callstack] 0x0000000022C98E11 UE4Editor-CoreUObject.dll!UnknownFunction []
[2018.12.14-03.43.29:973][  0]LogOutputDevice: Error: [Callstack] 0x0000000022C71C62 UE4Editor-CoreUObject.dll!UnknownFunction []
[2018.12.14-03.43.29:973][  0]LogOutputDevice: Error: [Callstack] 0x0000000022C738CB UE4Editor-CoreUObject.dll!UnknownFunction []
[2018.12.14-03.43.29:973][  0]LogOutputDevice: Error: [Callstack] 0x0000000022C99B14 UE4Editor-CoreUObject.dll!UnknownFunction []
[2018.12.14-03.43.29:973][  0]LogOutputDevice: Error: [Callstack] 0x0000000022DD30D6 UE4Editor-CoreUObject.dll!UnknownFunction []
[2018.12.14-03.43.29:973][  0]LogOutputDevice: Error: [Callstack] 0x0000000022DD2544 UE4Editor-CoreUObject.dll!UnknownFunction []
[2018.12.14-03.43.29:973][  0]LogOutputDevice: Error: [Callstack] 0x0000000022DE9A53 UE4Editor-CoreUObject.dll!UnknownFunction []
[2018.12.14-03.43.29:973][  0]LogOutputDevice: Error: [Callstack] 0x0000000022DF43EF UE4Editor-CoreUObject.dll!UnknownFunction []
[2018.12.14-03.43.29:973][  0]LogOutputDevice: Error: [Callstack] 0x0000000022DF3B13 UE4Editor-CoreUObject.dll!UnknownFunction []
[2018.12.14-03.43.29:973][  0]LogOutputDevice: Error: [Callstack] 0x0000000022DF3740 UE4Editor-CoreUObject.dll!UnknownFunction []
[2018.12.14-03.43.29:973][  0]LogOutputDevice: Error: [Callstack] 0x00000000BCFB5B3F UE4Editor-Corporate_America.dll!ConstructorHelpersInternal::FindOrLoadClass() [c:\program files\epic games\ue_4.19\engine\source\runtime\coreuobject\public\uobject\constructorhelpers.h:86]
[2018.12.14-03.43.29:973][  0]LogOutputDevice: Error: [Callstack] 0x00000000BCFB5418 UE4Editor-Corporate_America.dll!ACorporate_AmericaGameMode::ACorporate_AmericaGameMode() [d:\corporate america\corporateamerica\corporate_america\source\corporate_america\corporate_americagamemode.cpp:12]
[2018.12.14-03.43.29:973][  0]LogOutputDevice: Error: [Callstack] 0x0000000022B654F8 UE4Editor-CoreUObject.dll!UnknownFunction []
[2018.12.14-03.43.29:973][  0]LogOutputDevice: Error: [Callstack] 0x0000000022DF7D30 UE4Editor-CoreUObject.dll!UnknownFunction []
[2018.12.14-03.43.29:973][  0]LogOutputDevice: Error: [Callstack] 0x0000000022DD94A2 UE4Editor-CoreUObject.dll!UnknownFunction []
[2018.12.14-03.43.29:973][  0]LogOutputDevice: Error: [Callstack] 0x0000000022B6A7F7 UE4Editor-CoreUObject.dll!UnknownFunction []
[2018.12.14-03.43.29:973][  0]LogOutputDevice: Error: [Callstack] 0x0000000023114190 UE4Editor-Core.dll!UnknownFunction []
[2018.12.14-03.43.29:973][  0]LogOutputDevice: Error: [Callstack] 0x0000000023325E91 UE4Editor-Core.dll!UnknownFunction []
[2018.12.14-03.43.29:973][  0]LogOutputDevice: Error: [Callstack] 0x0000000023B0FC7A UE4Editor-Projects.dll!UnknownFunction []
[2018.12.14-03.43.29:973][  0]LogOutputDevice: Error: [Callstack] 0x0000000023B0FFC2 UE4Editor-Projects.dll!UnknownFunction []
[2018.12.14-03.43.29:973][  0]LogOutputDevice: Error: [Callstack] 0x00000000B0639731 UE4Editor.exe!UnknownFunction []
[2018.12.14-03.43.29:973][  0]LogOutputDevice: Error: [Callstack] 0x00000000B063DD83 UE4Editor.exe!UnknownFunction []
[2018.12.14-03.43.29:973][  0]LogOutputDevice: Error: [Callstack] 0x00000000B06369FA UE4Editor.exe!UnknownFunction []
[2018.12.14-03.43.29:973][  0]LogOutputDevice: Error: [Callstack] 0x00000000B0636C4A UE4Editor.exe!UnknownFunction []
[2018.12.14-03.43.29:973][  0]LogOutputDevice: Error: [Callstack] 0x00000000B0644177 UE4Editor.exe!UnknownFunction []
[2018.12.14-03.43.29:973][  0]LogOutputDevice: Error: [Callstack] 0x00000000B0645B87 UE4Editor.exe!UnknownFunction []
[2018.12.14-03.43.29:973][  0]LogOutputDevice: Error: [Callstack] 0x0000000039C43034 KERNEL32.DLL!UnknownFunction []
[2018.12.14-03.43.29:973][  0]LogOutputDevice: Error: [Callstack] 0x000000003AA43691 ntdll.dll!UnknownFunction []
[2018.12.14-03.43.29:973][  0]LogOutputDevice: Error: 
[2018.12.14-03.43.29:984][  0]LogStats:                SubmitErrorReport -  0.000 s
[2018.12.14-03.43.30:437][  0]LogStats:                    SendNewReport -  0.454 s
[2018.12.14-03.43.30:437][  0]LogStats:             FDebug::EnsureFailed -  0.828 s
[2018.12.14-03.43.30:439][  0]LogStats: FPlatformStackWalk::StackWalkAndDump -  0.002 s
[2018.12.14-03.43.30:439][  0]LogOutputDevice: Error: === Handled ensure: ===
[2018.12.14-03.43.30:439][  0]LogOutputDevice: Error: 
[2018.12.14-03.43.30:439][  0]LogOutputDevice: Error: Ensure condition failed: AttachmentRules.LocationRule == EAttachmentRule::KeepRelative && AttachmentRules.RotationRule == EAttachmentRule::KeepRelative && AttachmentRules.ScaleRule == EAttachmentRule::KeepRelative [File:D:\Build\++UE4+Release-4.19+Compile\Sync\Engine\Source\Runtime\Engine\Private\Components\SceneComponent.cpp] [Line: 1678]
[2018.12.14-03.43.30:439][  0]LogOutputDevice: Error: AttachToComponent when called from a constructor is only setting up attachment and will always be treated as KeepRelative. Consider calling SetupAttachment directly instead.
[2018.12.14-03.43.30:439][  0]LogOutputDevice: Error: Stack: 
[2018.12.14-03.43.30:439][  0]LogOutputDevice: Error: [Callstack] 0x000000002350B706 UE4Editor-Core.dll!UnknownFunction []
[2018.12.14-03.43.30:439][  0]LogOutputDevice: Error: [Callstack] 0x000000002326AE3A UE4Editor-Core.dll!UnknownFunction []
[2018.12.14-03.43.30:439][  0]LogOutputDevice: Error: [Callstack] 0x000000002327ECD6 UE4Editor-Core.dll!UnknownFunction []
[2018.12.14-03.43.30:439][  0]LogOutputDevice: Error: [Callstack] 0x00000000F992E0F8 UE4Editor-Engine.dll!UnknownFunction []
[2018.12.14-03.43.30:439][  0]LogOutputDevice: Error: [Callstack] 0x00000000BCFB7A33 UE4Editor-Corporate_America.dll!AEmployee::AEmployee() [d:\corporate america\corporateamerica\corporate_america\source\corporate_america\employee.cpp:41]
[2018.12.14-03.43.30:439][  0]LogOutputDevice: Error: [Callstack] 0x0000000022B654F8 UE4Editor-CoreUObject.dll!UnknownFunction []
[2018.12.14-03.43.30:439][  0]LogOutputDevice: Error: [Callstack] 0x0000000022B72025 UE4Editor-CoreUObject.dll!UnknownFunction []
[2018.12.14-03.43.30:439][  0]LogOutputDevice: Error: [Callstack] 0x0000000022DC414B UE4Editor-CoreUObject.dll!UnknownFunction []
[2018.12.14-03.43.30:439][  0]LogOutputDevice: Error: [Callstack] 0x0000000022DC40C8 UE4Editor-CoreUObject.dll!UnknownFunction []
[2018.12.14-03.43.30:439][  0]LogOutputDevice: Error: [Callstack] 0x0000000022C72742 UE4Editor-CoreUObject.dll!UnknownFunction []
[2018.12.14-03.43.30:439][  0]LogOutputDevice: Error: [Callstack] 0x0000000022C98E11 UE4Editor-CoreUObject.dll!UnknownFunction []
[2018.12.14-03.43.30:439][  0]LogOutputDevice: Error: [Callstack] 0x0000000022C63151 UE4Editor-CoreUObject.dll!UnknownFunction []
[2018.12.14-03.43.30:439][  0]LogOutputDevice: Error: [Callstack] 0x0000000022C40588 UE4Editor-CoreUObject.dll!UnknownFunction []
[2018.12.14-03.43.30:439][  0]LogOutputDevice: Error: [Callstack] 0x00000000F97E7C66 UE4Editor-Engine.dll!UnknownFunction []
[2018.12.14-03.43.30:439][  0]LogOutputDevice: Error: [Callstack] 0x0000000022CA3FDC UE4Editor-CoreUObject.dll!UnknownFunction []
[2018.12.14-03.43.30:439][  0]LogOutputDevice: Error: [Callstack] 0x0000000022C734F7 UE4Editor-CoreUObject.dll!UnknownFunction []
[2018.12.14-03.43.30:439][  0]LogOutputDevice: Error: [Callstack] 0x0000000022C98E11 UE4Editor-CoreUObject.dll!UnknownFunction []
[2018.12.14-03.43.30:440][  0]LogOutputDevice: Error: [Callstack] 0x0000000022C71C62 UE4Editor-CoreUObject.dll!UnknownFunction []
[2018.12.14-03.43.30:440][  0]LogOutputDevice: Error: [Callstack] 0x0000000022C738CB UE4Editor-CoreUObject.dll!UnknownFunction []
[2018.12.14-03.43.30:440][  0]LogOutputDevice: Error: [Callstack] 0x0000000022C99B14 UE4Editor-CoreUObject.dll!UnknownFunction []
[2018.12.14-03.43.30:440][  0]LogOutputDevice: Error: [Callstack] 0x0000000022DD30D6 UE4Editor-CoreUObject.dll!UnknownFunction []
[2018.12.14-03.43.30:440][  0]LogOutputDevice: Error: [Callstack] 0x0000000022DD2544 UE4Editor-CoreUObject.dll!UnknownFunction []
[2018.12.14-03.43.30:440][  0]LogOutputDevice: Error: [Callstack] 0x0000000022DE9A53 UE4Editor-CoreUObject.dll!UnknownFunction []
[2018.12.14-03.43.30:440][  0]LogOutputDevice: Error: [Callstack] 0x0000000022DF43EF UE4Editor-CoreUObject.dll!UnknownFunction []
[2018.12.14-03.43.30:440][  0]LogOutputDevice: Error: [Callstack] 0x0000000022DF3B13 UE4Editor-CoreUObject.dll!UnknownFunction []
[2018.12.14-03.43.30:440][  0]LogOutputDevice: Error: [Callstack] 0x0000000022DF3740 UE4Editor-CoreUObject.dll!UnknownFunction []
[2018.12.14-03.43.30:440][  0]LogOutputDevice: Error: [Callstack] 0x00000000BCFB5B3F UE4Editor-Corporate_America.dll!ConstructorHelpersInternal::FindOrLoadClass() [c:\program files\epic games\ue_4.19\engine\source\runtime\coreuobject\public\uobject\constructorhelpers.h:86]
[2018.12.14-03.43.30:440][  0]LogOutputDevice: Error: [Callstack] 0x00000000BCFB5418 UE4Editor-Corporate_America.dll!ACorporate_AmericaGameMode::ACorporate_AmericaGameMode() [d:\corporate america\corporateamerica\corporate_america\source\corporate_america\corporate_americagamemode.cpp:12]
[2018.12.14-03.43.30:440][  0]LogOutputDevice: Error: [Callstack] 0x0000000022B654F8 UE4Editor-CoreUObject.dll!UnknownFunction []
[2018.12.14-03.43.30:440][  0]LogOutputDevice: Error: [Callstack] 0x0000000022DF7D30 UE4Editor-CoreUObject.dll!UnknownFunction []
[2018.12.14-03.43.30:440][  0]LogOutputDevice: Error: [Callstack] 0x0000000022DD94A2 UE4Editor-CoreUObject.dll!UnknownFunction []
[2018.12.14-03.43.30:440][  0]LogOutputDevice: Error: [Callstack] 0x0000000022B6A7F7 UE4Editor-CoreUObject.dll!UnknownFunction []
[2018.12.14-03.43.30:440][  0]LogOutputDevice: Error: [Callstack] 0x0000000023114190 UE4Editor-Core.dll!UnknownFunction []
[2018.12.14-03.43.30:440][  0]LogOutputDevice: Error: [Callstack] 0x0000000023325E91 UE4Editor-Core.dll!UnknownFunction []
[2018.12.14-03.43.30:440][  0]LogOutputDevice: Error: [Callstack] 0x0000000023B0FC7A UE4Editor-Projects.dll!UnknownFunction []
[2018.12.14-03.43.30:440][  0]LogOutputDevice: Error: [Callstack] 0x0000000023B0FFC2 UE4Editor-Projects.dll!UnknownFunction []
[2018.12.14-03.43.30:440][  0]LogOutputDevice: Error: [Callstack] 0x00000000B0639731 UE4Editor.exe!UnknownFunction []
[2018.12.14-03.43.30:440][  0]LogOutputDevice: Error: [Callstack] 0x00000000B063DD83 UE4Editor.exe!UnknownFunction []
[2018.12.14-03.43.30:440][  0]LogOutputDevice: Error: [Callstack] 0x00000000B06369FA UE4Editor.exe!UnknownFunction []
[2018.12.14-03.43.30:440][  0]LogOutputDevice: Error: [Callstack] 0x00000000B0636C4A UE4Editor.exe!UnknownFunction []
[2018.12.14-03.43.30:440][  0]LogOutputDevice: Error: [Callstack] 0x00000000B0644177 UE4Editor.exe!UnknownFunction []
[2018.12.14-03.43.30:440][  0]LogOutputDevice: Error: [Callstack] 0x00000000B0645B87 UE4Editor.exe!UnknownFunction []
[2018.12.14-03.43.30:440][  0]LogOutputDevice: Error: [Callstack] 0x0000000039C43034 KERNEL32.DLL!UnknownFunction []
[2018.12.14-03.43.30:440][  0]LogOutputDevice: Error: [Callstack] 0x000000003AA43691 ntdll.dll!UnknownFunction []
[2018.12.14-03.43.30:440][  0]LogOutputDevice: Error: 
[2018.12.14-03.43.30:445][  0]LogStats:                SubmitErrorReport -  0.000 s
[2018.12.14-03.43.30:767][  0]LogStats:                    SendNewReport -  0.322 s
[2018.12.14-03.43.30:767][  0]LogStats:             FDebug::EnsureFailed -  0.329 s
[2018.12.14-03.43.30:767][  0]LogUObjectGlobals: Created PersistentFrame Addr=0x000002df3d362020, Size=160, Default__BP_Employee_C Function /Game/Employee/Character/BP_Employee.BP_Employee_C:ExecuteUbergraph_BP_Employee
[2018.12.14-03.43.30:775][  0]LogUObjectGlobals: Destroyed PersistentFrame Addr=0x000002df3d362020, Size=160
[2018.12.14-03.43.30:775][  0]LogUObjectGlobals: Created PersistentFrame Addr=0x000002df3d362020, Size=160, Default__BP_Employee_C Function /Engine/Transient.REINST_BP_Employee_C_10:ExecuteUbergraph_BP_Employee
[2018.12.14-03.43.30:779][  0]LogUObjectGlobals: Created PersistentFrame Addr=0x000002df3c6b98a0, Size=160, Default__BP_Employee_C Function /Game/Employee/Character/BP_Employee.BP_Employee_C:ExecuteUbergraph_BP_Employee
[2018.12.14-03.43.30:876][  0]LogSkeletalMesh: Skeletal Mesh found in DDC [2.448772ms] /Game/AnimStarterPack/UE4_Mannequin/Mesh/SK_Mannequin.SK_Mannequin
[2018.12.14-03.43.30:905][  0]LogSkeletalMesh: Skeletal Mesh found in DDC [0.657868ms] /Game/FirstPerson/Character/Mesh/SK_Mannequin_Arms.SK_Mannequin_Arms
[2018.12.14-03.43.30:923][  0]LogSkeletalMesh: Skeletal Mesh found in DDC [0.793161ms] /Game/FirstPerson/FPWeapon/Mesh/SK_FPGun.SK_FPGun
[2018.12.14-03.43.30:959][  0]LogUObjectGlobals: Created PersistentFrame Addr=0x000002df3df80180, Size=64, Default__ThirdPerson_AnimBP_C Function /Game/Mannequin/Animations/ThirdPerson_AnimBP.ThirdPerson_AnimBP_C:ExecuteUbergraph_ThirdPerson_AnimBP
[2018.12.14-03.43.30:974][  0]LogUObjectGlobals: Destroyed PersistentFrame Addr=0x000002df3df80180, Size=64
[2018.12.14-03.43.30:974][  0]LogUObjectGlobals: Created PersistentFrame Addr=0x000002df4071f380, Size=64, Default__ThirdPerson_AnimBP_C Function /Engine/Transient.REINST_ThirdPerson_AnimBP_C_2:ExecuteUbergraph_ThirdPerson_AnimBP
[2018.12.14-03.43.30:985][  0]LogUObjectGlobals: Created PersistentFrame Addr=0x000002df40995e90, Size=72, Default__ThirdPerson_AnimBP_C Function /Game/Mannequin/Animations/ThirdPerson_AnimBP.ThirdPerson_AnimBP_C:ExecuteUbergraph_ThirdPerson_AnimBP
[2018.12.14-03.43.31:083][  0]LogSkeletalMesh: Skeletal Mesh found in DDC [2.812350ms] /Game/Mannequin/Character/Mesh/SK_Mannequin.SK_Mannequin
[2018.12.14-03.43.31:337][  0]SourceControl: Source control is disabled
[2018.12.14-03.43.31:337][  0]SourceControl: Source control is disabled
[2018.12.14-03.43.31:369][  0]SourceControl: Source control is disabled
[2018.12.14-03.43.31:400][  0]SourceControl: Source control is disabled
[2018.12.14-03.43.32:651][  0]LogOnline: Display: STEAM: Loading Steam SDK 1.39
[2018.12.14-03.43.32:679][  0]LogAndroidPermission: UAndroidPermissionCallbackProxy::GetInstance
[2018.12.14-03.43.32:890][  0]LogOcInput: OculusInput pre-init called
[2018.12.14-03.43.33:047][  0]LogEngine: Initializing Engine...
[2018.12.14-03.43.33:047][  0]LogHMD: Failed to initialize OpenVR with code 110
[2018.12.14-03.43.33:057][  0]LogStats: UGameplayTagsManager::ConstructGameplayTagTree: Construct from data asset -  0.000 s
[2018.12.14-03.43.33:057][  0]LogStats: UGameplayTagsManager::ConstructGameplayTagTree: GameplayTagTreeChangedEvent.Broadcast -  0.000 s
[2018.12.14-03.43.33:587][  0]LogAIModule: Creating AISystem for world Untitled
[2018.12.14-03.43.33:741][  0]LogInit: XAudio2 using 'Speakers / Headphones (Realtek Audio)' : 2 channels at 48 kHz using 32 bits per sample (channel mask 0x3)
[2018.12.14-03.43.33:825][  0]LogInit: FAudioDevice initialized.
[2018.12.14-03.43.33:925][  0]LogDerivedDataCache: Saved boot cache 0.10s 82MB C:/Users/samde/AppData/Local/UnrealEngine/4.19/DerivedDataCache/Boot.ddc.
[2018.12.14-03.43.33:948][  0]LogInit: Texture streaming: Enabled
[2018.12.14-03.43.33:973][  0]LogEngineSessionManager: EngineSessionManager initialized
[2018.12.14-03.43.33:973][  0]LogEngineSessionManager: EngineSessionManager sent abnormal shutdown report. Type=Crashed, SessionId={26CD6868-4BE7-D7E8-754B-CC90AFF40A5F}
[2018.12.14-03.43.33:992][  0]LogInit: Transaction tracking system initialized
[2018.12.14-03.43.34:031][  0]BlueprintLog: New page: Editor Load
[2018.12.14-03.43.34:240][  0]LocalizationService: Localization service is disabled
[2018.12.14-03.43.34:376][  0]LogLinker: Warning: Can't find file '/Game/VehicleCPP/VehicleOverview'
[2018.12.14-03.43.34:377][  0]LogLinker: Warning: Can't find file '/Game/VehicleCPP/VehicleOverview'
[2018.12.14-03.43.34:377][  0]LogUObjectGlobals: Warning: Failed to find object 'Class /Game/VehicleCPP/VehicleOverview.VehicleOverview_C'
[2018.12.14-03.43.34:416][  0]LogConsoleResponse: Display: 
[2018.12.14-03.43.34:639][  0]LogCook: Display: Max memory allowance for cook 16384mb min free memory 0mb
[2018.12.14-03.43.34:639][  0]LogCook: Display: Mobile HDR setting 1
[2018.12.14-03.43.34:639][  0]LogGameplayTags: Display: UGameplayTagsManager::DoneAddingNativeTags. DelegateIsBound: 0
[2018.12.14-03.43.34:639][  0]LogStats: UGameplayTagsManager::ConstructGameplayTagTree: Construct from data asset -  0.000 s
[2018.12.14-03.43.34:639][  0]LogStats: UGameplayTagsManager::ConstructGameplayTagTree: GameplayTagTreeChangedEvent.Broadcast -  0.000 s
[2018.12.14-03.43.35:172][  0]LogFileCache: Scanning file cache for directory 'D:/Corporate America/CorporateAmerica/Corporate_America/Content/' took 0.02s
[2018.12.14-03.43.35:828][  0]SourceControl: Source control is disabled
[2018.12.14-03.43.35:828][  0]Cmd: MAP LOAD FILE="D:/Corporate America/CorporateAmerica/Corporate_America/Content/Levels/Test_Level00.umap" TEMPLATE=0 SHOWPROGRESS=1 FEATURELEVEL=3
[2018.12.14-03.43.35:829][  0]LightingResults: New page: Lighting Build
[2018.12.14-03.43.35:834][  0]MapCheck: New page: Map Check
[2018.12.14-03.43.35:834][  0]LightingResults: New page: Lighting Build
[2018.12.14-03.43.35:848][  0]LogUObjectGlobals: Destroyed PersistentFrame Addr=0x000002df3db83b00, Size=144
[2018.12.14-03.43.35:848][  0]LogUObjectGlobals: Destroyed PersistentFrame Addr=0x000002df3cf95bc0, Size=320
[2018.12.14-03.43.35:849][  0]LogUObjectGlobals: Destroyed PersistentFrame Addr=0x000002df3d9c2340, Size=72
[2018.12.14-03.43.35:849][  0]LogUObjectGlobals: Destroyed PersistentFrame Addr=0x000002df3d362020, Size=160
[2018.12.14-03.43.35:849][  0]LogUObjectGlobals: Destroyed PersistentFrame Addr=0x000002df4071f380, Size=64
[2018.12.14-03.43.36:012][  0]LogAIModule: Creating AISystem for world Test_Level00
[2018.12.14-03.43.36:019][  0]LogEditorServer: Finished looking for orphan Actors (0.000 secs)
[2018.12.14-03.43.36:037][  0]Cmd: MAP CHECKDEP NOCLEARLOG
[2018.12.14-03.43.36:142][  0]MapCheck: Map check complete: 0 Error(s), 0 Warning(s), took 104.685ms to complete.
[2018.12.14-03.43.36:142][  0]LogFileHelpers: Loading map 'Test_Level00' took 0.314
[2018.12.14-03.43.36:249][  0]LogCollectionManager: Loaded 0 collections in 0.004368 seconds
[2018.12.14-03.43.36:293][  0]LogFileCache: Scanning file cache for directory 'D:/Corporate America/CorporateAmerica/Corporate_America/Saved/Collections/' took 0.01s
[2018.12.14-03.43.36:293][  0]LogFileCache: Scanning file cache for directory 'D:/Corporate America/CorporateAmerica/Corporate_America/Content/Developers/samde/Collections/' took 0.01s
[2018.12.14-03.43.36:293][  0]LogFileCache: Scanning file cache for directory 'D:/Corporate America/CorporateAmerica/Corporate_America/Content/Collections/' took 0.01s
[2018.12.14-03.43.36:293][  0]LogCollectionManager: Rebuilt the GUID cache for 0 collections in 0.000003 seconds
[2018.12.14-03.43.36:303][  0]LogContentBrowser: Native class hierarchy populated in 0.0100 seconds. Added 2464 classes and 566 folders.
[2018.12.14-03.43.36:315][  0]LogContentBrowser: Native class hierarchy updated for 'WidgetCarousel' in 0.0014 seconds. Added 0 classes and 0 folders.
[2018.12.14-03.43.36:682][  0]LogContentBrowser: Native class hierarchy updated for 'AddContentDialog' in 0.0091 seconds. Added 0 classes and 0 folders.
[2018.12.14-03.43.36:832][  0]LogSlate: Took 0.001431 seconds to synchronously load lazily loaded font '../../../Engine/Content/Slate/Fonts/Roboto-Regular.ttf' (155K)
[2018.12.14-03.43.36:839][  0]LogSlate: Took 0.001633 seconds to synchronously load lazily loaded font '../../../Engine/Content/Editor/Slate/Fonts/FontAwesome.ttf' (139K)
[2018.12.14-03.43.36:839][  0]LogSlate: Took 0.000139 seconds to synchronously load lazily loaded font '../../../Engine/Content/Slate/Fonts/Roboto-Bold.ttf' (160K)
[2018.12.14-03.43.36:843][  0]LogSlate: Took 0.000262 seconds to synchronously load lazily loaded font '../../../Engine/Content/Slate/Fonts/DroidSansMono.ttf' (77K)
[2018.12.14-03.43.36:943][  0]LogSlate: Took 0.000221 seconds to synchronously load lazily loaded font '../../../Engine/Content/Slate/Fonts/Roboto-Light.ttf' (167K)
[2018.12.14-03.43.37:058][  0]LogRenderer: Reallocating scene render targets to support 1216x372 Format 10 NumSamples 1 (Frame:1).
[2018.12.14-03.43.37:286][  0]LogContentBrowser: Native class hierarchy updated for 'HierarchicalLODOutliner' in 0.0014 seconds. Added 0 classes and 0 folders.
[2018.12.14-03.43.37:286][  0]LogLoad: (Engine Initialization) Total time: 23.94 seconds
[2018.12.14-03.43.37:287][  0]LogLoad: (Engine Initialization) Total Blueprint compile time: 0.00 seconds
[2018.12.14-03.43.37:644][  0]LogContentStreaming: Texture pool size now 3000 MB
[2018.12.14-03.43.37:980][  1]LogAssetRegistry: Asset discovery search completed in 13.6179 seconds
[2018.12.14-03.43.37:982][  1]LogCollectionManager: Rebuilt the object cache for 0 collections in 0.000000 seconds (found 0 objects)
[2018.12.14-03.43.37:982][  1]LogCollectionManager: Fixed up redirectors for 0 collections in 0.000262 seconds (updated 0 objects)
[2018.12.14-03.43.39:965][ 60]LogSlate: FSceneViewport::OnFocusLost() reason 0
[2018.12.14-03.43.40:149][ 65]Candidate modules for hot reload:
[2018.12.14-03.43.40:149][ 65]  Corporate_America
[2018.12.14-03.43.40:151][ 65]Launching UnrealBuildTool... [C:/Program Files/Epic Games/UE_4.19/Engine/Binaries/DotNET/UnrealBuildTool.exe Corporate_America -ModuleWithSuffix=Corporate_America,7287 Win64 Development -editorrecompile -canskiplink "D:/Corporate America/CorporateAmerica/Corporate_America/Corporate_America.uproject" ]
[2018.12.14-03.43.40:168][ 65]Warning: Starting HotReload took  0.1s.
[2018.12.14-03.43.46:798][300]CompilerResultsLog: New page: Compilation - Dec 13, 2018, 5:43:46 PM
[2018.12.14-03.43.46:798][300]CompilerResultsLog: Using 'git status' to determine working set for adaptive non-unity build.
[2018.12.14-03.43.46:798][300]CompilerResultsLog: Compiling game modules for hot reload
[2018.12.14-03.43.46:798][300]CompilerResultsLog: Performing 3 actions (4 in parallel)
[2018.12.14-03.43.46:799][300]CompilerResultsLog: Employee.cpp
[2018.12.14-03.43.46:799][300]CompilerResultsLog: [2/3] Link UE4Editor-Corporate_America-7287.dll
[2018.12.14-03.43.46:799][300]CompilerResultsLog: [3/3] Link UE4Editor-Corporate_America-7287.lib
[2018.12.14-03.43.46:799][300]CompilerResultsLog:    Creating library D:\Corporate America\CorporateAmerica\Corporate_America\Intermediate\Build\Win64\UE4Editor\Development\UE4Editor-Corporate_America-7287.lib and object D:\Corporate America\CorporateAmerica\Corporate_America\Intermediate\Build\Win64\UE4Editor\Development\UE4Editor-Corporate_America-7287.exp
[2018.12.14-03.43.46:799][300]CompilerResultsLog:    Creating library D:\Corporate America\CorporateAmerica\Corporate_America\Intermediate\Build\Win64\UE4Editor\Development\UE4Editor-Corporate_America-7287.suppressed.lib and object D:\Corporate America\CorporateAmerica\Corporate_America\Intermediate\Build\Win64\UE4Editor\Development\UE4Editor-Corporate_America-7287.suppressed.exp
[2018.12.14-03.43.46:799][300]CompilerResultsLog: Total build time: 6.19 seconds (Local executor: 3.96 seconds)
[2018.12.14-03.43.46:799][300]LogMainFrame: MainFrame: Module compiling took 6.660 seconds
[2018.12.14-03.43.46:934][300]LogContentBrowser: Native class hierarchy updated for 'Corporate_America' in 0.0118 seconds. Added 9 classes and 3 folders.
[2018.12.14-03.43.46:940][300]Display: HotReload successful (8 functions remapped  0 scriptstructs remapped)
[2018.12.14-03.43.47:066][300]LogContentBrowser: Native class hierarchy populated in 0.0136 seconds. Added 2464 classes and 566 folders.
[2018.12.14-03.43.47:070][300]Display: HotReload took  7.0s.
[2018.12.14-03.43.51:499][440]LogTemp: Repeating last play command: New Editor Window (PIE)
[2018.12.14-03.43.51:553][440]LogPlayLevel: PlayLevel: No blueprints needed recompiling
[2018.12.14-03.43.51:556][440]LogOnline: Display: OSS: FOnlineSubsystemNull::Shutdown()
[2018.12.14-03.43.51:556][440]LogOnline: Display: OSS: FOnlineAsyncTaskManager::Stop() ActiveTask:0000000000000000 Tasks[0/0]
[2018.12.14-03.43.51:572][440]LogOnline: Display: OSS: FOnlineAsyncTaskManager::Exit() started
[2018.12.14-03.43.51:573][440]LogOnline: Display: OSS: FOnlineAsyncTaskManager::Exit() finished
[2018.12.14-03.43.51:573][440]PIE: New page: PIE session: Test_Level00 (Dec 13, 2018, 5:43:51 PM)
[2018.12.14-03.43.51:573][440]LogPlayLevel: Creating play world package: /Game/Levels/UEDPIE_1_Test_Level00
[2018.12.14-03.43.51:580][440]LogPlayLevel: PIE: StaticDuplicateObject took: (0.007242s)
[2018.12.14-03.43.51:588][440]LogAIModule: Creating AISystem for world Test_Level00
[2018.12.14-03.43.51:591][440]LogPlayLevel: PIE: World Init took: (0.010388s)
[2018.12.14-03.43.51:591][440]LogPlayLevel: PIE: Created PIE world by copying editor world from /Game/Levels/Test_Level00.Test_Level00 to /Game/Levels/UEDPIE_1_Test_Level00.Test_Level00 (0.018386s)
[2018.12.14-03.43.51:615][440]LogInit: XAudio2 using 'Speakers / Headphones (Realtek Audio)' : 2 channels at 48 kHz using 32 bits per sample (channel mask 0x3)
[2018.12.14-03.43.51:729][440]LogInit: FAudioDevice initialized.
[2018.12.14-03.43.51:990][440]LogLoad: Game class is 'NewGameModeTest_C'
[2018.12.14-03.43.51:992][440]LogWorld: Bringing World /Game/Levels/UEDPIE_1_Test_Level00.Test_Level00 up for play (max tick rate 60) at 2018.12.13-22.43.51
[2018.12.14-03.43.51:993][440]LogWorld: Bringing up level for play took: 0.001487
[2018.12.14-03.43.52:052][440]LogContentBrowser: Native class hierarchy updated for 'MovieSceneCapture' in 0.0021 seconds. Added 11 classes and 0 folders.
[2018.12.14-03.43.52:054][440]LogActor: Warning: SmartPhoneBP_C /Game/Levels/UEDPIE_1_Test_Level00.Test_Level00:PersistentLevel.Active Weapon_SmartPhoneBP_C_CAT_0 has natively added scene component(s), but none of them were set as the actor's RootComponent - picking one arbitrarily
[2018.12.14-03.43.52:057][440]LogTemp: Display: ParseSettings for GameNetDriver
[2018.12.14-03.43.52:058][440]LogTemp: Display: ParseSettings for IpNetDriver_0
[2018.12.14-03.43.52:058][440]LogTemp: Display: ParseSettings for GameNetDriver
[2018.12.14-03.43.52:058][440]LogInit: WinSock: Socket queue 131072 / 131072
[2018.12.14-03.43.52:059][440]PacketHandlerLog: Loaded PacketHandler component: Engine.EngineHandlerComponentFactory (StatelessConnectHandlerComponent)
[2018.12.14-03.43.52:059][440]LogNet: GameNetDriver IpNetDriver_0 IpNetDriver listening on port 17777
[2018.12.14-03.43.52:063][440]PIE: Play in editor start time for /Game/Levels/UEDPIE_1_Test_Level00 0.468
[2018.12.14-03.43.52:065][440]PIE: New page: PIE session: Test_Level00 (Dec 13, 2018, 5:43:52 PM)
[2018.12.14-03.43.52:074][440]LogSlate: FSceneViewport::OnFocusLost() reason 2
[2018.12.14-03.43.52:161][440]LogNet: Browse: 127.0.0.1:17777//Game/FirstPersonCPP/Maps/FirstPersonExampleMap
[2018.12.14-03.43.52:161][440]LogTemp: Display: ParseSettings for GameNetDriver
[2018.12.14-03.43.52:161][440]LogTemp: Display: ParseSettings for IpNetDriver_1
[2018.12.14-03.43.52:161][440]LogTemp: Display: ParseSettings for PendingNetDriver
[2018.12.14-03.43.52:162][440]LogInit: WinSock: Socket queue 32768 / 32768
[2018.12.14-03.43.52:162][440]PacketHandlerLog: Loaded PacketHandler component: Engine.EngineHandlerComponentFactory (StatelessConnectHandlerComponent)
[2018.12.14-03.43.52:162][440]LogNet: Game client on port 17777, rate 10000
[2018.12.14-03.43.52:166][440]PIE: Play in editor start time for /Game/FirstPersonCPP/Maps/FirstPersonExampleMap 0.57
[2018.12.14-03.43.52:176][440]LogNet: NotifyAcceptingConnection accepted from: 127.0.0.1:55939
[2018.12.14-03.43.52:177][440]LogHandshake: SendConnectChallenge. Timestamp: 0.025693, Cookie: 008032098179193133199107198133247222033053073042208072144098
[2018.12.14-03.43.52:184][440]LogHandshake: SendChallengeResponse. Timestamp: 0.025693, Cookie: 008032098179193133199107198133247222033053073042208072144098
[2018.12.14-03.43.52:208][440]LogRenderer: Reallocating scene render targets to support 1216x576 Format 10 NumSamples 1 (Frame:1).
[2018.12.14-03.43.52:298][441]LogNet: NotifyAcceptingConnection accepted from: 127.0.0.1:55939
[2018.12.14-03.43.52:299][441]LogHandshake: SendChallengeAck. InCookie: 008032098179193133199107198133247222033053073042208072144098
[2018.12.14-03.43.52:299][441]LogNet: Server accepting post-challenge connection from: 127.0.0.1:55939
[2018.12.14-03.43.52:299][441]PacketHandlerLog: Loaded PacketHandler component: Engine.EngineHandlerComponentFactory (StatelessConnectHandlerComponent)
[2018.12.14-03.43.52:299][441]LogNet: NotifyAcceptedConnection: Name: Test_Level00, TimeStamp: 12/13/18 22:43:52, [UNetConnection] RemoteAddr: 127.0.0.1:55939, Name: IpConnection_1, Driver: GameNetDriver IpNetDriver_0, IsServer: YES, PC: NULL, Owner: NULL, UniqueId: INVALID
[2018.12.14-03.43.52:300][441]LogNet: AddClientConnection: Added client connection: [UNetConnection] RemoteAddr: 127.0.0.1:55939, Name: IpConnection_1, Driver: GameNetDriver IpNetDriver_0, IsServer: YES, PC: NULL, Owner: NULL, UniqueId: INVALID
[2018.12.14-03.43.52:301][441]LogNetVersion: Corporate_America 1.0.0.0, NetCL: 3944462, EngineNetVer: 2, GameNetVer: 0 (Checksum: 3211145606)
[2018.12.14-03.43.52:301][441]LogNet: UPendingNetGame::SendInitialJoin: Sending hello. [UNetConnection] RemoteAddr: 127.0.0.1:17777, Name: IpConnection_0, Driver: PendingNetDriver IpNetDriver_1, IsServer: NO, PC: NULL, Owner: NULL, UniqueId: INVALID
[2018.12.14-03.43.52:320][442]LogNet: NotifyAcceptingChannel Control 0 server World /Game/Levels/UEDPIE_1_Test_Level00.Test_Level00: Accepted
[2018.12.14-03.43.52:321][442]LogNet: Remote platform little endian=1
[2018.12.14-03.43.52:321][442]LogNet: This platform little endian=1
[2018.12.14-03.43.52:347][443]LogNet: Login request: /Game/FirstPersonCPP/Maps/FirstPersonExampleMap?Name=DESKTOP-G1UAKUU-73C779E54D1652F6569092BC4C36ABEC userId: DESKTOP-G1UAKUU-73C779E54D1652F6569092BC4C36ABEC
[2018.12.14-03.43.52:349][443]LogNet: Welcomed by server (Level: /Game/Levels/UEDPIE_1_Test_Level00, Game: /Game/Levels/NewGameModeTest.NewGameModeTest_C)
[2018.12.14-03.43.52:350][443]LogLoad: LoadMap: 127.0.0.1:17777//Game/Levels/UEDPIE_1_Test_Level00?game=/Game/Levels/NewGameModeTest.NewGameModeTest_C
[2018.12.14-03.43.52:374][443]LogAIModule: Creating AISystem for world Test_Level00
[2018.12.14-03.43.52:375][443]LogTemp: Display: ParseSettings for GameNetDriver
[2018.12.14-03.43.52:377][443]LogWorld: Bringing World /Game/Levels/UEDPIE_2_Test_Level00.Test_Level00 up for play (max tick rate 60) at 2018.12.13-22.43.52
[2018.12.14-03.43.52:377][443]LogWorld: Bringing up level for play took: 0.001323
[2018.12.14-03.43.52:377][443]LogLoad: Took 0.026860 seconds to LoadMap(/Game/Levels/UEDPIE_1_Test_Level00)
[2018.12.14-03.43.52:391][444]LogNet: Client netspeed is 10000
[2018.12.14-03.43.52:391][444]LogNet: Join request: /Game/FirstPersonCPP/Maps/FirstPersonExampleMap?Name=DESKTOP-G1UAKUU-73C779E54D1652F6569092BC4C36ABEC?SplitscreenCount=1
[2018.12.14-03.43.52:392][444]LogOnline: Warning: OSS: No game present to join for session (GameSession)
[2018.12.14-03.43.52:394][444]LogActor: Warning: SmartPhoneBP_C /Game/Levels/UEDPIE_1_Test_Level00.Test_Level00:PersistentLevel.Active Weapon_SmartPhoneBP_C_CAT_1 has natively added scene component(s), but none of them were set as the actor's RootComponent - picking one arbitrarily
[2018.12.14-03.43.52:395][444]LogNet: Join succeeded: DESKTOP-G1UAKUU-73C7
[2018.12.14-03.43.52:416][445]LogNetPackageMap: Warning: FNetGUIDCache::SupportsObject: StaticMeshComponent /Game/Levels/UEDPIE_1_Test_Level00.Test_Level00:PersistentLevel.BP_Employee_C_1.StaticMeshComponent_3 NOT Supported.
[2018.12.14-03.43.52:418][445]LogNetPackageMap: Warning: FNetGUIDCache::SupportsObject: DrawFrustumComponent /Game/Levels/UEDPIE_1_Test_Level00.Test_Level00:PersistentLevel.BP_Employee_C_1.DrawFrustumComponent_3 NOT Supported.
[2018.12.14-03.43.52:464][447]LogNetPackageMap: Warning: FNetGUIDCache::SupportsObject: StaticMeshComponent /Game/Levels/UEDPIE_1_Test_Level00.Test_Level00:PersistentLevel.BP_Employee_C_0.StaticMeshComponent_1 NOT Supported.
[2018.12.14-03.43.52:465][447]LogNetPackageMap: Warning: FNetGUIDCache::SupportsObject: DrawFrustumComponent /Game/Levels/UEDPIE_1_Test_Level00.Test_Level00:PersistentLevel.BP_Employee_C_0.DrawFrustumComponent_1 NOT Supported.
[2018.12.14-03.43.52:503][449]LogOnline: Warning: OSS: No game present to join for session (GameSession)
[2018.12.14-03.43.53:537][450]LogWindows: Error: === Critical error: ===
[2018.12.14-03.43.53:538][450]LogWindows: Error: 
[2018.12.14-03.43.53:538][450]LogWindows: Error: Unhandled Exception: EXCEPTION_ACCESS_VIOLATION reading address 0x00000000
[2018.12.14-03.43.53:538][450]LogWindows: Error: 
[2018.12.14-03.43.53:538][450]LogWindows: Error: [Callstack] 0x00000000B6397BFF UE4Editor-Corporate_America-7287.dll!AEmployee::BeginPlay() [d:\corporate america\corporateamerica\corporate_america\source\corporate_america\employee.cpp:50]
[2018.12.14-03.43.53:538][450]LogWindows: Error: [Callstack] 0x00000000F93F72FB UE4Editor-Engine.dll!UnknownFunction []
[2018.12.14-03.43.53:538][450]LogWindows: Error: [Callstack] 0x00000000FA6AAE33 UE4Editor-Engine.dll!UnknownFunction []
[2018.12.14-03.43.53:538][450]LogWindows: Error: [Callstack] 0x00000000F9B7CB8C UE4Editor-Engine.dll!UnknownFunction []
[2018.12.14-03.43.53:538][450]LogWindows: Error: [Callstack] 0x0000000022B7E094 UE4Editor-CoreUObject.dll!UnknownFunction []
[2018.12.14-03.43.53:538][450]LogWindows: Error: [Callstack] 0x0000000022D69D73 UE4Editor-CoreUObject.dll!UnknownFunction []
[2018.12.14-03.43.53:538][450]LogWindows: Error: [Callstack] 0x00000000F942CCFB UE4Editor-Engine.dll!UnknownFunction []
[2018.12.14-03.43.53:538][450]LogWindows: Error: [Callstack] 0x00000000FA1D703F UE4Editor-Engine.dll!UnknownFunction []
[2018.12.14-03.43.53:538][450]LogWindows: Error: [Callstack] 0x00000000F99EDB95 UE4Editor-Engine.dll!UnknownFunction []
[2018.12.14-03.43.53:538][450]LogWindows: Error: [Callstack] 0x00000000F9A16F7B UE4Editor-Engine.dll!UnknownFunction []
[2018.12.14-03.43.53:538][450]LogWindows: Error: [Callstack] 0x00000000F9A1A118 UE4Editor-Engine.dll!UnknownFunction []
[2018.12.14-03.43.53:538][450]LogWindows: Error: [Callstack] 0x00000000F9A27BBB UE4Editor-Engine.dll!UnknownFunction []
[2018.12.14-03.43.53:538][450]LogWindows: Error: [Callstack] 0x00000000F9A2CB0C UE4Editor-Engine.dll!UnknownFunction []
[2018.12.14-03.43.53:538][450]LogWindows: Error: [Callstack] 0x00000000F9A2B1BC UE4Editor-Engine.dll!UnknownFunction []
[2018.12.14-03.43.53:538][450]LogWindows: Error: [Callstack] 0x00000000F9A2C7A6 UE4Editor-Engine.dll!UnknownFunction []
[2018.12.14-03.43.53:538][450]LogWindows: Error: [Callstack] 0x00000000F9F32BBD UE4Editor-Engine.dll!UnknownFunction []
[2018.12.14-03.43.53:538][450]LogWindows: Error: [Callstack] 0x00000000F9F33C37 UE4Editor-Engine.dll!UnknownFunction []
[2018.12.14-03.43.53:538][450]LogWindows: Error: [Callstack] 0x00000000D67BF00B UE4Editor-OnlineSubsystemUtils.dll!UnknownFunction []
[2018.12.14-03.43.53:538][450]LogWindows: Error: [Callstack] 0x00000000F9F0AD4F UE4Editor-Engine.dll!UnknownFunction []
[2018.12.14-03.43.53:538][450]LogWindows: Error: [Callstack] 0x00000000F9323068 UE4Editor-Engine.dll!UnknownFunction []
[2018.12.14-03.43.53:538][450]LogWindows: Error: [Callstack] 0x00000000F9D9648D UE4Editor-Engine.dll!UnknownFunction []
[2018.12.14-03.43.53:538][450]LogWindows: Error: [Callstack] 0x00000000C3DDD781 UE4Editor-UnrealEd.dll!UnknownFunction []
[2018.12.14-03.43.53:538][450]LogWindows: Error: [Callstack] 0x00000000C4679626 UE4Editor-UnrealEd.dll!UnknownFunction []
[2018.12.14-03.43.53:538][450]LogWindows: Error: [Callstack] 0x00000000B0625EAC UE4Editor.exe!UnknownFunction []
[2018.12.14-03.43.53:538][450]LogWindows: Error: [Callstack] 0x00000000B0636BD0 UE4Editor.exe!UnknownFunction []
[2018.12.14-03.43.53:538][450]LogWindows: Error: [Callstack] 0x00000000B0636C4A UE4Editor.exe!UnknownFunction []
[2018.12.14-03.43.53:538][450]LogWindows: Error: [Callstack] 0x00000000B0644177 UE4Editor.exe!UnknownFunction []
[2018.12.14-03.43.53:538][450]LogWindows: Error: [Callstack] 0x00000000B0645B87 UE4Editor.exe!UnknownFunction []
[2018.12.14-03.43.53:538][450]LogWindows: Error: [Callstack] 0x0000000039C43034 KERNEL32.DLL!UnknownFunction []
[2018.12.14-03.43.53:538][450]LogWindows: Error: [Callstack] 0x000000003AA43691 ntdll.dll!UnknownFunction []
[2018.12.14-03.43.53:538][450]LogWindows: Error: [Callstack] 0x000000003AA43691 ntdll.dll!UnknownFunction []
[2018.12.14-03.43.53:538][450]LogWindows: Error: 
[2018.12.14-03.43.53:547][450]LogExit: Executing StaticShutdownAfterError
[2018.12.14-03.43.53:550][450]LogWindows: FPlatformMisc::RequestExit(1)
[2018.12.14-03.43.53:550][450]Log file closed, 12/13/18 22:43:53
