Log file open, 12/06/18 23:54:17
LogWindows: Failed to load 'aqProf.dll' (GetLastError=126)
LogWindows: File 'aqProf.dll' does not exist
LogWindows: Failed to load 'VtuneApi.dll' (GetLastError=126)
LogWindows: File 'VtuneApi.dll' does not exist
LogWindows: Failed to load 'VtuneApi32e.dll' (GetLastError=126)
LogWindows: File 'VtuneApi32e.dll' does not exist
LogInit: Display: Running engine for game: Corporate_America
LogPlatformFile: Not using cached read wrapper
LogInit: Display: RandInit(621662335) SRandInit(621662335).
LogInit: Read version file with build ID '3944462'
LogInit: Overriding engine version to CL 4033788, compatible CL 3944462
LogInit: Registered custom module enumerator with build ID '3944462'
LogTaskGraph: Started task graph with 5 named threads and 23 total threads with 3 sets of task threads.
LogStats: Stats thread started at 0.302290
LogD3D11RHI: Aftermath initialized
LogICUInternationalization: Display: ICU TimeZone Detection - Raw Offset: -5:00, Platform Override: ''
LogPluginManager: Mounting plugin Paper2D
LogPluginManager: Mounting plugin LiveLink
LogPluginManager: Mounting plugin LightPropagationVolume
LogPluginManager: Mounting plugin CLionSourceCodeAccess
LogPluginManager: Mounting plugin CodeLiteSourceCodeAccess
LogPluginManager: Mounting plugin GitSourceControl
LogPluginManager: Mounting plugin KDevelopSourceCodeAccess
LogPluginManager: Mounting plugin NullSourceCodeAccess
LogPluginManager: Mounting plugin PerforceSourceControl
LogPluginManager: Mounting plugin SubversionSourceControl
LogPluginManager: Mounting plugin UObjectPlugin
LogPluginManager: Mounting plugin VisualStudioCodeSourceCodeAccess
LogPluginManager: Mounting plugin VisualStudioSourceCodeAccess
LogPluginManager: Mounting plugin XCodeSourceCodeAccess
LogPluginManager: Mounting plugin AssetManagerEditor
LogPluginManager: Mounting plugin CryptoKeys
LogPluginManager: Mounting plugin DataValidation
LogPluginManager: Mounting plugin FacialAnimation
LogPluginManager: Mounting plugin GameplayTagsEditor
LogPluginManager: Mounting plugin MobileLauncherProfileWizard
LogPluginManager: Mounting plugin PluginBrowser
LogPluginManager: Mounting plugin SpeedTreeImporter
LogPluginManager: Mounting plugin DatasmithContent
LogPluginManager: Mounting plugin AlembicImporter
LogPluginManager: Mounting plugin CharacterAI
LogPluginManager: Mounting plugin HTML5Networking
LogPluginManager: Mounting plugin AndroidMedia
LogPluginManager: Mounting plugin AvfMedia
LogPluginManager: Mounting plugin ImgMedia
LogPluginManager: Mounting plugin LinearTimecode
LogPluginManager: Mounting plugin MediaCompositing
LogPluginManager: Mounting plugin MediaPlayerEditor
LogPluginManager: Mounting plugin WmfMedia
LogPluginManager: Mounting plugin TcpMessaging
LogPluginManager: Mounting plugin UdpMessaging
LogPluginManager: Mounting plugin ActorSequence
LogPluginManager: Mounting plugin LevelSequenceEditor
LogPluginManager: Mounting plugin MatineeToLevelSequence
LogPluginManager: Mounting plugin NetcodeUnitTest
LogPluginManager: Mounting plugin NUTUnrealEngine4
LogPluginManager: Mounting plugin OnlineSubsystemGooglePlay
LogPluginManager: Mounting plugin OnlineSubsystemIOS
LogPluginManager: Mounting plugin OnlineSubsystem
LogPluginManager: Mounting plugin OnlineSubsystemNull
LogPluginManager: Mounting plugin OnlineSubsystemSteam
LogPluginManager: Mounting plugin OnlineSubsystemUtils
LogPluginManager: Mounting plugin AndroidDeviceProfileSelector
LogPluginManager: Mounting plugin AndroidMoviePlayer
LogPluginManager: Mounting plugin AndroidPermission
LogPluginManager: Mounting plugin AppleARKit
LogPluginManager: Mounting plugin AppleMoviePlayer
LogPluginManager: Mounting plugin ArchVisCharacter
LogPluginManager: Mounting plugin AudioCapture
LogPluginManager: Mounting plugin CableComponent
LogPluginManager: Mounting plugin CustomMeshComponent
LogPluginManager: Mounting plugin ExampleDeviceProfileSelector
LogPluginManager: Mounting plugin GoogleCloudMessaging
LogPluginManager: Mounting plugin ImmediatePhysics
LogPluginManager: Mounting plugin IOSDeviceProfileSelector
LogPluginManager: Mounting plugin LinuxDeviceProfileSelector
LogPluginManager: Mounting plugin LocationServicesBPLibrary
LogPluginManager: Mounting plugin MobilePatchingUtils
LogPluginManager: Mounting plugin OculusVR
LogPluginManager: Plugin shader directory ../../../Engine/Plugins/Runtime/Oculus/OculusVR/Shaders found
LogPluginManager: Mapping shader source directory ../../../Engine/Plugins/Runtime/Oculus/OculusVR/Shaders to virtual directory /Plugin/OculusVR
LogPluginManager: Mounting plugin PhysXVehicles
LogPluginManager: Mounting plugin ProceduralMeshComponent
LogPluginManager: Mounting plugin RuntimePhysXCooking
LogPluginManager: Mounting plugin SteamVR
LogPluginManager: Mounting plugin WindowsMoviePlayer
LogStreaming: Display: Took  0.117s to configure plugins.
LogModuleManager: Display: Found up-to-date module file D:/Corporate America/CorporateAmerica/Corporate_America/Binaries/Win64/UE4Editor-Corporate_America.dll (API version 3944462).
LogModuleManager: Display: Found up-to-date module file ../../../Engine/Plugins/2D/Paper2D/Binaries/Win64/UE4Editor-Paper2D.dll (API version 3944462).
LogModuleManager: Display: Found up-to-date module file ../../../Engine/Plugins/2D/Paper2D/Binaries/Win64/UE4Editor-Paper2DEditor.dll (API version 3944462).
LogModuleManager: Display: Found up-to-date module file ../../../Engine/Plugins/2D/Paper2D/Binaries/Win64/UE4Editor-PaperSpriteSheetImporter.dll (API version 3944462).
LogModuleManager: Display: Found up-to-date module file ../../../Engine/Plugins/2D/Paper2D/Binaries/Win64/UE4Editor-PaperTiledImporter.dll (API version 3944462).
LogModuleManager: Display: Found up-to-date module file ../../../Engine/Plugins/2D/Paper2D/Binaries/Win64/UE4Editor-SmartSnapping.dll (API version 3944462).
LogModuleManager: Display: Found up-to-date module file ../../../Engine/Plugins/Animation/LiveLink/Binaries/Win64/UE4Editor-LiveLink.dll (API version 3944462).
LogModuleManager: Display: Found up-to-date module file ../../../Engine/Plugins/Animation/LiveLink/Binaries/Win64/UE4Editor-LiveLinkEditor.dll (API version 3944462).
LogModuleManager: Display: Found up-to-date module file ../../../Engine/Plugins/Blendables/LightPropagationVolume/Binaries/Win64/UE4Editor-LightPropagationVolumeRuntime.dll (API version 3944462).
LogModuleManager: Display: Found up-to-date module file ../../../Engine/Plugins/Blendables/LightPropagationVolume/Binaries/Win64/UE4Editor-LightPropagationVolumeEditor.dll (API version 3944462).
LogModuleManager: Display: Found up-to-date module file ../../../Engine/Plugins/Developer/CLionSourceCodeAccess/Binaries/Win64/UE4Editor-CLionSourceCodeAccess.dll (API version 3944462).
LogModuleManager: Display: Found up-to-date module file ../../../Engine/Plugins/Developer/GitSourceControl/Binaries/Win64/UE4Editor-GitSourceControl.dll (API version 3944462).
LogModuleManager: Display: Found up-to-date module file ../../../Engine/Plugins/Developer/PerforceSourceControl/Binaries/Win64/UE4Editor-PerforceSourceControl.dll (API version 3944462).
LogModuleManager: Display: Found up-to-date module file ../../../Engine/Plugins/Developer/SubversionSourceControl/Binaries/Win64/UE4Editor-SubversionSourceControl.dll (API version 3944462).
LogModuleManager: Display: Found up-to-date module file ../../../Engine/Plugins/Developer/UObjectPlugin/Binaries/Win64/UE4Editor-UObjectPlugin.dll (API version 3944462).
LogModuleManager: Display: Found up-to-date module file ../../../Engine/Plugins/Developer/VisualStudioCodeSourceCodeAccess/Binaries/Win64/UE4Editor-VisualStudioCodeSourceCodeAccess.dll (API version 3944462).
LogModuleManager: Display: Found up-to-date module file ../../../Engine/Plugins/Developer/VisualStudioSourceCodeAccess/Binaries/Win64/UE4Editor-VisualStudioSourceCodeAccess.dll (API version 3944462).
LogModuleManager: Display: Found up-to-date module file ../../../Engine/Plugins/Editor/AssetManagerEditor/Binaries/Win64/UE4Editor-AssetManagerEditor.dll (API version 3944462).
LogModuleManager: Display: Found up-to-date module file ../../../Engine/Plugins/Editor/CryptoKeys/Binaries/Win64/UE4Editor-CryptoKeys.dll (API version 3944462).
LogModuleManager: Display: Found up-to-date module file ../../../Engine/Plugins/Editor/CryptoKeys/Binaries/Win64/UE4Editor-CryptoKeysOpenSSL.dll (API version 3944462).
LogModuleManager: Display: Found up-to-date module file ../../../Engine/Plugins/Editor/DataValidation/Binaries/Win64/UE4Editor-DataValidation.dll (API version 3944462).
LogModuleManager: Display: Found up-to-date module file ../../../Engine/Plugins/Editor/FacialAnimation/Binaries/Win64/UE4Editor-FacialAnimation.dll (API version 3944462).
LogModuleManager: Display: Found up-to-date module file ../../../Engine/Plugins/Editor/FacialAnimation/Binaries/Win64/UE4Editor-FacialAnimationEditor.dll (API version 3944462).
LogModuleManager: Display: Found up-to-date module file ../../../Engine/Plugins/Editor/GameplayTagsEditor/Binaries/Win64/UE4Editor-GameplayTagsEditor.dll (API version 3944462).
LogModuleManager: Display: Found up-to-date module file ../../../Engine/Plugins/Editor/MobileLauncherProfileWizard/Binaries/Win64/UE4Editor-MobileLauncherProfileWizard.dll (API version 3944462).
LogModuleManager: Display: Found up-to-date module file ../../../Engine/Plugins/Editor/PluginBrowser/Binaries/Win64/UE4Editor-PluginBrowser.dll (API version 3944462).
LogModuleManager: Display: Found up-to-date module file ../../../Engine/Plugins/Editor/SpeedTreeImporter/Binaries/Win64/UE4Editor-SpeedTreeImporter.dll (API version 3944462).
LogModuleManager: Display: Found up-to-date module file ../../../Engine/Plugins/Enterprise/DatasmithContent/Binaries/Win64/UE4Editor-DatasmithContent.dll (API version 3944462).
LogModuleManager: Display: Found up-to-date module file ../../../Engine/Plugins/Experimental/AlembicImporter/Binaries/Win64/UE4Editor-AlembicImporter.dll (API version 3944462).
LogModuleManager: Display: Found up-to-date module file ../../../Engine/Plugins/Experimental/AlembicImporter/Binaries/Win64/UE4Editor-AlembicLibrary.dll (API version 3944462).
LogModuleManager: Display: Found up-to-date module file ../../../Engine/Plugins/Experimental/CharacterAI/Binaries/Win64/UE4Editor-CharacterAI.dll (API version 3944462).
LogModuleManager: Display: Found up-to-date module file ../../../Engine/Plugins/Experimental/HTML5Networking/Binaries/Win64/UE4Editor-HTML5Networking.dll (API version 3944462).
LogModuleManager: Display: Found up-to-date module file ../../../Engine/Plugins/Media/AndroidMedia/Binaries/Win64/UE4Editor-AndroidMediaEditor.dll (API version 3944462).
LogModuleManager: Display: Found up-to-date module file ../../../Engine/Plugins/Media/AndroidMedia/Binaries/Win64/UE4Editor-AndroidMediaFactory.dll (API version 3944462).
LogModuleManager: Display: Found up-to-date module file ../../../Engine/Plugins/Media/AvfMedia/Binaries/Win64/UE4Editor-AvfMediaEditor.dll (API version 3944462).
LogModuleManager: Display: Found up-to-date module file ../../../Engine/Plugins/Media/AvfMedia/Binaries/Win64/UE4Editor-AvfMediaFactory.dll (API version 3944462).
LogModuleManager: Display: Found up-to-date module file ../../../Engine/Plugins/Media/AvfMedia/Binaries/Win64/UE4Editor-AvfMediaFactory.dll (API version 3944462).
LogModuleManager: Display: Found up-to-date module file ../../../Engine/Plugins/Media/ImgMedia/Binaries/Win64/UE4Editor-ImgMedia.dll (API version 3944462).
LogModuleManager: Display: Found up-to-date module file ../../../Engine/Plugins/Media/ImgMedia/Binaries/Win64/UE4Editor-ImgMediaEditor.dll (API version 3944462).
LogModuleManager: Display: Found up-to-date module file ../../../Engine/Plugins/Media/ImgMedia/Binaries/Win64/UE4Editor-ImgMediaFactory.dll (API version 3944462).
LogModuleManager: Display: Found up-to-date module file ../../../Engine/Plugins/Media/ImgMedia/Binaries/Win64/UE4Editor-ImgMediaFactory.dll (API version 3944462).
LogModuleManager: Display: Found up-to-date module file ../../../Engine/Plugins/Media/ImgMedia/Binaries/Win64/UE4Editor-OpenExrWrapper.dll (API version 3944462).
LogModuleManager: Display: Found up-to-date module file ../../../Engine/Plugins/Media/LinearTimecode/Binaries/Win64/UE4Editor-LinearTimecode.dll (API version 3944462).
LogModuleManager: Display: Found up-to-date module file ../../../Engine/Plugins/Media/MediaCompositing/Binaries/Win64/UE4Editor-MediaCompositing.dll (API version 3944462).
LogModuleManager: Display: Found up-to-date module file ../../../Engine/Plugins/Media/MediaCompositing/Binaries/Win64/UE4Editor-MediaCompositingEditor.dll (API version 3944462).
LogModuleManager: Display: Found up-to-date module file ../../../Engine/Plugins/Media/MediaPlayerEditor/Binaries/Win64/UE4Editor-MediaPlayerEditor.dll (API version 3944462).
LogModuleManager: Display: Found up-to-date module file ../../../Engine/Plugins/Media/WmfMedia/Binaries/Win64/UE4Editor-WmfMedia.dll (API version 3944462).
LogModuleManager: Display: Found up-to-date module file ../../../Engine/Plugins/Media/WmfMedia/Binaries/Win64/UE4Editor-WmfMediaEditor.dll (API version 3944462).
LogModuleManager: Display: Found up-to-date module file ../../../Engine/Plugins/Media/WmfMedia/Binaries/Win64/UE4Editor-WmfMediaFactory.dll (API version 3944462).
LogModuleManager: Display: Found up-to-date module file ../../../Engine/Plugins/Media/WmfMedia/Binaries/Win64/UE4Editor-WmfMediaFactory.dll (API version 3944462).
LogModuleManager: Display: Found up-to-date module file ../../../Engine/Plugins/Messaging/TcpMessaging/Binaries/Win64/UE4Editor-TcpMessaging.dll (API version 3944462).
LogModuleManager: Display: Found up-to-date module file ../../../Engine/Plugins/Messaging/UdpMessaging/Binaries/Win64/UE4Editor-UdpMessaging.dll (API version 3944462).
LogModuleManager: Display: Found up-to-date module file ../../../Engine/Plugins/MovieScene/ActorSequence/Binaries/Win64/UE4Editor-ActorSequence.dll (API version 3944462).
LogModuleManager: Display: Found up-to-date module file ../../../Engine/Plugins/MovieScene/LevelSequenceEditor/Binaries/Win64/UE4Editor-LevelSequenceEditor.dll (API version 3944462).
LogModuleManager: Display: Found up-to-date module file ../../../Engine/Plugins/MovieScene/MatineeToLevelSequence/Binaries/Win64/UE4Editor-MatineeToLevelSequence.dll (API version 3944462).
LogModuleManager: Display: Found up-to-date module file ../../../Engine/Plugins/NetcodeUnitTest/NetcodeUnitTest/Binaries/Win64/UE4Editor-NetcodeUnitTest.dll (API version 3944462).
LogModuleManager: Display: Found up-to-date module file ../../../Engine/Plugins/NetcodeUnitTest/NUTUnrealEngine4/Binaries/Win64/UE4Editor-NUTUnrealEngine4.dll (API version 3944462).
LogModuleManager: Display: Found up-to-date module file ../../../Engine/Plugins/Online/OnlineSubsystem/Binaries/Win64/UE4Editor-OnlineSubsystem.dll (API version 3944462).
LogModuleManager: Display: Found up-to-date module file ../../../Engine/Plugins/Online/OnlineSubsystemNull/Binaries/Win64/UE4Editor-OnlineSubsystemNull.dll (API version 3944462).
LogModuleManager: Display: Found up-to-date module file ../../../Engine/Plugins/Online/OnlineSubsystemSteam/Binaries/Win64/UE4Editor-OnlineSubsystemSteam.dll (API version 3944462).
LogModuleManager: Display: Found up-to-date module file ../../../Engine/Plugins/Online/OnlineSubsystemUtils/Binaries/Win64/UE4Editor-OnlineSubsystemUtils.dll (API version 3944462).
LogModuleManager: Display: Found up-to-date module file ../../../Engine/Plugins/Online/OnlineSubsystemUtils/Binaries/Win64/UE4Editor-OnlineBlueprintSupport.dll (API version 3944462).
LogModuleManager: Display: Found up-to-date module file ../../../Engine/Plugins/Runtime/AndroidDeviceProfileSelector/Binaries/Win64/UE4Editor-AndroidDeviceProfileSelector.dll (API version 3944462).
LogModuleManager: Display: Found up-to-date module file ../../../Engine/Plugins/Runtime/AndroidPermission/Binaries/Win64/UE4Editor-AndroidPermission.dll (API version 3944462).
LogModuleManager: Display: Found up-to-date module file ../../../Engine/Plugins/Runtime/AppleARKit/Binaries/Win64/UE4Editor-AppleARKit.dll (API version 3944462).
LogModuleManager: Display: Found up-to-date module file ../../../Engine/Plugins/Runtime/ArchVisCharacter/Binaries/Win64/UE4Editor-ArchVisCharacter.dll (API version 3944462).
LogModuleManager: Display: Found up-to-date module file ../../../Engine/Plugins/Runtime/AudioCapture/Binaries/Win64/UE4Editor-AudioCapture.dll (API version 3944462).
LogModuleManager: Display: Found up-to-date module file ../../../Engine/Plugins/Runtime/AudioCapture/Binaries/Win64/UE4Editor-AudioCaptureEditor.dll (API version 3944462).
LogModuleManager: Display: Found up-to-date module file ../../../Engine/Plugins/Runtime/CableComponent/Binaries/Win64/UE4Editor-CableComponent.dll (API version 3944462).
LogModuleManager: Display: Found up-to-date module file ../../../Engine/Plugins/Runtime/CustomMeshComponent/Binaries/Win64/UE4Editor-CustomMeshComponent.dll (API version 3944462).
LogModuleManager: Display: Found up-to-date module file ../../../Engine/Plugins/Runtime/ExampleDeviceProfileSelector/Binaries/Win64/UE4Editor-ExampleDeviceProfileSelector.dll (API version 3944462).
LogModuleManager: Display: Found up-to-date module file ../../../Engine/Plugins/Runtime/ImmediatePhysics/Binaries/Win64/UE4Editor-ImmediatePhysics.dll (API version 3944462).
LogModuleManager: Display: Found up-to-date module file ../../../Engine/Plugins/Runtime/ImmediatePhysics/Binaries/Win64/UE4Editor-ImmediatePhysicsEditor.dll (API version 3944462).
LogModuleManager: Display: Found up-to-date module file ../../../Engine/Plugins/Runtime/LocationServicesBPLibrary/Binaries/Win64/UE4Editor-LocationServicesBPLibrary.dll (API version 3944462).
LogModuleManager: Display: Found up-to-date module file ../../../Engine/Plugins/Runtime/MobilePatchingUtils/Binaries/Win64/UE4Editor-MobilePatchingUtils.dll (API version 3944462).
LogModuleManager: Display: Found up-to-date module file ../../../Engine/Plugins/Runtime/Oculus/OculusVR/Binaries/Win64/UE4Editor-OculusHMD.dll (API version 3944462).
LogModuleManager: Display: Found up-to-date module file ../../../Engine/Plugins/Runtime/Oculus/OculusVR/Binaries/Win64/UE4Editor-OculusInput.dll (API version 3944462).
LogModuleManager: Display: Found up-to-date module file ../../../Engine/Plugins/Runtime/Oculus/OculusVR/Binaries/Win64/UE4Editor-OculusEditor.dll (API version 3944462).
LogModuleManager: Display: Found up-to-date module file ../../../Engine/Plugins/Runtime/PhysXVehicles/Binaries/Win64/UE4Editor-PhysXVehicles.dll (API version 3944462).
LogModuleManager: Display: Found up-to-date module file ../../../Engine/Plugins/Runtime/PhysXVehicles/Binaries/Win64/UE4Editor-PhysXVehiclesEditor.dll (API version 3944462).
LogModuleManager: Display: Found up-to-date module file ../../../Engine/Plugins/Runtime/ProceduralMeshComponent/Binaries/Win64/UE4Editor-ProceduralMeshComponent.dll (API version 3944462).
LogModuleManager: Display: Found up-to-date module file ../../../Engine/Plugins/Runtime/ProceduralMeshComponent/Binaries/Win64/UE4Editor-ProceduralMeshComponentEditor.dll (API version 3944462).
LogModuleManager: Display: Found up-to-date module file ../../../Engine/Plugins/Runtime/RuntimePhysXCooking/Binaries/Win64/UE4Editor-RuntimePhysXCooking.dll (API version 3944462).
LogModuleManager: Display: Found up-to-date module file ../../../Engine/Plugins/Runtime/Steam/SteamVR/Binaries/Win64/UE4Editor-SteamVR.dll (API version 3944462).
LogModuleManager: Display: Found up-to-date module file ../../../Engine/Plugins/Runtime/Steam/SteamVR/Binaries/Win64/UE4Editor-SteamVRController.dll (API version 3944462).
LogModuleManager: Display: Found up-to-date module file ../../../Engine/Plugins/Runtime/WindowsMoviePlayer/Binaries/Win64/UE4Editor-WindowsMoviePlayer.dll (API version 3944462).
LogInit: Using libcurl 7.47.1
LogInit:  - built for x86_64-pc-win32
LogInit:  - supports SSL with OpenSSL/1.0.2g
LogInit:  - supports HTTP deflate (compression) using libz 1.2.8
LogInit:  - other features:
LogInit:      CURL_VERSION_SSL
LogInit:      CURL_VERSION_LIBZ
LogInit:      CURL_VERSION_IPV6
LogInit:      CURL_VERSION_ASYNCHDNS
LogInit:      CURL_VERSION_LARGEFILE
LogInit:      CURL_VERSION_IDN
LogInit:  CurlRequestOptions (configurable via config and command line):
LogInit:  - bVerifyPeer = false  - Libcurl will NOT verify peer certificate
LogInit:  - bUseHttpProxy = false  - Libcurl will NOT use HTTP proxy
LogInit:  - bDontReuseConnections = false  - Libcurl will reuse connections
LogInit:  - CertBundlePath = nullptr  - Libcurl will use whatever was configured at build time.
LogInit:  - MaxHostConnections = 16  - Libcurl will limit the number of connections to a host
LogInit:  - LocalHostAddr = Default
LogInit: WinSock: version 1.1 (2.2), MaxSocks=32767, MaxUdp=65467
LogInit: WinSock: I am DESKTOP-G1UAKUU (192.168.1.154:0)
LogInit: Build: ++UE4+Release-4.19-CL-4033788
LogInit: Engine Version: 4.19.2-4033788+++UE4+Release-4.19
LogInit: Compatible Engine Version: 4.19.0-3944462+++UE4+Release-4.19
LogInit: Net CL: 3944462
LogDevObjectVersion: Number of dev versions registered: 18
LogDevObjectVersion:   Dev-Blueprints (B0D832E4-1F89-4F0D-ACCF-7EB736FD4AA2): 10
LogDevObjectVersion:   Dev-Build (E1C64328-A22C-4D53-A36C-8E866417BD8C): 0
LogDevObjectVersion:   Dev-Core (375EC13C-06E4-48FB-B500-84F0262A717E): 2
LogDevObjectVersion:   Dev-Editor (E4B068ED-F494-42E9-A231-DA0B2E46BB41): 23
LogDevObjectVersion:   Dev-Framework (CFFC743F-43B0-4480-9391-14DF171D2073): 33
LogDevObjectVersion:   Dev-Mobile (B02B49B5-BB20-44E9-A304-32B752E40360): 2
LogDevObjectVersion:   Dev-Networking (A4E4105C-59A1-49B5-A7C5-40C4547EDFEE): 0
LogDevObjectVersion:   Dev-Online (39C831C9-5AE6-47DC-9A44-9C173E1C8E7C): 0
LogDevObjectVersion:   Dev-Physics (78F01B33-EBEA-4F98-B9B4-84EACCB95AA2): 0
LogDevObjectVersion:   Dev-Platform (6631380F-2D4D-43E0-8009-CF276956A95A): 0
LogDevObjectVersion:   Dev-Rendering (12F88B9F-8875-4AFC-A67C-D90C383ABD29): 25
LogDevObjectVersion:   Dev-Sequencer (7B5AE74C-D270-4C10-A958-57980B212A5A): 6
LogDevObjectVersion:   Dev-VR (D7296918-1DD6-4BDD-9DE2-64A83CC13884): 1
LogDevObjectVersion:   Dev-LoadTimes (C2A15278-BFE7-4AFE-6C17-90FF531DF755): 1
LogDevObjectVersion:   Private-Geometry (6EACA3D4-40EC-4CC1-B786-8BED09428FC5): 2
LogDevObjectVersion:   Dev-AnimPhys (29E575DD-E0A3-4627-9D10-D276232CDCEA): 16
LogDevObjectVersion:   Dev-ReflectionCapture (6B266CEC-1EC7-4B8F-A30B-E4D90942FC07): 1
LogDevObjectVersion:   Dev-Automation (0DF73D61-A23F-47EA-B727-89E90C41499A): 1
LogInit: Compiled (64-bit): Apr 27 2018 02:06:57
LogInit: Compiled with Visual C++: 19.00.24215.01
LogInit: Build Configuration: Development
LogInit: Branch Name: ++UE4+Release-4.19
LogInit: Command Line:  
LogInit: Base Directory: C:/Program Files/Epic Games/UE_4.19/Engine/Binaries/Win64/
LogInit: Installed Engine Build: 1
LogStreaming: Display: Took  0.000s to delete old logs.
LogInit: Presizing for max 8388607 objects, including 0 objects not considered by GC, pre-allocating 0 bytes for permanent pool.
LogInit: Object subsystem initialized
[2018.12.07-04.54.19:906][  0]LogInit: Selected Device Profile: [Windows]
[2018.12.07-04.54.19:906][  0]LogInit: Applying CVar settings loaded from the selected device profile: [Windows]
[2018.12.07-04.54.19:932][  0]LogInit: Computer: DESKTOP-G1UAKUU
[2018.12.07-04.54.19:932][  0]LogInit: User: samde
[2018.12.07-04.54.19:932][  0]LogInit: CPU Page size=4096, Cores=4
[2018.12.07-04.54.19:932][  0]LogInit: High frequency timer resolution =2.742194 MHz
[2018.12.07-04.54.19:932][  0]LogMemory: Memory total: Physical=15.9GB (16GB approx)
[2018.12.07-04.54.19:932][  0]LogMemory: Platform Memory Stats for Windows
[2018.12.07-04.54.19:932][  0]LogMemory: Process Physical Memory: 275.50 MB used, 275.50 MB peak
[2018.12.07-04.54.19:932][  0]LogMemory: Process Virtual Memory: 272.90 MB used, 272.90 MB peak
[2018.12.07-04.54.19:932][  0]LogMemory: Physical Memory: 7512.13 MB used,  8738.13 MB free, 16250.27 MB total
[2018.12.07-04.54.19:932][  0]LogMemory: Virtual Memory: 4803.80 MB used,  8738.13 MB free, 134217728.00 MB total
[2018.12.07-04.54.19:968][  0]LogInit: Using OS detected language (en-US).
[2018.12.07-04.54.19:968][  0]LogInit: Using OS detected locale (en-US).
[2018.12.07-04.54.19:971][  0]LogTextLocalizationManager: No specific localization for 'en-US' exists, so the 'en' localization will be used.
[2018.12.07-04.54.20:404][  0]LogStreaming: Display: Took  0.436s to EndInitTextLocalization.
[2018.12.07-04.54.20:405][  0]LogInit: Setting process to per monitor DPI aware
[2018.12.07-04.54.20:455][  0]LogSlate: New Slate User Created.  User Index 0, Is Virtual User: 0
[2018.12.07-04.54.20:455][  0]LogSlate: Slate User Registered.  User Index 0, Is Virtual User: 0
[2018.12.07-04.54.20:682][  0]LogD3D11RHI: D3D11 adapters:
[2018.12.07-04.54.20:750][  0]LogD3D11RHI:    0. 'NVIDIA GeForce GTX 1050 Ti' (Feature Level 11_0)
[2018.12.07-04.54.20:750][  0]LogD3D11RHI:       4018/0/8125 MB DedicatedVideo/DedicatedSystem/SharedSystem, Outputs:1, VendorId:0x10de
[2018.12.07-04.54.20:761][  0]LogD3D11RHI:    1. 'Intel(R) HD Graphics 630' (Feature Level 11_0)
[2018.12.07-04.54.20:761][  0]LogD3D11RHI:       128/0/8125 MB DedicatedVideo/DedicatedSystem/SharedSystem, Outputs:0, VendorId:0x8086
[2018.12.07-04.54.20:763][  0]LogD3D11RHI:    2. 'Microsoft Basic Render Driver' (Feature Level 11_0)
[2018.12.07-04.54.20:763][  0]LogD3D11RHI:       0/0/8125 MB DedicatedVideo/DedicatedSystem/SharedSystem, Outputs:0, VendorId:0x1414
[2018.12.07-04.54.20:763][  0]LogD3D11RHI: Chosen D3D11 Adapter: 0
[2018.12.07-04.54.20:788][  0]LogD3D11RHI: Creating new Direct3DDevice
[2018.12.07-04.54.20:789][  0]LogD3D11RHI:     GPU DeviceId: 0x1c8c (for the marketing name, search the web for "GPU Device Id")
[2018.12.07-04.54.20:789][  0]LogWindows: EnumDisplayDevices:
[2018.12.07-04.54.20:789][  0]LogWindows:    0. 'Intel(R) HD Graphics 630' (P:1 D:1)
[2018.12.07-04.54.20:789][  0]LogWindows:    1. 'Intel(R) HD Graphics 630' (P:0 D:0)
[2018.12.07-04.54.20:789][  0]LogWindows:    2. 'Intel(R) HD Graphics 630' (P:0 D:0)
[2018.12.07-04.54.20:789][  0]LogWindows:    3. 'NVIDIA GeForce GTX 1050 Ti' (P:0 D:0)
[2018.12.07-04.54.20:789][  0]LogWindows: DebugString: GetVideoDriverDetailsInvalid PrimaryIsNotTheChoosenAdapter GetVideoDriverDetailsInvalid PrimaryIsNotTheChoosenAdapter GetVideoDriverDetailsInvalid PrimaryIsNotTheChoosenAdapter GetVideoDriverDetailsInvalid PrimaryIsNotTheChoosenAdapter FoundDriverCount:0 
[2018.12.07-04.54.20:789][  0]LogD3D11RHI:     Adapter Name: NVIDIA GeForce GTX 1050 Ti
[2018.12.07-04.54.20:789][  0]LogD3D11RHI:   Driver Version: Unknown (internal:Unknown, unified:Unknown)
[2018.12.07-04.54.20:789][  0]LogD3D11RHI:      Driver Date: Unknown
[2018.12.07-04.54.20:789][  0]LogRHI: Texture pool is 2812 MB (70% of 4018 MB)
[2018.12.07-04.54.20:832][  0]LogD3D11RHI: [Aftermath] Aftermath enabled and primed
[2018.12.07-04.54.20:832][  0]LogD3D11RHI: [Aftermath] Aftermath enabled and primed
[2018.12.07-04.54.20:832][  0]LogD3D11RHI: Async texture creation enabled
[2018.12.07-04.54.20:876][  0]LogD3D11RHI: GPU Timing Frequency: 1000.000000 (Debug: 2 2)
[2018.12.07-04.54.20:876][  0]LogShaderCompilers: Guid format shader working directory is -10 characters bigger than the processId version (D:/Corporate America/CorporateAmerica/Corporate_America/Intermediate/Shaders/WorkingDirectory/12240/).
[2018.12.07-04.54.20:876][  0]LogShaderCompilers: Cleaned the shader compiler working directory 'C:/Users/samde/AppData/Local/Temp/UnrealShaderWorkingDir/BFA8C7564DD0DA69CCF200BED9361B79/'.
[2018.12.07-04.54.21:147][  0]LogTemp: Display: Loaded TP AllDesktopTargetPlatform
[2018.12.07-04.54.21:161][  0]LogTemp: Display: Loaded TP MacClientTargetPlatform
[2018.12.07-04.54.21:175][  0]LogTemp: Display: Loaded TP MacNoEditorTargetPlatform
[2018.12.07-04.54.21:189][  0]LogTemp: Display: Loaded TP MacServerTargetPlatform
[2018.12.07-04.54.21:204][  0]LogTemp: Display: Loaded TP MacTargetPlatform
[2018.12.07-04.54.21:219][  0]LogTemp: Display: Loaded TP WindowsClientTargetPlatform
[2018.12.07-04.54.21:233][  0]LogTemp: Display: Loaded TP WindowsNoEditorTargetPlatform
[2018.12.07-04.54.21:247][  0]LogTemp: Display: Loaded TP WindowsServerTargetPlatform
[2018.12.07-04.54.21:254][  0]LogTemp: Display: Loaded TP WindowsTargetPlatform
[2018.12.07-04.54.21:266][  0]LogTemp: Display: Loaded TP Android_ASTCTargetPlatform
[2018.12.07-04.54.21:278][  0]LogTemp: Display: Loaded TP Android_ATCTargetPlatform
[2018.12.07-04.54.21:290][  0]LogTemp: Display: Loaded TP Android_DXTTargetPlatform
[2018.12.07-04.54.21:302][  0]LogTemp: Display: Loaded TP Android_ETC1aTargetPlatform
[2018.12.07-04.54.21:314][  0]LogTemp: Display: Loaded TP Android_ETC1TargetPlatform
[2018.12.07-04.54.21:325][  0]LogTemp: Display: Loaded TP Android_ETC2TargetPlatform
[2018.12.07-04.54.21:349][  0]LogTemp: Display: Loaded TP Android_MultiTargetPlatform
[2018.12.07-04.54.21:349][  0]LogTemp: Display: Loaded TP Android_PVRTCTargetPlatform
[2018.12.07-04.54.21:361][  0]LogTemp: Display: Loaded TP AndroidTargetPlatform
[2018.12.07-04.54.21:363][  0]LogTemp: Display: Loaded TP HTML5TargetPlatform
[2018.12.07-04.54.21:401][  0]LogTemp: Display: Loaded TP IOSTargetPlatform
[2018.12.07-04.54.21:412][  0]LogTemp: Display: Loaded TP TVOSTargetPlatform
[2018.12.07-04.54.21:424][  0]LogTemp: Display: Loaded TP LinuxClientTargetPlatform
[2018.12.07-04.54.21:438][  0]LogTemp: Display: Loaded TP LinuxNoEditorTargetPlatform
[2018.12.07-04.54.21:450][  0]LogTemp: Display: Loaded TP LinuxServerTargetPlatform
[2018.12.07-04.54.21:462][  0]LogTemp: Display: Loaded TP LinuxTargetPlatform
[2018.12.07-04.54.21:462][  0]LogTargetPlatformManager: Display: Building Assets For Windows
[2018.12.07-04.54.21:618][  0]LogXGEController: Cleaning working directory: C:/Users/samde/AppData/Local/Temp/UnrealXGEWorkingDir/
[2018.12.07-04.54.21:618][  0]LogXGEController: Cannot use XGE Controller as Incredibuild is not installed on this machine.
[2018.12.07-04.54.21:618][  0]LogShaderCompilers: Cannot use XGE Shader Compiler as Incredibuild is not installed on this machine.
[2018.12.07-04.54.21:618][  0]LogShaderCompilers: Display: Using Local Shader Compiler.
[2018.12.07-04.54.22:322][  0]LogDerivedDataCache: Display: Max Cache Size: 512 MB
[2018.12.07-04.54.22:401][  0]LogDerivedDataCache: Loaded boot cache 0.08s 78MB C:/Users/samde/AppData/Local/UnrealEngine/4.19/DerivedDataCache/Boot.ddc.
[2018.12.07-04.54.22:401][  0]LogDerivedDataCache: Display: Loaded Boot cache: C:/Users/samde/AppData/Local/UnrealEngine/4.19/DerivedDataCache/Boot.ddc
[2018.12.07-04.54.22:401][  0]LogDerivedDataCache: FDerivedDataBackendGraph:  Pak pak cache file D:/Corporate America/CorporateAmerica/Corporate_America/DerivedDataCache/DDC.ddp not found, will not use a pak cache.
[2018.12.07-04.54.22:401][  0]LogDerivedDataCache: Unable to find inner node Pak for hierarchical cache Hierarchy.
[2018.12.07-04.54.22:401][  0]LogDerivedDataCache: FDerivedDataBackendGraph:  CompressedPak pak cache file D:/Corporate America/CorporateAmerica/Corporate_America/DerivedDataCache/Compressed.ddp not found, will not use a pak cache.
[2018.12.07-04.54.22:401][  0]LogDerivedDataCache: Unable to find inner node CompressedPak for hierarchical cache Hierarchy.
[2018.12.07-04.54.22:417][  0]LogDerivedDataCache: Display: Pak cache opened for reading ../../../Engine/DerivedDataCache/Compressed.ddp.
[2018.12.07-04.54.22:429][  0]LogDerivedDataCache: Using Local data cache path C:/Users/samde/AppData/Local/UnrealEngine/Common/DerivedDataCache: Writable
[2018.12.07-04.54.22:429][  0]LogDerivedDataCache: Shared data cache path not found in *engine.ini, will not use an Shared cache.
[2018.12.07-04.54.22:429][  0]LogDerivedDataCache: Unable to find inner node Shared for hierarchical cache Hierarchy.
[2018.12.07-04.54.22:440][  0]LogMaterial: Verifying Global Shaders for PCD3D_SM5
[2018.12.07-04.54.22:441][  0]LogSlate: Using Freetype 2.6.0
[2018.12.07-04.54.22:441][  0]LogSlate: SlateFontCache - WITH_FREETYPE: 1, WITH_HARFBUZZ: 1
[2018.12.07-04.54.22:441][  0]LogSlate: SlateFontCache - WITH_FREETYPE: 1, WITH_HARFBUZZ: 1
[2018.12.07-04.54.22:581][  0]LogAssetRegistry: FAssetRegistry took 0.0265 seconds to start up
[2018.12.07-04.54.22:889][  0]LogInit: Selected Device Profile: [Windows]
[2018.12.07-04.54.23:047][  0]LogSimplygon: Simplygon DLL not present - disabling.
[2018.12.07-04.54.23:050][  0]LogMeshReduction: Using SimplygonSwarm for distributed automatic mesh merging
[2018.12.07-04.54.23:050][  0]LogMeshReduction: Using QuadricMeshReduction for automatic static mesh reduction
[2018.12.07-04.54.23:050][  0]LogMeshReduction: No automatic skeletal mesh reduction module available
[2018.12.07-04.54.23:050][  0]LogMeshReduction: No automatic mesh merging module available
[2018.12.07-04.54.23:050][  0]LogMeshMerging: No automatic mesh merging module available
[2018.12.07-04.54.23:088][  0]LogNetVersion: Corporate_America , NetCL: 3944462, EngineNetVer: 2, GameNetVer: 0 (Checksum: 3226822143)
[2018.12.07-04.54.23:613][  0]LogPackageLocalizationCache: Processed 9 localized package path(s) for 2 prioritized culture(s) in 0.093343 seconds
[2018.12.07-04.54.23:618][  0]LogUObjectArray: 36728 objects as part of root set at end of initial load.
[2018.12.07-04.54.23:618][  0]LogUObjectAllocator: 7314304 out of 0 bytes used by permanent object pool.
[2018.12.07-04.54.23:618][  0]LogUObjectArray: CloseDisregardForGC: 0/0 objects in disregard for GC pool
[2018.12.07-04.54.25:560][  0]LogTcpMessaging: Initializing TcpMessaging bridge
[2018.12.07-04.54.25:595][  0]LogUdpMessaging: Initializing bridge on interface 0.0.0.0:0 to multicast group 230.0.0.1:6666.
[2018.12.07-04.54.25:954][  0]LogUObjectGlobals: Created PersistentFrame Addr=0x0000021927a6e6b0, Size=72, Default__FirstPerson_AnimBP_C Function /Game/FirstPerson/Animations/FirstPerson_AnimBP.FirstPerson_AnimBP_C:ExecuteUbergraph_FirstPerson_AnimBP
[2018.12.07-04.54.25:962][  0]LogUObjectGlobals: Destroyed PersistentFrame Addr=0x0000021927a6e6b0, Size=72
[2018.12.07-04.54.25:962][  0]LogUObjectGlobals: Created PersistentFrame Addr=0x000002192764b6f0, Size=72, Default__FirstPerson_AnimBP_C Function /Engine/Transient.REINST_FirstPerson_AnimBP_C_0:ExecuteUbergraph_FirstPerson_AnimBP
[2018.12.07-04.54.25:971][  0]LogUObjectGlobals: Created PersistentFrame Addr=0x00000219275fd850, Size=72, Default__FirstPerson_AnimBP_C Function /Game/FirstPerson/Animations/FirstPerson_AnimBP.FirstPerson_AnimBP_C:ExecuteUbergraph_FirstPerson_AnimBP
[2018.12.07-04.54.25:993][  0]LogUObjectGlobals: Created PersistentFrame Addr=0x00000219275d2880, Size=64, Default__ThirdPerson_AnimBP_C Function /Game/Mannequin/Animations/ThirdPerson_AnimBP.ThirdPerson_AnimBP_C:ExecuteUbergraph_ThirdPerson_AnimBP
[2018.12.07-04.54.26:003][  0]LogUObjectGlobals: Destroyed PersistentFrame Addr=0x00000219275d2880, Size=64
[2018.12.07-04.54.26:003][  0]LogUObjectGlobals: Created PersistentFrame Addr=0x00000219275d2880, Size=64, Default__ThirdPerson_AnimBP_C Function /Engine/Transient.REINST_ThirdPerson_AnimBP_C_1:ExecuteUbergraph_ThirdPerson_AnimBP
[2018.12.07-04.54.26:011][  0]LogUObjectGlobals: Created PersistentFrame Addr=0x00000219281c44f0, Size=72, Default__ThirdPerson_AnimBP_C Function /Game/Mannequin/Animations/ThirdPerson_AnimBP.ThirdPerson_AnimBP_C:ExecuteUbergraph_ThirdPerson_AnimBP
[2018.12.07-04.54.26:073][  0]LogUObjectGlobals: Created PersistentFrame Addr=0x0000021928651a60, Size=200, Default__BP_Employee_C Function /Game/Employee/Character/BP_Employee.BP_Employee_C:ExecuteUbergraph_BP_Employee
[2018.12.07-04.54.26:077][  0]LogUObjectGlobals: Destroyed PersistentFrame Addr=0x0000021928651a60, Size=200
[2018.12.07-04.54.26:077][  0]LogUObjectGlobals: Created PersistentFrame Addr=0x0000021928650b80, Size=200, Default__BP_Employee_C Function /Engine/Transient.REINST_BP_Employee_C_5:ExecuteUbergraph_BP_Employee
[2018.12.07-04.54.26:081][  0]LogUObjectGlobals: Created PersistentFrame Addr=0x000002192923b4a0, Size=200, Default__BP_Employee_C Function /Game/Employee/Character/BP_Employee.BP_Employee_C:ExecuteUbergraph_BP_Employee
[2018.12.07-04.54.26:145][  0]LogSkeletalMesh: Skeletal Mesh found in DDC [1.133034ms] /Game/FirstPerson/Character/Mesh/SK_Mannequin_Arms.SK_Mannequin_Arms
[2018.12.07-04.54.26:163][  0]LogSkeletalMesh: Skeletal Mesh found in DDC [3.500482ms] /Game/Mannequin/Character/Mesh/SK_Mannequin.SK_Mannequin
[2018.12.07-04.54.26:353][  0]SourceControl: Source control is disabled
[2018.12.07-04.54.26:353][  0]SourceControl: Source control is disabled
[2018.12.07-04.54.26:379][  0]SourceControl: Source control is disabled
[2018.12.07-04.54.26:402][  0]SourceControl: Source control is disabled
[2018.12.07-04.54.27:008][  0]LogOnline: Display: STEAM: Loading Steam SDK 1.39
[2018.12.07-04.54.27:034][  0]LogAndroidPermission: UAndroidPermissionCallbackProxy::GetInstance
[2018.12.07-04.54.27:211][  0]LogOcInput: OculusInput pre-init called
[2018.12.07-04.54.27:351][  0]LogEngine: Initializing Engine...
[2018.12.07-04.54.27:352][  0]LogHMD: Failed to initialize OpenVR with code 110
[2018.12.07-04.54.27:353][  0]LogStats: UGameplayTagsManager::ConstructGameplayTagTree: Construct from data asset -  0.000 s
[2018.12.07-04.54.27:353][  0]LogStats: UGameplayTagsManager::ConstructGameplayTagTree: GameplayTagTreeChangedEvent.Broadcast -  0.000 s
[2018.12.07-04.54.27:694][  0]LogAIModule: Creating AISystem for world Untitled
[2018.12.07-04.54.27:701][  0]LogInit: XAudio2 using 'Speakers / Headphones (Realtek Audio)' : 2 channels at 48 kHz using 32 bits per sample (channel mask 0x3)
[2018.12.07-04.54.27:791][  0]LogInit: FAudioDevice initialized.
[2018.12.07-04.54.27:896][  0]LogDerivedDataCache: Saved boot cache 0.11s 78MB C:/Users/samde/AppData/Local/UnrealEngine/4.19/DerivedDataCache/Boot.ddc.
[2018.12.07-04.54.27:918][  0]LogInit: Texture streaming: Enabled
[2018.12.07-04.54.27:940][  0]LogEngineSessionManager: EngineSessionManager initialized
[2018.12.07-04.54.27:940][  0]LogEngineSessionManager: EngineSessionManager sent abnormal shutdown report. Type=Crashed, SessionId={0625D299-44B7-2E96-DD17-2796C966FDD9}
[2018.12.07-04.54.27:959][  0]LogInit: Transaction tracking system initialized
[2018.12.07-04.54.27:992][  0]BlueprintLog: New page: Editor Load
[2018.12.07-04.54.28:137][  0]LocalizationService: Localization service is disabled
[2018.12.07-04.54.28:234][  0]LogLinker: Warning: Can't find file '/Game/VehicleCPP/VehicleOverview'
[2018.12.07-04.54.28:234][  0]LogLinker: Warning: Can't find file '/Game/VehicleCPP/VehicleOverview'
[2018.12.07-04.54.28:234][  0]LogUObjectGlobals: Warning: Failed to find object 'Class /Game/VehicleCPP/VehicleOverview.VehicleOverview_C'
[2018.12.07-04.54.28:261][  0]LogConsoleResponse: Display: 
[2018.12.07-04.54.28:434][  0]LogCook: Display: Max memory allowance for cook 16384mb min free memory 0mb
[2018.12.07-04.54.28:434][  0]LogCook: Display: Mobile HDR setting 1
[2018.12.07-04.54.28:434][  0]LogGameplayTags: Display: UGameplayTagsManager::DoneAddingNativeTags. DelegateIsBound: 0
[2018.12.07-04.54.28:434][  0]LogStats: UGameplayTagsManager::ConstructGameplayTagTree: Construct from data asset -  0.000 s
[2018.12.07-04.54.28:434][  0]LogStats: UGameplayTagsManager::ConstructGameplayTagTree: GameplayTagTreeChangedEvent.Broadcast -  0.000 s
[2018.12.07-04.54.28:862][  0]LogFileCache: Scanning file cache for directory 'D:/Corporate America/CorporateAmerica/Corporate_America/Content/' took 0.02s
[2018.12.07-04.54.28:950][  0]SourceControl: Source control is disabled
[2018.12.07-04.54.28:951][  0]Cmd: MAP LOAD FILE="D:/Corporate America/CorporateAmerica/Corporate_America/Content/Levels/Test_Level00.umap" TEMPLATE=0 SHOWPROGRESS=1 FEATURELEVEL=3
[2018.12.07-04.54.28:951][  0]LightingResults: New page: Lighting Build
[2018.12.07-04.54.28:955][  0]MapCheck: New page: Map Check
[2018.12.07-04.54.28:955][  0]LightingResults: New page: Lighting Build
[2018.12.07-04.54.28:967][  0]LogUObjectGlobals: Destroyed PersistentFrame Addr=0x000002192764b6f0, Size=72
[2018.12.07-04.54.28:967][  0]LogUObjectGlobals: Destroyed PersistentFrame Addr=0x00000219275d2880, Size=64
[2018.12.07-04.54.28:967][  0]LogUObjectGlobals: Destroyed PersistentFrame Addr=0x0000021928650b80, Size=200
[2018.12.07-04.54.29:107][  0]LogAIModule: Creating AISystem for world Test_Level00
[2018.12.07-04.54.29:117][  0]LogEditorServer: Finished looking for orphan Actors (0.000 secs)
[2018.12.07-04.54.29:131][  0]Cmd: MAP CHECKDEP NOCLEARLOG
[2018.12.07-04.54.29:202][  0]MapCheck: Map check complete: 0 Error(s), 0 Warning(s), took 70.215ms to complete.
[2018.12.07-04.54.29:202][  0]LogFileHelpers: Loading map 'Test_Level00' took 0.251
[2018.12.07-04.54.29:334][  0]LogCollectionManager: Loaded 0 collections in 0.002513 seconds
[2018.12.07-04.54.29:377][  0]LogFileCache: Scanning file cache for directory 'D:/Corporate America/CorporateAmerica/Corporate_America/Saved/Collections/' took 0.01s
[2018.12.07-04.54.29:377][  0]LogFileCache: Scanning file cache for directory 'D:/Corporate America/CorporateAmerica/Corporate_America/Content/Developers/samde/Collections/' took 0.01s
[2018.12.07-04.54.29:377][  0]LogFileCache: Scanning file cache for directory 'D:/Corporate America/CorporateAmerica/Corporate_America/Content/Collections/' took 0.01s
[2018.12.07-04.54.29:377][  0]LogCollectionManager: Rebuilt the GUID cache for 0 collections in 0.000000 seconds
[2018.12.07-04.54.29:394][  0]LogContentBrowser: Native class hierarchy populated in 0.0170 seconds. Added 2463 classes and 566 folders.
[2018.12.07-04.54.29:412][  0]LogContentBrowser: Native class hierarchy updated for 'WidgetCarousel' in 0.0014 seconds. Added 0 classes and 0 folders.
[2018.12.07-04.54.29:477][  0]LogContentBrowser: Native class hierarchy updated for 'AddContentDialog' in 0.0013 seconds. Added 0 classes and 0 folders.
[2018.12.07-04.54.29:532][  0]LogSlate: Took 0.000268 seconds to synchronously load lazily loaded font '../../../Engine/Content/Slate/Fonts/Roboto-Regular.ttf' (155K)
[2018.12.07-04.54.29:538][  0]LogSlate: Took 0.000328 seconds to synchronously load lazily loaded font '../../../Engine/Content/Editor/Slate/Fonts/FontAwesome.ttf' (139K)
[2018.12.07-04.54.29:539][  0]LogSlate: Took 0.000207 seconds to synchronously load lazily loaded font '../../../Engine/Content/Slate/Fonts/Roboto-Bold.ttf' (160K)
[2018.12.07-04.54.29:545][  0]LogSlate: Took 0.000462 seconds to synchronously load lazily loaded font '../../../Engine/Content/Slate/Fonts/DroidSansMono.ttf' (77K)
[2018.12.07-04.54.29:690][  0]LogRenderer: Reallocating scene render targets to support 1216x428 Format 10 NumSamples 1 (Frame:1).
[2018.12.07-04.54.29:894][  0]LogContentBrowser: Native class hierarchy updated for 'HierarchicalLODOutliner' in 0.0011 seconds. Added 0 classes and 0 folders.
[2018.12.07-04.54.29:894][  0]LogLoad: (Engine Initialization) Total time: 14.17 seconds
[2018.12.07-04.54.29:895][  0]LogLoad: (Engine Initialization) Total Blueprint compile time: 0.00 seconds
[2018.12.07-04.54.29:913][  0]LogWindowsTextInputMethodSystem: Display: IME system now deactivated.
[2018.12.07-04.54.29:932][  0]LogContentStreaming: Texture pool size now 3000 MB
[2018.12.07-04.54.29:938][  0]LogSlate: Took 0.000226 seconds to synchronously load lazily loaded font '../../../Engine/Content/Slate/Fonts/Roboto-Light.ttf' (167K)
[2018.12.07-04.54.29:972][  1]LogAssetRegistry: Asset discovery search completed in 7.4133 seconds
[2018.12.07-04.54.29:973][  1]LogCollectionManager: Rebuilt the object cache for 0 collections in 0.000000 seconds (found 0 objects)
[2018.12.07-04.54.29:974][  1]LogCollectionManager: Fixed up redirectors for 0 collections in 0.000242 seconds (updated 0 objects)
[2018.12.07-04.54.38:932][531]LogSlate: FSceneViewport::OnFocusLost() reason 0
[2018.12.07-04.54.41:658][693]LogSlate: Took 0.000259 seconds to synchronously load lazily loaded font '../../../Engine/Content/Slate/Fonts/Roboto-Light.ttf' (167K)
[2018.12.07-04.54.41:978][693]LogContentBrowser: Native class hierarchy updated for 'BlueprintGraph' in 0.0018 seconds. Added 116 classes and 0 folders.
[2018.12.07-04.54.42:271][693]LogUObjectGlobals: Created PersistentFrame Addr=0x000002195998c7c8, Size=4, Default__SKEL_PROTO_BP_AnimBlueprint_0_C Function /Engine/Transient.SKEL_PROTO_BP_AnimBlueprint_0_C:ExecuteUbergraph_PROTO_BP_AnimBlueprint_0
[2018.12.07-04.54.42:272][693]LogUObjectGlobals: Created PersistentFrame Addr=0x000002195998c7c0, Size=4, Default__PROTO_BP_AnimBlueprint_0_C Function /Engine/Transient.PROTO_BP_AnimBlueprint_0_C:ExecuteUbergraph_PROTO_BP_AnimBlueprint_0
[2018.12.07-04.54.43:942][754]BlueprintLog: New page: Compile ThirdPersonCharacter
[2018.12.07-04.54.45:314][808]LogSlate: Window 'ThirdPersonCharacter' being destroyed
[2018.12.07-04.54.45:319][808]LogSlate: Window 'ThirdPersonCharacter' being destroyed
[2018.12.07-04.55.04:530][954]LogUObjectGlobals: Created PersistentFrame Addr=0x0000021946c37d00, Size=184, Default__CharacterTest_C Function /Game/FirstPersonCPP/Blueprints/CharacterTest.CharacterTest_C:ExecuteUbergraph_CharacterTest
[2018.12.07-04.55.04:535][954]LogUObjectGlobals: Destroyed PersistentFrame Addr=0x0000021946c37d00, Size=184
[2018.12.07-04.55.04:536][954]LogUObjectGlobals: Created PersistentFrame Addr=0x0000021946c37d00, Size=184, Default__CharacterTest_C Function /Engine/Transient.REINST_CharacterTest_C_25:ExecuteUbergraph_CharacterTest
[2018.12.07-04.55.04:539][954]LogUObjectGlobals: Created PersistentFrame Addr=0x000002199e56e800, Size=184, Default__CharacterTest_C Function /Game/FirstPersonCPP/Blueprints/CharacterTest.CharacterTest_C:ExecuteUbergraph_CharacterTest
[2018.12.07-04.55.04:861][954]LogSlate: Took 0.000192 seconds to synchronously load lazily loaded font '../../../Engine/Content/Slate/Fonts/Roboto-BoldCondensed.ttf' (158K)
[2018.12.07-04.55.04:992][955]LogSlate: Took 0.000246 seconds to synchronously load lazily loaded font '../../../Engine/Content/Slate/Fonts/Roboto-Italic.ttf' (157K)
[2018.12.07-04.55.06:480][ 41]BlueprintLog: New page: Compile CharacterTest
[2018.12.07-04.55.06:493][ 41]LogUObjectGlobals: Destroyed PersistentFrame Addr=0x000002199e56e800, Size=184
[2018.12.07-04.55.06:493][ 41]LogUObjectGlobals: Created PersistentFrame Addr=0x000002199e7847c0, Size=184, CharacterTest_C_2 Function /Engine/Transient.REINST_CharacterTest_C_29:ExecuteUbergraph_CharacterTest
[2018.12.07-04.55.06:496][ 41]LogUObjectGlobals: Created PersistentFrame Addr=0x000002195c036bc0, Size=184, Default__CharacterTest_C Function /Game/FirstPersonCPP/Blueprints/CharacterTest.CharacterTest_C:ExecuteUbergraph_CharacterTest
[2018.12.07-04.55.06:766][ 41]LogUObjectGlobals: Destroyed PersistentFrame Addr=0x0000021946c37d00, Size=184
[2018.12.07-04.55.08:593][136]LogSavePackage: Save=41.72ms
[2018.12.07-04.55.08:594][136]LogSavePackage: Moving 'D:/Corporate America/CorporateAmerica/Corporate_America/Saved/CharacterTest1F3C23DC4D17E7F1FD3E8C8BB294FBFB.tmp' to 'D:/Corporate America/CorporateAmerica/Corporate_America/Content/FirstPersonCPP/Blueprints/CharacterTest.uasset'
[2018.12.07-04.55.08:596][136]LogSavePackage: Display: Finished SavePackage D:/Corporate America/CorporateAmerica/Corporate_America/Content/FirstPersonCPP/Blueprints/CharacterTest.uasset
[2018.12.07-04.55.11:674][313]LogSlate: Window 'CharacterTest' being destroyed
[2018.12.07-04.55.11:680][313]LogSlate: Window 'CharacterTest' being destroyed
[2018.12.07-04.55.13:006][388]LogUObjectGlobals: Created PersistentFrame Addr=0x000002195b665738, Size=8, Default__TEST_C Function /Game/FirstPersonCPP/Blueprints/TEST.TEST_C:ExecuteUbergraph_TEST
[2018.12.07-04.55.13:009][388]LogUObjectGlobals: Destroyed PersistentFrame Addr=0x000002195b665738, Size=8
[2018.12.07-04.55.13:009][388]LogUObjectGlobals: Created PersistentFrame Addr=0x000002195b665738, Size=8, Default__TEST_C Function /Engine/Transient.REINST_TEST_C_31:ExecuteUbergraph_TEST
[2018.12.07-04.55.13:010][388]LogUObjectGlobals: Created PersistentFrame Addr=0x000002195b6652e8, Size=8, Default__TEST_C Function /Game/FirstPersonCPP/Blueprints/TEST.TEST_C:ExecuteUbergraph_TEST
[2018.12.07-04.55.13:299][388]PIE: Warning: Constraint in '/Engine/Transient.World_7:PersistentLevel.TEST_C_0.PhysicsConstraint' attempting to create a joint between objects that are both static.  No joint created.
[2018.12.07-04.55.17:368][628]LogSlate: Window 'TEST' being destroyed
[2018.12.07-04.55.17:371][628]LogSlate: Window 'TEST' being destroyed
[2018.12.07-04.55.30:620][388]BlueprintLog: New page: Compile BP_Employee
[2018.12.07-04.55.30:632][388]LogUObjectGlobals: Destroyed PersistentFrame Addr=0x000002192923b4a0, Size=200
[2018.12.07-04.55.30:633][388]LogUObjectGlobals: Created PersistentFrame Addr=0x00000219a55fcc60, Size=200, Default__BP_Employee_C Function /Engine/Transient.REINST_BP_Employee_C_35:ExecuteUbergraph_BP_Employee
[2018.12.07-04.55.30:636][388]LogUObjectGlobals: Created PersistentFrame Addr=0x000002199bb7a080, Size=200, Default__BP_Employee_C Function /Game/Employee/Character/BP_Employee.BP_Employee_C:ExecuteUbergraph_BP_Employee
[2018.12.07-04.55.30:927][388]LogUObjectGlobals: Destroyed PersistentFrame Addr=0x000002199e7847c0, Size=184
[2018.12.07-04.55.30:929][388]LogUObjectGlobals: Destroyed PersistentFrame Addr=0x000002195b665738, Size=8
[2018.12.07-04.55.34:411][585]LogRenderer: Reallocating scene render targets to support 1216x508 Format 10 NumSamples 1 (Frame:1).
[2018.12.07-04.55.43:769][ 60]LogSlate: Window 'Reparent Blueprint' being destroyed
[2018.12.07-04.55.43:775][ 60]LogBlueprint: Warning: Reparenting blueprint Blueprint /Game/Employee/Character/BP_Employee.BP_Employee from Corporate_AmericaCharacter to Employee...
[2018.12.07-04.55.43:785][ 60]LogUObjectGlobals: Created PersistentFrame Addr=0x000002195b84d630, Size=4, Default__SKEL_BP_Employee_C Function /Game/Employee/Character/BP_Employee.SKEL_BP_Employee_C:ExecuteUbergraph_BP_Employee
[2018.12.07-04.55.43:794][ 60]BlueprintLog: New page: Compile BP_Employee
[2018.12.07-04.55.43:802][ 60]LogUObjectGlobals: Destroyed PersistentFrame Addr=0x000002195b84d630, Size=4
[2018.12.07-04.55.43:803][ 60]LogUObjectGlobals: Created PersistentFrame Addr=0x000002195b84d630, Size=4, Default__SKEL_BP_Employee_C Function /Engine/Transient.REINST_SKEL_BP_Employee_C_39:ExecuteUbergraph_BP_Employee
[2018.12.07-04.55.43:811][ 60]LogUObjectGlobals: Destroyed PersistentFrame Addr=0x000002199bb7a080, Size=200
[2018.12.07-04.55.43:811][ 60]LogUObjectGlobals: Created PersistentFrame Addr=0x00000219a55fdec0, Size=200, BP_Employee_C_3 Function /Engine/Transient.REINST_BP_Employee_C_41:ExecuteUbergraph_BP_Employee
[2018.12.07-04.55.43:817][ 60]LogUObjectGlobals: Created PersistentFrame Addr=0x00000219a55ff040, Size=200, Default__BP_Employee_C Function /Game/Employee/Character/BP_Employee.BP_Employee_C:ExecuteUbergraph_BP_Employee
[2018.12.07-04.55.44:063][ 60]LogUObjectGlobals: Destroyed PersistentFrame Addr=0x000002195b84d630, Size=4
[2018.12.07-04.55.44:995][112]BlueprintLog: New page: Compile BP_Employee
[2018.12.07-04.55.45:008][112]LogUObjectGlobals: Destroyed PersistentFrame Addr=0x00000219a55ff040, Size=200
[2018.12.07-04.55.45:008][112]LogUObjectGlobals: Created PersistentFrame Addr=0x00000219b6689de0, Size=200, BP_Employee_C_5 Function /Engine/Transient.REINST_BP_Employee_C_45:ExecuteUbergraph_BP_Employee
[2018.12.07-04.55.45:011][112]LogUObjectGlobals: Created PersistentFrame Addr=0x00000219a55feb00, Size=200, Default__BP_Employee_C Function /Game/Employee/Character/BP_Employee.BP_Employee_C:ExecuteUbergraph_BP_Employee
[2018.12.07-04.55.45:250][112]LogUObjectGlobals: Destroyed PersistentFrame Addr=0x00000219a55fdec0, Size=200
[2018.12.07-04.55.45:746][138]Cmd: OBJ SAVEPACKAGE PACKAGE="/Game/Employee/Character/BP_Employee" FILE="D:/Corporate America/CorporateAmerica/Corporate_America/Content/Employee/Character/BP_Employee.uasset" SILENT=true
[2018.12.07-04.55.45:795][138]LogSavePackage: Save=37.74ms
[2018.12.07-04.55.45:795][138]LogSavePackage: Moving 'D:/Corporate America/CorporateAmerica/Corporate_America/Saved/BP_Employee50A2EAD949B397DAE1565792278F566A.tmp' to 'D:/Corporate America/CorporateAmerica/Corporate_America/Content/Employee/Character/BP_Employee.uasset'
[2018.12.07-04.55.45:802][138]LogSavePackage: Display: Finished SavePackage D:/Corporate America/CorporateAmerica/Corporate_America/Content/Employee/Character/BP_Employee.uasset
[2018.12.07-04.55.48:227][283]LogSlate: Window 'BP_Employee' being destroyed
[2018.12.07-04.55.48:231][283]LogSlate: Window 'BP_Employee' being destroyed
[2018.12.07-04.55.51:212][458]LogTemp: Repeating last play command: Selected Viewport
[2018.12.07-04.55.51:243][458]LogPlayLevel: PlayLevel: No blueprints needed recompiling
[2018.12.07-04.55.51:244][458]LogOnline: Display: OSS: FOnlineSubsystemNull::Shutdown()
[2018.12.07-04.55.51:244][458]LogOnline: Display: OSS: FOnlineAsyncTaskManager::Stop() ActiveTask:0000000000000000 Tasks[0/0]
[2018.12.07-04.55.51:257][458]LogOnline: Display: OSS: FOnlineAsyncTaskManager::Exit() started
[2018.12.07-04.55.51:257][458]LogOnline: Display: OSS: FOnlineAsyncTaskManager::Exit() finished
[2018.12.07-04.55.51:258][458]PIE: New page: PIE session: Test_Level00 (Dec 6, 2018, 6:55:51 PM)
[2018.12.07-04.55.51:258][458]LogPlayLevel: Creating play world package: /Game/Levels/UEDPIE_0_Test_Level00
[2018.12.07-04.55.51:261][458]LogPlayLevel: PIE: StaticDuplicateObject took: (0.002692s)
[2018.12.07-04.55.51:261][458]LogAIModule: Creating AISystem for world Test_Level00
[2018.12.07-04.55.51:262][458]LogPlayLevel: PIE: World Init took: (0.000941s)
[2018.12.07-04.55.51:262][458]LogPlayLevel: PIE: Created PIE world by copying editor world from /Game/Levels/Test_Level00.Test_Level00 to /Game/Levels/UEDPIE_0_Test_Level00.Test_Level00 (0.004351s)
[2018.12.07-04.55.51:286][458]LogUObjectGlobals: Destroyed PersistentFrame Addr=0x00000219a55fcc60, Size=200
[2018.12.07-04.55.51:287][458]LogUObjectGlobals: Destroyed PersistentFrame Addr=0x00000219b6689de0, Size=200
[2018.12.07-04.55.51:292][458]LogInit: XAudio2 using 'Speakers / Headphones (Realtek Audio)' : 2 channels at 48 kHz using 32 bits per sample (channel mask 0x3)
[2018.12.07-04.55.51:372][458]LogInit: FAudioDevice initialized.
[2018.12.07-04.55.51:420][458]LogLoad: Game class is 'Corporate_AmericaGameMode'
[2018.12.07-04.55.51:422][458]LogWorld: Bringing World /Game/Levels/UEDPIE_0_Test_Level00.Test_Level00 up for play (max tick rate 60) at 2018.12.06-23.55.51
[2018.12.07-04.55.51:422][458]LogWorld: Bringing up level for play took: 0.001593
[2018.12.07-04.55.51:443][458]LogContentBrowser: Native class hierarchy updated for 'MovieSceneCapture' in 0.0013 seconds. Added 11 classes and 0 folders.
[2018.12.07-04.55.51:444][458]LogOutputDevice: Warning: 

Script Stack:
PlayerController.ClientRestart
GameModeBase.HandleStartingNewPlayer

[2018.12.07-04.55.51:445][458]LogWindows: Windows GetLastError: The operation completed successfully. (0)
[2018.12.07-04.55.52:366][458]LogWindows: Error: === Critical error: ===
[2018.12.07-04.55.52:366][458]LogWindows: Error: 
[2018.12.07-04.55.52:366][458]LogWindows: Error: Assertion failed: CharacterOwner->GetCapsuleComponent() [File:D:\Build\++UE4+Release-4.19+Compile\Sync\Engine\Source\Runtime\Engine\Private\Components\CharacterMovementComponent.cpp] [Line: 5862] 
[2018.12.07-04.55.52:366][458]LogWindows: Error: 
[2018.12.07-04.55.52:366][458]LogWindows: Error: 
[2018.12.07-04.55.52:366][458]LogWindows: Error: 
[2018.12.07-04.55.52:366][458]LogWindows: Error: [Callstack] 0x00000000F973A388 KERNELBASE.dll!UnknownFunction []
[2018.12.07-04.55.52:366][458]LogWindows: Error: [Callstack] 0x00000000D9317884 UE4Editor-ApplicationCore.dll!UnknownFunction []
[2018.12.07-04.55.52:366][458]LogWindows: Error: [Callstack] 0x00000000BDB96D9B UE4Editor-Core.dll!UnknownFunction []
[2018.12.07-04.55.52:366][458]LogWindows: Error: [Callstack] 0x00000000BDAD1949 UE4Editor-Core.dll!UnknownFunction []
[2018.12.07-04.55.52:366][458]LogWindows: Error: [Callstack] 0x00000000A33BF5F3 UE4Editor-Engine.dll!UnknownFunction []
[2018.12.07-04.55.52:366][458]LogWindows: Error: [Callstack] 0x00000000A33CA308 UE4Editor-Engine.dll!UnknownFunction []
[2018.12.07-04.55.52:366][458]LogWindows: Error: [Callstack] 0x00000000A33DA66F UE4Editor-Engine.dll!UnknownFunction []
[2018.12.07-04.55.52:366][458]LogWindows: Error: [Callstack] 0x00000000A33D998B UE4Editor-Engine.dll!UnknownFunction []
[2018.12.07-04.55.52:366][458]LogWindows: Error: [Callstack] 0x00000000A3C1EE96 UE4Editor-Engine.dll!UnknownFunction []
[2018.12.07-04.55.52:366][458]LogWindows: Error: [Callstack] 0x00000000A3CBB69B UE4Editor-Engine.dll!UnknownFunction []
[2018.12.07-04.55.52:366][458]LogWindows: Error: [Callstack] 0x00000000A2E9DC16 UE4Editor-Engine.dll!UnknownFunction []
[2018.12.07-04.55.52:366][458]LogWindows: Error: [Callstack] 0x00000000BEF2E094 UE4Editor-CoreUObject.dll!UnknownFunction []
[2018.12.07-04.55.52:366][458]LogWindows: Error: [Callstack] 0x00000000BF119D73 UE4Editor-CoreUObject.dll!UnknownFunction []
[2018.12.07-04.55.52:366][458]LogWindows: Error: [Callstack] 0x00000000A2F6CCFB UE4Editor-Engine.dll!UnknownFunction []
[2018.12.07-04.55.52:366][458]LogWindows: Error: [Callstack] 0x00000000A439AC49 UE4Editor-Engine.dll!UnknownFunction []
[2018.12.07-04.55.52:366][458]LogWindows: Error: [Callstack] 0x00000000A3CD877E UE4Editor-Engine.dll!UnknownFunction []
[2018.12.07-04.55.52:366][458]LogWindows: Error: [Callstack] 0x00000000A36A6350 UE4Editor-Engine.dll!UnknownFunction []
[2018.12.07-04.55.52:366][458]LogWindows: Error: [Callstack] 0x00000000A36CCB98 UE4Editor-Engine.dll!UnknownFunction []
[2018.12.07-04.55.52:366][458]LogWindows: Error: [Callstack] 0x00000000A36CC82E UE4Editor-Engine.dll!UnknownFunction []
[2018.12.07-04.55.52:366][458]LogWindows: Error: [Callstack] 0x00000000A36B38A0 UE4Editor-Engine.dll!UnknownFunction []
[2018.12.07-04.55.52:367][458]LogWindows: Error: [Callstack] 0x00000000A33A6AB6 UE4Editor-Engine.dll!UnknownFunction []
[2018.12.07-04.55.52:367][458]LogWindows: Error: [Callstack] 0x00000000BEF2E094 UE4Editor-CoreUObject.dll!UnknownFunction []
[2018.12.07-04.55.52:367][458]LogWindows: Error: [Callstack] 0x00000000BF119D73 UE4Editor-CoreUObject.dll!UnknownFunction []
[2018.12.07-04.55.52:367][458]LogWindows: Error: [Callstack] 0x00000000A2F6CCFB UE4Editor-Engine.dll!UnknownFunction []
[2018.12.07-04.55.52:367][458]LogWindows: Error: [Callstack] 0x00000000A42CE149 UE4Editor-Engine.dll!UnknownFunction []
[2018.12.07-04.55.52:367][458]LogWindows: Error: [Callstack] 0x00000000A38D4A97 UE4Editor-Engine.dll!UnknownFunction []
[2018.12.07-04.55.52:367][458]LogWindows: Error: [Callstack] 0x00000000A38D4354 UE4Editor-Engine.dll!UnknownFunction []
[2018.12.07-04.55.52:367][458]LogWindows: Error: [Callstack] 0x00000000A36D42FB UE4Editor-Engine.dll!UnknownFunction []
[2018.12.07-04.55.52:367][458]LogWindows: Error: [Callstack] 0x00000000981127E0 UE4Editor-UnrealEd.dll!UnknownFunction []
[2018.12.07-04.55.52:367][458]LogWindows: Error: [Callstack] 0x0000000098131246 UE4Editor-UnrealEd.dll!UnknownFunction []
[2018.12.07-04.55.52:367][458]LogWindows: Error: [Callstack] 0x000000009814BBEF UE4Editor-UnrealEd.dll!UnknownFunction []
[2018.12.07-04.55.52:367][458]LogWindows: Error: [Callstack] 0x0000000097BBC961 UE4Editor-UnrealEd.dll!UnknownFunction []
[2018.12.07-04.55.52:367][458]LogWindows: Error: [Callstack] 0x0000000098459626 UE4Editor-UnrealEd.dll!UnknownFunction []
[2018.12.07-04.55.52:367][458]LogWindows: Error: [Callstack] 0x00000000A8D95EAC UE4Editor.exe!UnknownFunction []
[2018.12.07-04.55.52:367][458]LogWindows: Error: [Callstack] 0x00000000A8DA6BD0 UE4Editor.exe!UnknownFunction []
[2018.12.07-04.55.52:367][458]LogWindows: Error: [Callstack] 0x00000000A8DA6C4A UE4Editor.exe!UnknownFunction []
[2018.12.07-04.55.52:367][458]LogWindows: Error: [Callstack] 0x00000000A8DB4177 UE4Editor.exe!UnknownFunction []
[2018.12.07-04.55.52:367][458]LogWindows: Error: [Callstack] 0x00000000A8DB5B87 UE4Editor.exe!UnknownFunction []
[2018.12.07-04.55.52:367][458]LogWindows: Error: [Callstack] 0x00000000FA753034 KERNEL32.DLL!UnknownFunction []
[2018.12.07-04.55.52:367][458]LogWindows: Error: [Callstack] 0x00000000FD321471 ntdll.dll!UnknownFunction []
[2018.12.07-04.55.52:367][458]LogWindows: Error: [Callstack] 0x00000000FD321471 ntdll.dll!UnknownFunction []
[2018.12.07-04.55.52:367][458]LogWindows: Error: 
[2018.12.07-04.55.52:378][458]LogExit: Executing StaticShutdownAfterError
[2018.12.07-04.55.52:382][458]LogWindows: FPlatformMisc::RequestExit(1)
[2018.12.07-04.55.52:382][458]Log file closed, 12/06/18 23:55:52
